
     Program PW2GW v.6.4.1 starts on  3May2021 at 18: 0:43 

     This program is part of the open-source Quantum ESPRESSO suite
     for quantum simulation of materials; please cite
         "P. Giannozzi et al., J. Phys.:Condens. Matter 21 395502 (2009);
         "P. Giannozzi et al., J. Phys.:Condens. Matter 29 465901 (2017);
          URL http://www.quantum-espresso.org", 
     in publications or presentations arising from this work. More details at
     http://www.quantum-espresso.org/quote

     Serial version

     Reading data from directory:
     ./tmp/Grafene.save/

     IMPORTANT: XC functional enforced from input :
     Exchange-correlation      = PZ ( 1  1  0  0 0 0)
     Any further DFT definition will be discarded
     Please, verify this is what you really want


     G-vector sticks info
     --------------------
     sticks:   dense  smooth     PW     G-vecs:    dense   smooth      PW
     Sum         241     241     85                26869    26869    5921


     negative rho (up, down):  1.167E-03 0.000E+00


 writing LDA info on unit io UNFORMATTED


 writing matrixelements on unit 98 FORMATTED
 qplda title
 pw2gw                                                                           
 test version                                                                    
    1    0    0    0    0    0    0    0    0    0    0    0    0    0    0    0
 Vettori di reticolo diretto
a1  0.465000009536743164E+01  0.000000000000000000E+00  0.000000000000000000E+00
a2 -0.232500004768371582E+01  0.402701807022094727E+01  0.000000000000000000E+00
a3  0.000000000000000000E+00  0.000000000000000000E+00  0.418499984741210938E+02
 nrot=          24
  0.100000000000000000E+01  0.000000000000000000E+00  0.000000000000000000E+00
  0.000000000000000000E+00  0.100000000000000000E+01  0.000000000000000000E+00
  0.000000000000000000E+00  0.000000000000000000E+00  0.100000000000000000E+01
 -0.100000000000000000E+01  0.000000000000000000E+00  0.000000000000000000E+00
  0.000000000000000000E+00 -0.100000000000000000E+01  0.000000000000000000E+00
  0.000000000000000000E+00  0.000000000000000000E+00  0.100000000000000000E+01
 -0.100000000000000000E+01  0.000000000000000000E+00  0.000000000000000000E+00
  0.100000000000000000E+01  0.100000000000000000E+01  0.000000000000000000E+00
  0.000000000000000000E+00  0.000000000000000000E+00 -0.100000000000000000E+01
  0.100000000000000000E+01  0.000000000000000000E+00  0.000000000000000000E+00
 -0.100000000000000000E+01 -0.100000000000000000E+01  0.000000000000000000E+00
  0.000000000000000000E+00  0.000000000000000000E+00 -0.100000000000000000E+01
  0.100000000000000000E+01  0.100000000000000000E+01  0.000000000000000000E+00
 -0.100000000000000000E+01  0.000000000000000000E+00  0.000000000000000000E+00
  0.000000000000000000E+00  0.000000000000000000E+00  0.100000000000000000E+01
  0.000000000000000000E+00 -0.100000000000000000E+01  0.000000000000000000E+00
  0.100000000000000000E+01  0.100000000000000000E+01  0.000000000000000000E+00
  0.000000000000000000E+00  0.000000000000000000E+00  0.100000000000000000E+01
  0.000000000000000000E+00  0.100000000000000000E+01  0.000000000000000000E+00
 -0.100000000000000000E+01 -0.100000000000000000E+01  0.000000000000000000E+00
  0.000000000000000000E+00  0.000000000000000000E+00  0.100000000000000000E+01
 -0.100000000000000000E+01 -0.100000000000000000E+01  0.000000000000000000E+00
  0.100000000000000000E+01  0.000000000000000000E+00  0.000000000000000000E+00
  0.000000000000000000E+00  0.000000000000000000E+00  0.100000000000000000E+01
  0.000000000000000000E+00 -0.100000000000000000E+01  0.000000000000000000E+00
 -0.100000000000000000E+01  0.000000000000000000E+00  0.000000000000000000E+00
  0.000000000000000000E+00  0.000000000000000000E+00 -0.100000000000000000E+01
  0.100000000000000000E+01  0.100000000000000000E+01  0.000000000000000000E+00
  0.000000000000000000E+00 -0.100000000000000000E+01  0.000000000000000000E+00
  0.000000000000000000E+00  0.000000000000000000E+00 -0.100000000000000000E+01
 -0.100000000000000000E+01 -0.100000000000000000E+01  0.000000000000000000E+00
  0.000000000000000000E+00  0.100000000000000000E+01  0.000000000000000000E+00
  0.000000000000000000E+00  0.000000000000000000E+00 -0.100000000000000000E+01
  0.000000000000000000E+00  0.100000000000000000E+01  0.000000000000000000E+00
  0.100000000000000000E+01  0.000000000000000000E+00  0.000000000000000000E+00
  0.000000000000000000E+00  0.000000000000000000E+00 -0.100000000000000000E+01
 -0.100000000000000000E+01  0.000000000000000000E+00  0.000000000000000000E+00
  0.000000000000000000E+00 -0.100000000000000000E+01  0.000000000000000000E+00
  0.000000000000000000E+00  0.000000000000000000E+00 -0.100000000000000000E+01
  0.100000000000000000E+01  0.000000000000000000E+00  0.000000000000000000E+00
  0.000000000000000000E+00  0.100000000000000000E+01  0.000000000000000000E+00
  0.000000000000000000E+00  0.000000000000000000E+00 -0.100000000000000000E+01
  0.100000000000000000E+01  0.000000000000000000E+00  0.000000000000000000E+00
 -0.100000000000000000E+01 -0.100000000000000000E+01  0.000000000000000000E+00
  0.000000000000000000E+00  0.000000000000000000E+00  0.100000000000000000E+01
 -0.100000000000000000E+01  0.000000000000000000E+00  0.000000000000000000E+00
  0.100000000000000000E+01  0.100000000000000000E+01  0.000000000000000000E+00
  0.000000000000000000E+00  0.000000000000000000E+00  0.100000000000000000E+01
 -0.100000000000000000E+01 -0.100000000000000000E+01  0.000000000000000000E+00
  0.100000000000000000E+01  0.000000000000000000E+00  0.000000000000000000E+00
  0.000000000000000000E+00  0.000000000000000000E+00 -0.100000000000000000E+01
  0.000000000000000000E+00  0.100000000000000000E+01  0.000000000000000000E+00
 -0.100000000000000000E+01 -0.100000000000000000E+01  0.000000000000000000E+00
  0.000000000000000000E+00  0.000000000000000000E+00 -0.100000000000000000E+01
  0.000000000000000000E+00 -0.100000000000000000E+01  0.000000000000000000E+00
  0.100000000000000000E+01  0.100000000000000000E+01  0.000000000000000000E+00
  0.000000000000000000E+00  0.000000000000000000E+00 -0.100000000000000000E+01
  0.100000000000000000E+01  0.100000000000000000E+01  0.000000000000000000E+00
 -0.100000000000000000E+01  0.000000000000000000E+00  0.000000000000000000E+00
  0.000000000000000000E+00  0.000000000000000000E+00 -0.100000000000000000E+01
  0.000000000000000000E+00  0.100000000000000000E+01  0.000000000000000000E+00
  0.100000000000000000E+01  0.000000000000000000E+00  0.000000000000000000E+00
  0.000000000000000000E+00  0.000000000000000000E+00  0.100000000000000000E+01
 -0.100000000000000000E+01 -0.100000000000000000E+01  0.000000000000000000E+00
  0.000000000000000000E+00  0.100000000000000000E+01  0.000000000000000000E+00
  0.000000000000000000E+00  0.000000000000000000E+00  0.100000000000000000E+01
  0.100000000000000000E+01  0.100000000000000000E+01  0.000000000000000000E+00
  0.000000000000000000E+00 -0.100000000000000000E+01  0.000000000000000000E+00
  0.000000000000000000E+00  0.000000000000000000E+00  0.100000000000000000E+01
  0.000000000000000000E+00 -0.100000000000000000E+01  0.000000000000000000E+00
 -0.100000000000000000E+01  0.000000000000000000E+00  0.000000000000000000E+00
  0.000000000000000000E+00  0.000000000000000000E+00  0.100000000000000000E+01
  nks          240
  k points in  cartesian coordinates
   0.016667  0.028868 -0.055556
   0.016667  0.067358 -0.055556
   0.016667  0.105848 -0.055556
   0.016667  0.144338 -0.055556
   0.016667  0.182828 -0.055556
   0.016667  0.221318 -0.055556
   0.016667  0.259808 -0.055556
   0.016667  0.298298 -0.055556
   0.016667  0.336788 -0.055556
   0.016667  0.375278 -0.055556
   0.016667  0.413768 -0.055556
   0.016667  0.452258 -0.055556
   0.016667  0.490748 -0.055556
   0.016667  0.529238 -0.055556
   0.016667  0.567728 -0.055556
   0.016667 -0.548483 -0.055556
   0.016667 -0.509993 -0.055556
   0.016667 -0.471503 -0.055556
   0.016667 -0.433013 -0.055556
   0.016667 -0.394523 -0.055556
   0.016667 -0.356033 -0.055556
   0.016667 -0.317543 -0.055556
   0.016667 -0.279053 -0.055556
   0.016667 -0.240563 -0.055556
   0.016667 -0.202073 -0.055556
   0.016667 -0.163583 -0.055556
   0.016667 -0.125093 -0.055556
   0.016667 -0.086603 -0.055556
   0.016667 -0.048113 -0.055556
   0.016667 -0.009623 -0.055556
   0.050000  0.086603 -0.055556
   0.050000  0.125093 -0.055556
   0.050000  0.163583 -0.055556
   0.050000  0.202073 -0.055556
   0.050000  0.240563 -0.055556
   0.050000  0.279053 -0.055556
   0.050000  0.317543 -0.055556
   0.050000  0.356033 -0.055556
   0.050000  0.394523 -0.055556
   0.050000  0.433013 -0.055556
   0.050000  0.471503 -0.055556
   0.050000  0.509993 -0.055556
   0.050000  0.548483 -0.055556
   0.050000  0.586973 -0.055556
   0.050000 -0.529238 -0.055556
   0.050000 -0.490748 -0.055556
   0.050000 -0.452258 -0.055556
   0.050000 -0.413768 -0.055556
   0.050000 -0.375278 -0.055556
   0.050000 -0.336788 -0.055556
   0.050000 -0.298298 -0.055556
   0.050000 -0.259808 -0.055556
   0.050000 -0.221318 -0.055556
   0.050000 -0.182828 -0.055556
   0.050000 -0.144338 -0.055556
   0.050000 -0.105848 -0.055556
   0.050000 -0.067358 -0.055556
   0.050000 -0.028868 -0.055556
   0.083333  0.144338 -0.055556
   0.083333  0.182828 -0.055556
   0.083333  0.221318 -0.055556
   0.083333  0.259808 -0.055556
   0.083333  0.298298 -0.055556
   0.083333  0.336788 -0.055556
   0.083333  0.375278 -0.055556
   0.083333  0.413768 -0.055556
   0.083333  0.452258 -0.055556
   0.083333  0.490748 -0.055556
   0.083333  0.529238 -0.055556
   0.083333  0.567728 -0.055556
   0.083333  0.606218 -0.055556
   0.083333 -0.509993 -0.055556
   0.083333 -0.471503 -0.055556
   0.083333 -0.433013 -0.055556
   0.083333 -0.394523 -0.055556
   0.083333 -0.356033 -0.055556
   0.083333 -0.317543 -0.055556
   0.083333 -0.279053 -0.055556
   0.083333 -0.240563 -0.055556
   0.083333 -0.202073 -0.055556
   0.083333 -0.163583 -0.055556
   0.083333 -0.125093 -0.055556
   0.083333 -0.086603 -0.055556
   0.083333 -0.048113 -0.055556
   0.116667  0.202073 -0.055556
   0.116667  0.240563 -0.055556
   0.116667  0.279053 -0.055556
   0.116667  0.317543 -0.055556
   0.116667  0.356033 -0.055556
   0.116667  0.394523 -0.055556
   0.116667  0.433013 -0.055556
   0.116667  0.471503 -0.055556
   0.116667  0.509993 -0.055556
   0.116667  0.548483 -0.055556
   0.116667  0.586973 -0.055556
   0.116667  0.625463 -0.055556
   0.116667 -0.490748 -0.055556
   0.116667 -0.452258 -0.055556
   0.116667 -0.413768 -0.055556
   0.116667 -0.375278 -0.055556
   0.116667 -0.336788 -0.055556
   0.116667 -0.298298 -0.055556
   0.116667 -0.259808 -0.055556
   0.116667 -0.221318 -0.055556
   0.116667 -0.182828 -0.055556
   0.116667 -0.144338 -0.055556
   0.116667 -0.105848 -0.055556
   0.116667 -0.067358 -0.055556
   0.150000  0.259808 -0.055556
   0.150000  0.298298 -0.055556
   0.150000  0.336788 -0.055556
   0.150000  0.375278 -0.055556
   0.150000  0.413768 -0.055556
   0.150000  0.452258 -0.055556
   0.150000  0.490748 -0.055556
   0.150000  0.529238 -0.055556
   0.150000  0.567728 -0.055556
   0.150000  0.606218 -0.055556
   0.150000  0.644708 -0.055556
   0.150000 -0.471503 -0.055556
   0.150000 -0.433013 -0.055556
   0.150000 -0.394523 -0.055556
   0.150000 -0.356033 -0.055556
   0.150000 -0.317543 -0.055556
   0.150000 -0.279053 -0.055556
   0.150000 -0.240563 -0.055556
   0.150000 -0.202073 -0.055556
   0.150000 -0.163583 -0.055556
   0.150000 -0.125093 -0.055556
   0.150000 -0.086603 -0.055556
   0.183333  0.317543 -0.055556
   0.183333  0.356033 -0.055556
   0.183333  0.394523 -0.055556
   0.183333  0.433013 -0.055556
   0.183333  0.471503 -0.055556
   0.183333  0.509993 -0.055556
   0.183333  0.548483 -0.055556
   0.183333  0.586973 -0.055556
   0.183333  0.625463 -0.055556
   0.183333  0.663953 -0.055556
   0.183333 -0.452258 -0.055556
   0.183333 -0.413768 -0.055556
   0.183333 -0.375278 -0.055556
   0.183333 -0.336788 -0.055556
   0.183333 -0.298298 -0.055556
   0.183333 -0.259808 -0.055556
   0.183333 -0.221318 -0.055556
   0.183333 -0.182828 -0.055556
   0.183333 -0.144338 -0.055556
   0.183333 -0.105848 -0.055556
   0.216667  0.375278 -0.055556
   0.216667  0.413768 -0.055556
   0.216667  0.452258 -0.055556
   0.216667  0.490748 -0.055556
   0.216667  0.529238 -0.055556
   0.216667  0.567728 -0.055556
   0.216667  0.606218 -0.055556
   0.216667  0.644708 -0.055556
   0.216667  0.683198 -0.055556
   0.216667 -0.433013 -0.055556
   0.216667 -0.394523 -0.055556
   0.216667 -0.356033 -0.055556
   0.216667 -0.317543 -0.055556
   0.216667 -0.279053 -0.055556
   0.216667 -0.240563 -0.055556
   0.216667 -0.202073 -0.055556
   0.216667 -0.163583 -0.055556
   0.216667 -0.125093 -0.055556
   0.250000  0.433013 -0.055556
   0.250000  0.471503 -0.055556
   0.250000  0.509993 -0.055556
   0.250000  0.548483 -0.055556
   0.250000  0.586973 -0.055556
   0.250000  0.625463 -0.055556
   0.250000  0.663953 -0.055556
   0.250000  0.702443 -0.055556
   0.250000 -0.413768 -0.055556
   0.250000 -0.375278 -0.055556
   0.250000 -0.336788 -0.055556
   0.250000 -0.298298 -0.055556
   0.250000 -0.259808 -0.055556
   0.250000 -0.221318 -0.055556
   0.250000 -0.182828 -0.055556
   0.250000 -0.144338 -0.055556
   0.283333  0.490748 -0.055556
   0.283333  0.529238 -0.055556
   0.283333  0.567728 -0.055556
   0.283333  0.606218 -0.055556
   0.283333  0.644708 -0.055556
   0.283333  0.683198 -0.055556
   0.283333  0.721688 -0.055556
   0.283333 -0.394523 -0.055556
   0.283333 -0.356033 -0.055556
   0.283333 -0.317543 -0.055556
   0.283333 -0.279053 -0.055556
   0.283333 -0.240563 -0.055556
   0.283333 -0.202073 -0.055556
   0.283333 -0.163583 -0.055556
   0.316667  0.548483 -0.055556
   0.316667  0.586973 -0.055556
   0.316667  0.625463 -0.055556
   0.316667  0.663953 -0.055556
   0.316667  0.702443 -0.055556
   0.316667  0.740933 -0.055556
   0.316667 -0.375278 -0.055556
   0.316667 -0.336788 -0.055556
   0.316667 -0.298298 -0.055556
   0.316667 -0.259808 -0.055556
   0.316667 -0.221318 -0.055556
   0.316667 -0.182828 -0.055556
   0.350000  0.606218 -0.055556
   0.350000  0.644708 -0.055556
   0.350000  0.683198 -0.055556
   0.350000  0.721688 -0.055556
   0.350000  0.760178 -0.055556
   0.350000 -0.356033 -0.055556
   0.350000 -0.317543 -0.055556
   0.350000 -0.279053 -0.055556
   0.350000 -0.240563 -0.055556
   0.350000 -0.202073 -0.055556
   0.383333  0.663953 -0.055556
   0.383333  0.702443 -0.055556
   0.383333  0.740933 -0.055556
   0.383333  0.779423 -0.055556
   0.383333 -0.336788 -0.055556
   0.383333 -0.298298 -0.055556
   0.383333 -0.259808 -0.055556
   0.383333 -0.221318 -0.055556
   0.416667  0.721688 -0.055556
   0.416667  0.760178 -0.055556
   0.416667  0.798668 -0.055556
   0.416667 -0.317543 -0.055556
   0.416667 -0.279053 -0.055556
   0.416667 -0.240563 -0.055556
   0.450000  0.779423 -0.055556
   0.450000  0.817913 -0.055556
   0.450000 -0.298298 -0.055556
   0.450000 -0.259808 -0.055556
   0.483333  0.837158 -0.055556
   0.483333 -0.279053 -0.055556
 NDIMCP =         5641
 fine debug sui punti g
   0.016667  0.016667 -0.500000
   0.016667  0.050000 -0.500000
   0.016667  0.083333 -0.500000
   0.016667  0.116667 -0.500000
   0.016667  0.150000 -0.500000
   0.016667  0.183333 -0.500000
   0.016667  0.216667 -0.500000
   0.016667  0.250000 -0.500000
   0.016667  0.283333 -0.500000
   0.016667  0.316667 -0.500000
   0.016667  0.350000 -0.500000
   0.016667  0.383333 -0.500000
   0.016667  0.416667 -0.500000
   0.016667  0.450000 -0.500000
   0.016667  0.483333 -0.500000
   0.016667 -0.483333 -0.500000
   0.016667 -0.450000 -0.500000
   0.016667 -0.416667 -0.500000
   0.016667 -0.383333 -0.500000
   0.016667 -0.350000 -0.500000
   0.016667 -0.316667 -0.500000
   0.016667 -0.283333 -0.500000
   0.016667 -0.250000 -0.500000
   0.016667 -0.216667 -0.500000
   0.016667 -0.183333 -0.500000
   0.016667 -0.150000 -0.500000
   0.016667 -0.116667 -0.500000
   0.016667 -0.083333 -0.500000
   0.016667 -0.050000 -0.500000
   0.016667 -0.016667 -0.500000
   0.050000  0.050000 -0.500000
   0.050000  0.083333 -0.500000
   0.050000  0.116667 -0.500000
   0.050000  0.150000 -0.500000
   0.050000  0.183333 -0.500000
   0.050000  0.216667 -0.500000
   0.050000  0.250000 -0.500000
   0.050000  0.283333 -0.500000
   0.050000  0.316667 -0.500000
   0.050000  0.350000 -0.500000
   0.050000  0.383333 -0.500000
   0.050000  0.416667 -0.500000
   0.050000  0.450000 -0.500000
   0.050000  0.483333 -0.500000
   0.050000 -0.483333 -0.500000
   0.050000 -0.450000 -0.500000
   0.050000 -0.416667 -0.500000
   0.050000 -0.383333 -0.500000
   0.050000 -0.350000 -0.500000
   0.050000 -0.316667 -0.500000
   0.050000 -0.283333 -0.500000
   0.050000 -0.250000 -0.500000
   0.050000 -0.216667 -0.500000
   0.050000 -0.183333 -0.500000
   0.050000 -0.150000 -0.500000
   0.050000 -0.116667 -0.500000
   0.050000 -0.083333 -0.500000
   0.050000 -0.050000 -0.500000
   0.083333  0.083333 -0.500000
   0.083333  0.116667 -0.500000
   0.083333  0.150000 -0.500000
   0.083333  0.183333 -0.500000
   0.083333  0.216667 -0.500000
   0.083333  0.250000 -0.500000
   0.083333  0.283333 -0.500000
   0.083333  0.316667 -0.500000
   0.083333  0.350000 -0.500000
   0.083333  0.383333 -0.500000
   0.083333  0.416667 -0.500000
   0.083333  0.450000 -0.500000
   0.083333  0.483333 -0.500000
   0.083333 -0.483333 -0.500000
   0.083333 -0.450000 -0.500000
   0.083333 -0.416667 -0.500000
   0.083333 -0.383333 -0.500000
   0.083333 -0.350000 -0.500000
   0.083333 -0.316667 -0.500000
   0.083333 -0.283333 -0.500000
   0.083333 -0.250000 -0.500000
   0.083333 -0.216667 -0.500000
   0.083333 -0.183333 -0.500000
   0.083333 -0.150000 -0.500000
   0.083333 -0.116667 -0.500000
   0.083333 -0.083333 -0.500000
   0.116667  0.116667 -0.500000
   0.116667  0.150000 -0.500000
   0.116667  0.183333 -0.500000
   0.116667  0.216667 -0.500000
   0.116667  0.250000 -0.500000
   0.116667  0.283333 -0.500000
   0.116667  0.316667 -0.500000
   0.116667  0.350000 -0.500000
   0.116667  0.383333 -0.500000
   0.116667  0.416667 -0.500000
   0.116667  0.450000 -0.500000
   0.116667  0.483333 -0.500000
   0.116667 -0.483333 -0.500000
   0.116667 -0.450000 -0.500000
   0.116667 -0.416667 -0.500000
   0.116667 -0.383333 -0.500000
   0.116667 -0.350000 -0.500000
   0.116667 -0.316667 -0.500000
   0.116667 -0.283333 -0.500000
   0.116667 -0.250000 -0.500000
   0.116667 -0.216667 -0.500000
   0.116667 -0.183333 -0.500000
   0.116667 -0.150000 -0.500000
   0.116667 -0.116667 -0.500000
   0.150000  0.150000 -0.500000
   0.150000  0.183333 -0.500000
   0.150000  0.216667 -0.500000
   0.150000  0.250000 -0.500000
   0.150000  0.283333 -0.500000
   0.150000  0.316667 -0.500000
   0.150000  0.350000 -0.500000
   0.150000  0.383333 -0.500000
   0.150000  0.416667 -0.500000
   0.150000  0.450000 -0.500000
   0.150000  0.483333 -0.500000
   0.150000 -0.483333 -0.500000
   0.150000 -0.450000 -0.500000
   0.150000 -0.416667 -0.500000
   0.150000 -0.383333 -0.500000
   0.150000 -0.350000 -0.500000
   0.150000 -0.316667 -0.500000
   0.150000 -0.283333 -0.500000
   0.150000 -0.250000 -0.500000
   0.150000 -0.216667 -0.500000
   0.150000 -0.183333 -0.500000
   0.150000 -0.150000 -0.500000
   0.183333  0.183333 -0.500000
   0.183333  0.216667 -0.500000
   0.183333  0.250000 -0.500000
   0.183333  0.283333 -0.500000
   0.183333  0.316667 -0.500000
   0.183333  0.350000 -0.500000
   0.183333  0.383333 -0.500000
   0.183333  0.416667 -0.500000
   0.183333  0.450000 -0.500000
   0.183333  0.483333 -0.500000
   0.183333 -0.483333 -0.500000
   0.183333 -0.450000 -0.500000
   0.183333 -0.416667 -0.500000
   0.183333 -0.383333 -0.500000
   0.183333 -0.350000 -0.500000
   0.183333 -0.316667 -0.500000
   0.183333 -0.283333 -0.500000
   0.183333 -0.250000 -0.500000
   0.183333 -0.216667 -0.500000
   0.183333 -0.183333 -0.500000
   0.216667  0.216667 -0.500000
   0.216667  0.250000 -0.500000
   0.216667  0.283333 -0.500000
   0.216667  0.316667 -0.500000
   0.216667  0.350000 -0.500000
   0.216667  0.383333 -0.500000
   0.216667  0.416667 -0.500000
   0.216667  0.450000 -0.500000
   0.216667  0.483333 -0.500000
   0.216667 -0.483333 -0.500000
   0.216667 -0.450000 -0.500000
   0.216667 -0.416667 -0.500000
   0.216667 -0.383333 -0.500000
   0.216667 -0.350000 -0.500000
   0.216667 -0.316667 -0.500000
   0.216667 -0.283333 -0.500000
   0.216667 -0.250000 -0.500000
   0.216667 -0.216667 -0.500000
   0.250000  0.250000 -0.500000
   0.250000  0.283333 -0.500000
   0.250000  0.316667 -0.500000
   0.250000  0.350000 -0.500000
   0.250000  0.383333 -0.500000
   0.250000  0.416667 -0.500000
   0.250000  0.450000 -0.500000
   0.250000  0.483333 -0.500000
   0.250000 -0.483333 -0.500000
   0.250000 -0.450000 -0.500000
   0.250000 -0.416667 -0.500000
   0.250000 -0.383333 -0.500000
   0.250000 -0.350000 -0.500000
   0.250000 -0.316667 -0.500000
   0.250000 -0.283333 -0.500000
   0.250000 -0.250000 -0.500000
   0.283333  0.283333 -0.500000
   0.283333  0.316667 -0.500000
   0.283333  0.350000 -0.500000
   0.283333  0.383333 -0.500000
   0.283333  0.416667 -0.500000
   0.283333  0.450000 -0.500000
   0.283333  0.483333 -0.500000
   0.283333 -0.483333 -0.500000
   0.283333 -0.450000 -0.500000
   0.283333 -0.416667 -0.500000
   0.283333 -0.383333 -0.500000
   0.283333 -0.350000 -0.500000
   0.283333 -0.316667 -0.500000
   0.283333 -0.283333 -0.500000
   0.316667  0.316667 -0.500000
   0.316667  0.350000 -0.500000
   0.316667  0.383333 -0.500000
   0.316667  0.416667 -0.500000
   0.316667  0.450000 -0.500000
   0.316667  0.483333 -0.500000
   0.316667 -0.483333 -0.500000
   0.316667 -0.450000 -0.500000
   0.316667 -0.416667 -0.500000
   0.316667 -0.383333 -0.500000
   0.316667 -0.350000 -0.500000
   0.316667 -0.316667 -0.500000
   0.350000  0.350000 -0.500000
   0.350000  0.383333 -0.500000
   0.350000  0.416667 -0.500000
   0.350000  0.450000 -0.500000
   0.350000  0.483333 -0.500000
   0.350000 -0.483333 -0.500000
   0.350000 -0.450000 -0.500000
   0.350000 -0.416667 -0.500000
   0.350000 -0.383333 -0.500000
   0.350000 -0.350000 -0.500000
   0.383333  0.383333 -0.500000
   0.383333  0.416667 -0.500000
   0.383333  0.450000 -0.500000
   0.383333  0.483333 -0.500000
   0.383333 -0.483333 -0.500000
   0.383333 -0.450000 -0.500000
   0.383333 -0.416667 -0.500000
   0.383333 -0.383333 -0.500000
   0.416667  0.416667 -0.500000
   0.416667  0.450000 -0.500000
   0.416667  0.483333 -0.500000
   0.416667 -0.483333 -0.500000
   0.416667 -0.450000 -0.500000
   0.416667 -0.416667 -0.500000
   0.450000  0.450000 -0.500000
   0.450000  0.483333 -0.500000
   0.450000 -0.483333 -0.500000
   0.450000 -0.450000 -0.500000
   0.483333  0.483333 -0.500000
   0.483333 -0.483333 -0.500000
 nbndsi=          20
         240
 weights:
 0.0044444 0.0088889 0.0088889 0.0088889 0.0088889 0.0088889 0.0088889 0.0088889 0.0088889 0.0088889
 0.0088889 0.0088889 0.0088889 0.0088889 0.0088889 0.0088889 0.0088889 0.0088889 0.0088889 0.0088889
 0.0088889 0.0088889 0.0088889 0.0088889 0.0088889 0.0088889 0.0088889 0.0088889 0.0088889 0.0044444
 0.0044444 0.0088889 0.0088889 0.0088889 0.0088889 0.0088889 0.0088889 0.0088889 0.0088889 0.0088889
 0.0088889 0.0088889 0.0088889 0.0088889 0.0088889 0.0088889 0.0088889 0.0088889 0.0088889 0.0088889
 0.0088889 0.0088889 0.0088889 0.0088889 0.0088889 0.0088889 0.0088889 0.0044444 0.0044444 0.0088889
 0.0088889 0.0088889 0.0088889 0.0088889 0.0088889 0.0088889 0.0088889 0.0088889 0.0088889 0.0088889
 0.0088889 0.0088889 0.0088889 0.0088889 0.0088889 0.0088889 0.0088889 0.0088889 0.0088889 0.0088889
 0.0088889 0.0088889 0.0088889 0.0044444 0.0044444 0.0088889 0.0088889 0.0088889 0.0088889 0.0088889
 0.0088889 0.0088889 0.0088889 0.0088889 0.0088889 0.0088889 0.0088889 0.0088889 0.0088889 0.0088889
 0.0088889 0.0088889 0.0088889 0.0088889 0.0088889 0.0088889 0.0088889 0.0044444 0.0044444 0.0088889
 0.0088889 0.0088889 0.0088889 0.0088889 0.0088889 0.0088889 0.0088889 0.0088889 0.0088889 0.0088889
 0.0088889 0.0088889 0.0088889 0.0088889 0.0088889 0.0088889 0.0088889 0.0088889 0.0088889 0.0044444
 0.0044444 0.0088889 0.0088889 0.0088889 0.0088889 0.0088889 0.0088889 0.0088889 0.0088889 0.0088889
 0.0088889 0.0088889 0.0088889 0.0088889 0.0088889 0.0088889 0.0088889 0.0088889 0.0088889 0.0044444
 0.0044444 0.0088889 0.0088889 0.0088889 0.0088889 0.0088889 0.0088889 0.0088889 0.0088889 0.0088889
 0.0088889 0.0088889 0.0088889 0.0088889 0.0088889 0.0088889 0.0088889 0.0044444 0.0044444 0.0088889
 0.0088889 0.0088889 0.0088889 0.0088889 0.0088889 0.0088889 0.0088889 0.0088889 0.0088889 0.0088889
 0.0088889 0.0088889 0.0088889 0.0044444 0.0044444 0.0088889 0.0088889 0.0088889 0.0088889 0.0088889
 0.0088889 0.0088889 0.0088889 0.0088889 0.0088889 0.0088889 0.0088889 0.0044444 0.0044444 0.0088889
 0.0088889 0.0088889 0.0088889 0.0088889 0.0088889 0.0088889 0.0088889 0.0088889 0.0088889 0.0044444
 0.0044444 0.0088889 0.0088889 0.0088889 0.0088889 0.0088889 0.0088889 0.0088889 0.0088889 0.0044444
 0.0044444 0.0088889 0.0088889 0.0088889 0.0088889 0.0088889 0.0088889 0.0044444 0.0044444 0.0088889
 0.0088889 0.0088889 0.0088889 0.0044444 0.0044444 0.0088889 0.0088889 0.0044444 0.0044444 0.0044444
 ik=           1
 2.0000000 2.0000000 2.0000000 2.0000000 0.0000000 0.0000000 0.0000000 0.0000000 0.0000000 0.0000000
 0.0000000 0.0000000 0.0000000 0.0000000 0.0000000 0.0000000 0.0000000 0.0000000 0.0000000 0.0000000
 ik=           2
 2.0000000 2.0000000 2.0000000 2.0000000 0.0000000 0.0000000 0.0000000 0.0000000 0.0000000 0.0000000
 0.0000000 0.0000000 0.0000000 0.0000000 0.0000000 0.0000000 0.0000000 0.0000000 0.0000000 0.0000000
 ik=           3
 2.0000000 2.0000000 2.0000000 2.0000000 0.0000000 0.0000000 0.0000000 0.0000000 0.0000000 0.0000000
 0.0000000 0.0000000 0.0000000 0.0000000 0.0000000 0.0000000 0.0000000 0.0000000 0.0000000 0.0000000
 ik=           4
 2.0000000 2.0000000 2.0000000 2.0000000 0.0000000 0.0000000 0.0000000 0.0000000 0.0000000 0.0000000
 0.0000000 0.0000000 0.0000000 0.0000000 0.0000000 0.0000000 0.0000000 0.0000000 0.0000000 0.0000000
 ik=           5
 2.0000000 2.0000000 2.0000000 2.0000000 0.0000000 0.0000000 0.0000000 0.0000000 0.0000000 0.0000000
 0.0000000 0.0000000 0.0000000 0.0000000 0.0000000 0.0000000 0.0000000 0.0000000 0.0000000 0.0000000
 ik=           6
 2.0000000 2.0000000 2.0000000 2.0000000 0.0000000 0.0000000 0.0000000 0.0000000 0.0000000 0.0000000
 0.0000000 0.0000000 0.0000000 0.0000000 0.0000000 0.0000000 0.0000000 0.0000000 0.0000000 0.0000000
 ik=           7
 2.0000000 2.0000000 2.0000000 2.0000000 0.0000000 0.0000000 0.0000000 0.0000000 0.0000000 0.0000000
 0.0000000 0.0000000 0.0000000 0.0000000 0.0000000 0.0000000 0.0000000 0.0000000 0.0000000 0.0000000
 ik=           8
 2.0000000 2.0000000 2.0000000 2.0000000 0.0000000 0.0000000 0.0000000 0.0000000 0.0000000 0.0000000
 0.0000000 0.0000000 0.0000000 0.0000000 0.0000000 0.0000000 0.0000000 0.0000000 0.0000000 0.0000000
 ik=           9
 2.0000000 2.0000000 2.0000000 2.0000000 0.0000000 0.0000000 0.0000000 0.0000000 0.0000000 0.0000000
 0.0000000 0.0000000 0.0000000 0.0000000 0.0000000 0.0000000 0.0000000 0.0000000 0.0000000 0.0000000
 ik=          10
 2.0000000 2.0000000 2.0000000 2.0000000 0.0000000 0.0000000 0.0000000 0.0000000 0.0000000 0.0000000
 0.0000000 0.0000000 0.0000000 0.0000000 0.0000000 0.0000000 0.0000000 0.0000000 0.0000000 0.0000000
 ik=          11
 2.0000000 2.0000000 2.0000000 2.0000000 0.0000000 0.0000000 0.0000000 0.0000000 0.0000000 0.0000000
 0.0000000 0.0000000 0.0000000 0.0000000 0.0000000 0.0000000 0.0000000 0.0000000 0.0000000 0.0000000
 ik=          12
 2.0000000 2.0000000 2.0000000 2.0000000 0.0000000 0.0000000 0.0000000 0.0000000 0.0000000 0.0000000
 0.0000000 0.0000000 0.0000000 0.0000000 0.0000000 0.0000000 0.0000000 0.0000000 0.0000000 0.0000000
 ik=          13
 2.0000000 2.0000000 2.0000000 2.0000000 0.0000000 0.0000000 0.0000000 0.0000000 0.0000000 0.0000000
 0.0000000 0.0000000 0.0000000 0.0000000 0.0000000 0.0000000 0.0000000 0.0000000 0.0000000 0.0000000
 ik=          14
 2.0000000 2.0000000 2.0000000 2.0000000 0.0000000 0.0000000 0.0000000 0.0000000 0.0000000 0.0000000
 0.0000000 0.0000000 0.0000000 0.0000000 0.0000000 0.0000000 0.0000000 0.0000000 0.0000000 0.0000000
 ik=          15
 2.0000000 2.0000000 2.0000000 2.0000000 0.0000000 0.0000000 0.0000000 0.0000000 0.0000000 0.0000000
 0.0000000 0.0000000 0.0000000 0.0000000 0.0000000 0.0000000 0.0000000 0.0000000 0.0000000 0.0000000
 ik=          16
 2.0000000 2.0000000 2.0000000 2.0000000 0.0000000 0.0000000 0.0000000 0.0000000 0.0000000 0.0000000
 0.0000000 0.0000000 0.0000000 0.0000000 0.0000000 0.0000000 0.0000000 0.0000000 0.0000000 0.0000000
 ik=          17
 2.0000000 2.0000000 2.0000000 2.0000000 0.0000000 0.0000000 0.0000000 0.0000000 0.0000000 0.0000000
 0.0000000 0.0000000 0.0000000 0.0000000 0.0000000 0.0000000 0.0000000 0.0000000 0.0000000 0.0000000
 ik=          18
 2.0000000 2.0000000 2.0000000 2.0000000 0.0000000 0.0000000 0.0000000 0.0000000 0.0000000 0.0000000
 0.0000000 0.0000000 0.0000000 0.0000000 0.0000000 0.0000000 0.0000000 0.0000000 0.0000000 0.0000000
 ik=          19
 2.0000000 2.0000000 2.0000000 2.0000000 0.0000000 0.0000000 0.0000000 0.0000000 0.0000000 0.0000000
 0.0000000 0.0000000 0.0000000 0.0000000 0.0000000 0.0000000 0.0000000 0.0000000 0.0000000 0.0000000
 ik=          20
 2.0000000 2.0000000 2.0000000 2.0000000 0.0000000 0.0000000 0.0000000 0.0000000 0.0000000 0.0000000
 0.0000000 0.0000000 0.0000000 0.0000000 0.0000000 0.0000000 0.0000000 0.0000000 0.0000000 0.0000000
 ik=          21
 2.0000000 2.0000000 2.0000000 2.0000000 0.0000000 0.0000000 0.0000000 0.0000000 0.0000000 0.0000000
 0.0000000 0.0000000 0.0000000 0.0000000 0.0000000 0.0000000 0.0000000 0.0000000 0.0000000 0.0000000
 ik=          22
 2.0000000 2.0000000 2.0000000 2.0000000 0.0000000 0.0000000 0.0000000 0.0000000 0.0000000 0.0000000
 0.0000000 0.0000000 0.0000000 0.0000000 0.0000000 0.0000000 0.0000000 0.0000000 0.0000000 0.0000000
 ik=          23
 2.0000000 2.0000000 2.0000000 2.0000000 0.0000000 0.0000000 0.0000000 0.0000000 0.0000000 0.0000000
 0.0000000 0.0000000 0.0000000 0.0000000 0.0000000 0.0000000 0.0000000 0.0000000 0.0000000 0.0000000
 ik=          24
 2.0000000 2.0000000 2.0000000 2.0000000 0.0000000 0.0000000 0.0000000 0.0000000 0.0000000 0.0000000
 0.0000000 0.0000000 0.0000000 0.0000000 0.0000000 0.0000000 0.0000000 0.0000000 0.0000000 0.0000000
 ik=          25
 2.0000000 2.0000000 2.0000000 2.0000000 0.0000000 0.0000000 0.0000000 0.0000000 0.0000000 0.0000000
 0.0000000 0.0000000 0.0000000 0.0000000 0.0000000 0.0000000 0.0000000 0.0000000 0.0000000 0.0000000
 ik=          26
 2.0000000 2.0000000 2.0000000 2.0000000 0.0000000 0.0000000 0.0000000 0.0000000 0.0000000 0.0000000
 0.0000000 0.0000000 0.0000000 0.0000000 0.0000000 0.0000000 0.0000000 0.0000000 0.0000000 0.0000000
 ik=          27
 2.0000000 2.0000000 2.0000000 2.0000000 0.0000000 0.0000000 0.0000000 0.0000000 0.0000000 0.0000000
 0.0000000 0.0000000 0.0000000 0.0000000 0.0000000 0.0000000 0.0000000 0.0000000 0.0000000 0.0000000
 ik=          28
 2.0000000 2.0000000 2.0000000 2.0000000 0.0000000 0.0000000 0.0000000 0.0000000 0.0000000 0.0000000
 0.0000000 0.0000000 0.0000000 0.0000000 0.0000000 0.0000000 0.0000000 0.0000000 0.0000000 0.0000000
 ik=          29
 2.0000000 2.0000000 2.0000000 2.0000000 0.0000000 0.0000000 0.0000000 0.0000000 0.0000000 0.0000000
 0.0000000 0.0000000 0.0000000 0.0000000 0.0000000 0.0000000 0.0000000 0.0000000 0.0000000 0.0000000
 ik=          30
 2.0000000 2.0000000 2.0000000 2.0000000 0.0000000 0.0000000 0.0000000 0.0000000 0.0000000 0.0000000
 0.0000000 0.0000000 0.0000000 0.0000000 0.0000000 0.0000000 0.0000000 0.0000000 0.0000000 0.0000000
 ik=          31
 2.0000000 2.0000000 2.0000000 2.0000000 0.0000000 0.0000000 0.0000000 0.0000000 0.0000000 0.0000000
 0.0000000 0.0000000 0.0000000 0.0000000 0.0000000 0.0000000 0.0000000 0.0000000 0.0000000 0.0000000
 ik=          32
 2.0000000 2.0000000 2.0000000 2.0000000 0.0000000 0.0000000 0.0000000 0.0000000 0.0000000 0.0000000
 0.0000000 0.0000000 0.0000000 0.0000000 0.0000000 0.0000000 0.0000000 0.0000000 0.0000000 0.0000000
 ik=          33
 2.0000000 2.0000000 2.0000000 2.0000000 0.0000000 0.0000000 0.0000000 0.0000000 0.0000000 0.0000000
 0.0000000 0.0000000 0.0000000 0.0000000 0.0000000 0.0000000 0.0000000 0.0000000 0.0000000 0.0000000
 ik=          34
 2.0000000 2.0000000 2.0000000 2.0000000 0.0000000 0.0000000 0.0000000 0.0000000 0.0000000 0.0000000
 0.0000000 0.0000000 0.0000000 0.0000000 0.0000000 0.0000000 0.0000000 0.0000000 0.0000000 0.0000000
 ik=          35
 2.0000000 2.0000000 2.0000000 2.0000000 0.0000000 0.0000000 0.0000000 0.0000000 0.0000000 0.0000000
 0.0000000 0.0000000 0.0000000 0.0000000 0.0000000 0.0000000 0.0000000 0.0000000 0.0000000 0.0000000
 ik=          36
 2.0000000 2.0000000 2.0000000 2.0000000 0.0000000 0.0000000 0.0000000 0.0000000 0.0000000 0.0000000
 0.0000000 0.0000000 0.0000000 0.0000000 0.0000000 0.0000000 0.0000000 0.0000000 0.0000000 0.0000000
 ik=          37
 2.0000000 2.0000000 2.0000000 2.0000000 0.0000000 0.0000000 0.0000000 0.0000000 0.0000000 0.0000000
 0.0000000 0.0000000 0.0000000 0.0000000 0.0000000 0.0000000 0.0000000 0.0000000 0.0000000 0.0000000
 ik=          38
 2.0000000 2.0000000 2.0000000 2.0000000 0.0000000 0.0000000 0.0000000 0.0000000 0.0000000 0.0000000
 0.0000000 0.0000000 0.0000000 0.0000000 0.0000000 0.0000000 0.0000000 0.0000000 0.0000000 0.0000000
 ik=          39
 2.0000000 2.0000000 2.0000000 2.0000000 0.0000000 0.0000000 0.0000000 0.0000000 0.0000000 0.0000000
 0.0000000 0.0000000 0.0000000 0.0000000 0.0000000 0.0000000 0.0000000 0.0000000 0.0000000 0.0000000
 ik=          40
 2.0000000 2.0000000 2.0000000 2.0000000 0.0000000 0.0000000 0.0000000 0.0000000 0.0000000 0.0000000
 0.0000000 0.0000000 0.0000000 0.0000000 0.0000000 0.0000000 0.0000000 0.0000000 0.0000000 0.0000000
 ik=          41
 2.0000000 2.0000000 2.0000000 2.0000000 0.0000000 0.0000000 0.0000000 0.0000000 0.0000000 0.0000000
 0.0000000 0.0000000 0.0000000 0.0000000 0.0000000 0.0000000 0.0000000 0.0000000 0.0000000 0.0000000
 ik=          42
 2.0000000 2.0000000 2.0000000 2.0000000 0.0000000 0.0000000 0.0000000 0.0000000 0.0000000 0.0000000
 0.0000000 0.0000000 0.0000000 0.0000000 0.0000000 0.0000000 0.0000000 0.0000000 0.0000000 0.0000000
 ik=          43
 2.0000000 2.0000000 2.0000000 2.0000000 0.0000000 0.0000000 0.0000000 0.0000000 0.0000000 0.0000000
 0.0000000 0.0000000 0.0000000 0.0000000 0.0000000 0.0000000 0.0000000 0.0000000 0.0000000 0.0000000
 ik=          44
 2.0000000 2.0000000 2.0000000 2.0000000 0.0000000 0.0000000 0.0000000 0.0000000 0.0000000 0.0000000
 0.0000000 0.0000000 0.0000000 0.0000000 0.0000000 0.0000000 0.0000000 0.0000000 0.0000000 0.0000000
 ik=          45
 2.0000000 2.0000000 2.0000000 2.0000000 0.0000000 0.0000000 0.0000000 0.0000000 0.0000000 0.0000000
 0.0000000 0.0000000 0.0000000 0.0000000 0.0000000 0.0000000 0.0000000 0.0000000 0.0000000 0.0000000
 ik=          46
 2.0000000 2.0000000 2.0000000 2.0000000 0.0000000 0.0000000 0.0000000 0.0000000 0.0000000 0.0000000
 0.0000000 0.0000000 0.0000000 0.0000000 0.0000000 0.0000000 0.0000000 0.0000000 0.0000000 0.0000000
 ik=          47
 2.0000000 2.0000000 2.0000000 2.0000000 0.0000000 0.0000000 0.0000000 0.0000000 0.0000000 0.0000000
 0.0000000 0.0000000 0.0000000 0.0000000 0.0000000 0.0000000 0.0000000 0.0000000 0.0000000 0.0000000
 ik=          48
 2.0000000 2.0000000 2.0000000 2.0000000 0.0000000 0.0000000 0.0000000 0.0000000 0.0000000 0.0000000
 0.0000000 0.0000000 0.0000000 0.0000000 0.0000000 0.0000000 0.0000000 0.0000000 0.0000000 0.0000000
 ik=          49
 2.0000000 2.0000000 2.0000000 2.0000000 0.0000000 0.0000000 0.0000000 0.0000000 0.0000000 0.0000000
 0.0000000 0.0000000 0.0000000 0.0000000 0.0000000 0.0000000 0.0000000 0.0000000 0.0000000 0.0000000
 ik=          50
 2.0000000 2.0000000 2.0000000 2.0000000 0.0000000 0.0000000 0.0000000 0.0000000 0.0000000 0.0000000
 0.0000000 0.0000000 0.0000000 0.0000000 0.0000000 0.0000000 0.0000000 0.0000000 0.0000000 0.0000000
 ik=          51
 2.0000000 2.0000000 2.0000000 2.0000000 0.0000000 0.0000000 0.0000000 0.0000000 0.0000000 0.0000000
 0.0000000 0.0000000 0.0000000 0.0000000 0.0000000 0.0000000 0.0000000 0.0000000 0.0000000 0.0000000
 ik=          52
 2.0000000 2.0000000 2.0000000 2.0000000 0.0000000 0.0000000 0.0000000 0.0000000 0.0000000 0.0000000
 0.0000000 0.0000000 0.0000000 0.0000000 0.0000000 0.0000000 0.0000000 0.0000000 0.0000000 0.0000000
 ik=          53
 2.0000000 2.0000000 2.0000000 2.0000000 0.0000000 0.0000000 0.0000000 0.0000000 0.0000000 0.0000000
 0.0000000 0.0000000 0.0000000 0.0000000 0.0000000 0.0000000 0.0000000 0.0000000 0.0000000 0.0000000
 ik=          54
 2.0000000 2.0000000 2.0000000 2.0000000 0.0000000 0.0000000 0.0000000 0.0000000 0.0000000 0.0000000
 0.0000000 0.0000000 0.0000000 0.0000000 0.0000000 0.0000000 0.0000000 0.0000000 0.0000000 0.0000000
 ik=          55
 2.0000000 2.0000000 2.0000000 2.0000000 0.0000000 0.0000000 0.0000000 0.0000000 0.0000000 0.0000000
 0.0000000 0.0000000 0.0000000 0.0000000 0.0000000 0.0000000 0.0000000 0.0000000 0.0000000 0.0000000
 ik=          56
 2.0000000 2.0000000 2.0000000 2.0000000 0.0000000 0.0000000 0.0000000 0.0000000 0.0000000 0.0000000
 0.0000000 0.0000000 0.0000000 0.0000000 0.0000000 0.0000000 0.0000000 0.0000000 0.0000000 0.0000000
 ik=          57
 2.0000000 2.0000000 2.0000000 2.0000000 0.0000000 0.0000000 0.0000000 0.0000000 0.0000000 0.0000000
 0.0000000 0.0000000 0.0000000 0.0000000 0.0000000 0.0000000 0.0000000 0.0000000 0.0000000 0.0000000
 ik=          58
 2.0000000 2.0000000 2.0000000 2.0000000 0.0000000 0.0000000 0.0000000 0.0000000 0.0000000 0.0000000
 0.0000000 0.0000000 0.0000000 0.0000000 0.0000000 0.0000000 0.0000000 0.0000000 0.0000000 0.0000000
 ik=          59
 2.0000000 2.0000000 2.0000000 2.0000000 0.0000000 0.0000000 0.0000000 0.0000000 0.0000000 0.0000000
 0.0000000 0.0000000 0.0000000 0.0000000 0.0000000 0.0000000 0.0000000 0.0000000 0.0000000 0.0000000
 ik=          60
 2.0000000 2.0000000 2.0000000 2.0000000 0.0000000 0.0000000 0.0000000 0.0000000 0.0000000 0.0000000
 0.0000000 0.0000000 0.0000000 0.0000000 0.0000000 0.0000000 0.0000000 0.0000000 0.0000000 0.0000000
 ik=          61
 2.0000000 2.0000000 2.0000000 2.0000000 0.0000000 0.0000000 0.0000000 0.0000000 0.0000000 0.0000000
 0.0000000 0.0000000 0.0000000 0.0000000 0.0000000 0.0000000 0.0000000 0.0000000 0.0000000 0.0000000
 ik=          62
 2.0000000 2.0000000 2.0000000 2.0000000 0.0000000 0.0000000 0.0000000 0.0000000 0.0000000 0.0000000
 0.0000000 0.0000000 0.0000000 0.0000000 0.0000000 0.0000000 0.0000000 0.0000000 0.0000000 0.0000000
 ik=          63
 2.0000000 2.0000000 2.0000000 2.0000000 0.0000000 0.0000000 0.0000000 0.0000000 0.0000000 0.0000000
 0.0000000 0.0000000 0.0000000 0.0000000 0.0000000 0.0000000 0.0000000 0.0000000 0.0000000 0.0000000
 ik=          64
 2.0000000 2.0000000 2.0000000 2.0000000 0.0000000 0.0000000 0.0000000 0.0000000 0.0000000 0.0000000
 0.0000000 0.0000000 0.0000000 0.0000000 0.0000000 0.0000000 0.0000000 0.0000000 0.0000000 0.0000000
 ik=          65
 2.0000000 2.0000000 2.0000000 2.0000000 0.0000000 0.0000000 0.0000000 0.0000000 0.0000000 0.0000000
 0.0000000 0.0000000 0.0000000 0.0000000 0.0000000 0.0000000 0.0000000 0.0000000 0.0000000 0.0000000
 ik=          66
 2.0000000 2.0000000 2.0000000 2.0000000 0.0000000 0.0000000 0.0000000 0.0000000 0.0000000 0.0000000
 0.0000000 0.0000000 0.0000000 0.0000000 0.0000000 0.0000000 0.0000000 0.0000000 0.0000000 0.0000000
 ik=          67
 2.0000000 2.0000000 2.0000000 2.0000000 0.0000000 0.0000000 0.0000000 0.0000000 0.0000000 0.0000000
 0.0000000 0.0000000 0.0000000 0.0000000 0.0000000 0.0000000 0.0000000 0.0000000 0.0000000 0.0000000
 ik=          68
 2.0000000 2.0000000 2.0000000 2.0000000 0.0000000 0.0000000 0.0000000 0.0000000 0.0000000 0.0000000
 0.0000000 0.0000000 0.0000000 0.0000000 0.0000000 0.0000000 0.0000000 0.0000000 0.0000000 0.0000000
 ik=          69
 2.0000000 2.0000000 2.0000000 2.0000000 0.0000000 0.0000000 0.0000000 0.0000000 0.0000000 0.0000000
 0.0000000 0.0000000 0.0000000 0.0000000 0.0000000 0.0000000 0.0000000 0.0000000 0.0000000 0.0000000
 ik=          70
 2.0000000 2.0000000 2.0000000 2.0000000 0.0000000 0.0000000 0.0000000 0.0000000 0.0000000 0.0000000
 0.0000000 0.0000000 0.0000000 0.0000000 0.0000000 0.0000000 0.0000000 0.0000000 0.0000000 0.0000000
 ik=          71
 2.0000000 2.0000000 2.0000000 2.0000000 0.0000000 0.0000000 0.0000000 0.0000000 0.0000000 0.0000000
 0.0000000 0.0000000 0.0000000 0.0000000 0.0000000 0.0000000 0.0000000 0.0000000 0.0000000 0.0000000
 ik=          72
 2.0000000 2.0000000 2.0000000 2.0000000 0.0000000 0.0000000 0.0000000 0.0000000 0.0000000 0.0000000
 0.0000000 0.0000000 0.0000000 0.0000000 0.0000000 0.0000000 0.0000000 0.0000000 0.0000000 0.0000000
 ik=          73
 2.0000000 2.0000000 2.0000000 2.0000000 0.0000000 0.0000000 0.0000000 0.0000000 0.0000000 0.0000000
 0.0000000 0.0000000 0.0000000 0.0000000 0.0000000 0.0000000 0.0000000 0.0000000 0.0000000 0.0000000
 ik=          74
 2.0000000 2.0000000 2.0000000 2.0000000 0.0000000 0.0000000 0.0000000 0.0000000 0.0000000 0.0000000
 0.0000000 0.0000000 0.0000000 0.0000000 0.0000000 0.0000000 0.0000000 0.0000000 0.0000000 0.0000000
 ik=          75
 2.0000000 2.0000000 2.0000000 2.0000000 0.0000000 0.0000000 0.0000000 0.0000000 0.0000000 0.0000000
 0.0000000 0.0000000 0.0000000 0.0000000 0.0000000 0.0000000 0.0000000 0.0000000 0.0000000 0.0000000
 ik=          76
 2.0000000 2.0000000 2.0000000 2.0000000 0.0000000 0.0000000 0.0000000 0.0000000 0.0000000 0.0000000
 0.0000000 0.0000000 0.0000000 0.0000000 0.0000000 0.0000000 0.0000000 0.0000000 0.0000000 0.0000000
 ik=          77
 2.0000000 2.0000000 2.0000000 2.0000000 0.0000000 0.0000000 0.0000000 0.0000000 0.0000000 0.0000000
 0.0000000 0.0000000 0.0000000 0.0000000 0.0000000 0.0000000 0.0000000 0.0000000 0.0000000 0.0000000
 ik=          78
 2.0000000 2.0000000 2.0000000 2.0000000 0.0000000 0.0000000 0.0000000 0.0000000 0.0000000 0.0000000
 0.0000000 0.0000000 0.0000000 0.0000000 0.0000000 0.0000000 0.0000000 0.0000000 0.0000000 0.0000000
 ik=          79
 2.0000000 2.0000000 2.0000000 2.0000000 0.0000000 0.0000000 0.0000000 0.0000000 0.0000000 0.0000000
 0.0000000 0.0000000 0.0000000 0.0000000 0.0000000 0.0000000 0.0000000 0.0000000 0.0000000 0.0000000
 ik=          80
 2.0000000 2.0000000 2.0000000 2.0000000 0.0000000 0.0000000 0.0000000 0.0000000 0.0000000 0.0000000
 0.0000000 0.0000000 0.0000000 0.0000000 0.0000000 0.0000000 0.0000000 0.0000000 0.0000000 0.0000000
 ik=          81
 2.0000000 2.0000000 2.0000000 2.0000000 0.0000000 0.0000000 0.0000000 0.0000000 0.0000000 0.0000000
 0.0000000 0.0000000 0.0000000 0.0000000 0.0000000 0.0000000 0.0000000 0.0000000 0.0000000 0.0000000
 ik=          82
 2.0000000 2.0000000 2.0000000 2.0000000 0.0000000 0.0000000 0.0000000 0.0000000 0.0000000 0.0000000
 0.0000000 0.0000000 0.0000000 0.0000000 0.0000000 0.0000000 0.0000000 0.0000000 0.0000000 0.0000000
 ik=          83
 2.0000000 2.0000000 2.0000000 2.0000000 0.0000000 0.0000000 0.0000000 0.0000000 0.0000000 0.0000000
 0.0000000 0.0000000 0.0000000 0.0000000 0.0000000 0.0000000 0.0000000 0.0000000 0.0000000 0.0000000
 ik=          84
 2.0000000 2.0000000 2.0000000 2.0000000 0.0000000 0.0000000 0.0000000 0.0000000 0.0000000 0.0000000
 0.0000000 0.0000000 0.0000000 0.0000000 0.0000000 0.0000000 0.0000000 0.0000000 0.0000000 0.0000000
 ik=          85
 2.0000000 2.0000000 2.0000000 2.0000000 0.0000000 0.0000000 0.0000000 0.0000000 0.0000000 0.0000000
 0.0000000 0.0000000 0.0000000 0.0000000 0.0000000 0.0000000 0.0000000 0.0000000 0.0000000 0.0000000
 ik=          86
 2.0000000 2.0000000 2.0000000 2.0000000 0.0000000 0.0000000 0.0000000 0.0000000 0.0000000 0.0000000
 0.0000000 0.0000000 0.0000000 0.0000000 0.0000000 0.0000000 0.0000000 0.0000000 0.0000000 0.0000000
 ik=          87
 2.0000000 2.0000000 2.0000000 2.0000000 0.0000000 0.0000000 0.0000000 0.0000000 0.0000000 0.0000000
 0.0000000 0.0000000 0.0000000 0.0000000 0.0000000 0.0000000 0.0000000 0.0000000 0.0000000 0.0000000
 ik=          88
 2.0000000 2.0000000 2.0000000 2.0000000 0.0000000 0.0000000 0.0000000 0.0000000 0.0000000 0.0000000
 0.0000000 0.0000000 0.0000000 0.0000000 0.0000000 0.0000000 0.0000000 0.0000000 0.0000000 0.0000000
 ik=          89
 2.0000000 2.0000000 2.0000000 2.0000000 0.0000000 0.0000000 0.0000000 0.0000000 0.0000000 0.0000000
 0.0000000 0.0000000 0.0000000 0.0000000 0.0000000 0.0000000 0.0000000 0.0000000 0.0000000 0.0000000
 ik=          90
 2.0000000 2.0000000 2.0000000 2.0000000 0.0000000 0.0000000 0.0000000 0.0000000 0.0000000 0.0000000
 0.0000000 0.0000000 0.0000000 0.0000000 0.0000000 0.0000000 0.0000000 0.0000000 0.0000000 0.0000000
 ik=          91
 2.0000000 2.0000000 2.0000000 2.0000000 0.0000000 0.0000000 0.0000000 0.0000000 0.0000000 0.0000000
 0.0000000 0.0000000 0.0000000 0.0000000 0.0000000 0.0000000 0.0000000 0.0000000 0.0000000 0.0000000
 ik=          92
 2.0000000 2.0000000 2.0000000 2.0000000 0.0000000 0.0000000 0.0000000 0.0000000 0.0000000 0.0000000
 0.0000000 0.0000000 0.0000000 0.0000000 0.0000000 0.0000000 0.0000000 0.0000000 0.0000000 0.0000000
 ik=          93
 2.0000000 2.0000000 2.0000000 2.0000000 0.0000000 0.0000000 0.0000000 0.0000000 0.0000000 0.0000000
 0.0000000 0.0000000 0.0000000 0.0000000 0.0000000 0.0000000 0.0000000 0.0000000 0.0000000 0.0000000
 ik=          94
 2.0000000 2.0000000 2.0000000 2.0000000 0.0000000 0.0000000 0.0000000 0.0000000 0.0000000 0.0000000
 0.0000000 0.0000000 0.0000000 0.0000000 0.0000000 0.0000000 0.0000000 0.0000000 0.0000000 0.0000000
 ik=          95
 2.0000000 2.0000000 2.0000000 2.0000000 0.0000001 0.0000000 0.0000000 0.0000000 0.0000000 0.0000000
 0.0000000 0.0000000 0.0000000 0.0000000 0.0000000 0.0000000 0.0000000 0.0000000 0.0000000 0.0000000
 ik=          96
 2.0000000 2.0000000 2.0000000 2.0000000 0.0000000 0.0000000 0.0000000 0.0000000 0.0000000 0.0000000
 0.0000000 0.0000000 0.0000000 0.0000000 0.0000000 0.0000000 0.0000000 0.0000000 0.0000000 0.0000000
 ik=          97
 2.0000000 2.0000000 2.0000000 2.0000000 0.0000000 0.0000000 0.0000000 0.0000000 0.0000000 0.0000000
 0.0000000 0.0000000 0.0000000 0.0000000 0.0000000 0.0000000 0.0000000 0.0000000 0.0000000 0.0000000
 ik=          98
 2.0000000 2.0000000 2.0000000 2.0000000 0.0000000 0.0000000 0.0000000 0.0000000 0.0000000 0.0000000
 0.0000000 0.0000000 0.0000000 0.0000000 0.0000000 0.0000000 0.0000000 0.0000000 0.0000000 0.0000000
 ik=          99
 2.0000000 2.0000000 2.0000000 2.0000000 0.0000000 0.0000000 0.0000000 0.0000000 0.0000000 0.0000000
 0.0000000 0.0000000 0.0000000 0.0000000 0.0000000 0.0000000 0.0000000 0.0000000 0.0000000 0.0000000
 ik=         100
 2.0000000 2.0000000 2.0000000 2.0000000 0.0000000 0.0000000 0.0000000 0.0000000 0.0000000 0.0000000
 0.0000000 0.0000000 0.0000000 0.0000000 0.0000000 0.0000000 0.0000000 0.0000000 0.0000000 0.0000000
 ik=         101
 2.0000000 2.0000000 2.0000000 2.0000000 0.0000000 0.0000000 0.0000000 0.0000000 0.0000000 0.0000000
 0.0000000 0.0000000 0.0000000 0.0000000 0.0000000 0.0000000 0.0000000 0.0000000 0.0000000 0.0000000
 ik=         102
 2.0000000 2.0000000 2.0000000 2.0000000 0.0000000 0.0000000 0.0000000 0.0000000 0.0000000 0.0000000
 0.0000000 0.0000000 0.0000000 0.0000000 0.0000000 0.0000000 0.0000000 0.0000000 0.0000000 0.0000000
 ik=         103
 2.0000000 2.0000000 2.0000000 2.0000000 0.0000000 0.0000000 0.0000000 0.0000000 0.0000000 0.0000000
 0.0000000 0.0000000 0.0000000 0.0000000 0.0000000 0.0000000 0.0000000 0.0000000 0.0000000 0.0000000
 ik=         104
 2.0000000 2.0000000 2.0000000 2.0000000 0.0000000 0.0000000 0.0000000 0.0000000 0.0000000 0.0000000
 0.0000000 0.0000000 0.0000000 0.0000000 0.0000000 0.0000000 0.0000000 0.0000000 0.0000000 0.0000000
 ik=         105
 2.0000000 2.0000000 2.0000000 2.0000000 0.0000000 0.0000000 0.0000000 0.0000000 0.0000000 0.0000000
 0.0000000 0.0000000 0.0000000 0.0000000 0.0000000 0.0000000 0.0000000 0.0000000 0.0000000 0.0000000
 ik=         106
 2.0000000 2.0000000 2.0000000 2.0000000 0.0000000 0.0000000 0.0000000 0.0000000 0.0000000 0.0000000
 0.0000000 0.0000000 0.0000000 0.0000000 0.0000000 0.0000000 0.0000000 0.0000000 0.0000000 0.0000000
 ik=         107
 2.0000000 2.0000000 2.0000000 2.0000000 0.0000000 0.0000000 0.0000000 0.0000000 0.0000000 0.0000000
 0.0000000 0.0000000 0.0000000 0.0000000 0.0000000 0.0000000 0.0000000 0.0000000 0.0000000 0.0000000
 ik=         108
 2.0000000 2.0000000 2.0000000 2.0000000 0.0000000 0.0000000 0.0000000 0.0000000 0.0000000 0.0000000
 0.0000000 0.0000000 0.0000000 0.0000000 0.0000000 0.0000000 0.0000000 0.0000000 0.0000000 0.0000000
 ik=         109
 2.0000000 2.0000000 2.0000000 2.0000000 0.0000000 0.0000000 0.0000000 0.0000000 0.0000000 0.0000000
 0.0000000 0.0000000 0.0000000 0.0000000 0.0000000 0.0000000 0.0000000 0.0000000 0.0000000 0.0000000
 ik=         110
 2.0000000 2.0000000 2.0000000 2.0000000 0.0000000 0.0000000 0.0000000 0.0000000 0.0000000 0.0000000
 0.0000000 0.0000000 0.0000000 0.0000000 0.0000000 0.0000000 0.0000000 0.0000000 0.0000000 0.0000000
 ik=         111
 2.0000000 2.0000000 2.0000000 2.0000000 0.0000000 0.0000000 0.0000000 0.0000000 0.0000000 0.0000000
 0.0000000 0.0000000 0.0000000 0.0000000 0.0000000 0.0000000 0.0000000 0.0000000 0.0000000 0.0000000
 ik=         112
 2.0000000 2.0000000 2.0000000 2.0000000 0.0000000 0.0000000 0.0000000 0.0000000 0.0000000 0.0000000
 0.0000000 0.0000000 0.0000000 0.0000000 0.0000000 0.0000000 0.0000000 0.0000000 0.0000000 0.0000000
 ik=         113
 2.0000000 2.0000000 2.0000000 2.0000000 0.0000000 0.0000000 0.0000000 0.0000000 0.0000000 0.0000000
 0.0000000 0.0000000 0.0000000 0.0000000 0.0000000 0.0000000 0.0000000 0.0000000 0.0000000 0.0000000
 ik=         114
 2.0000000 2.0000000 2.0000000 2.0000000 0.0000000 0.0000000 0.0000000 0.0000000 0.0000000 0.0000000
 0.0000000 0.0000000 0.0000000 0.0000000 0.0000000 0.0000000 0.0000000 0.0000000 0.0000000 0.0000000
 ik=         115
 2.0000000 2.0000000 2.0000000 2.0000000 0.0000000 0.0000000 0.0000000 0.0000000 0.0000000 0.0000000
 0.0000000 0.0000000 0.0000000 0.0000000 0.0000000 0.0000000 0.0000000 0.0000000 0.0000000 0.0000000
 ik=         116
 2.0000000 2.0000000 2.0000000 2.0000000 0.0000000 0.0000000 0.0000000 0.0000000 0.0000000 0.0000000
 0.0000000 0.0000000 0.0000000 0.0000000 0.0000000 0.0000000 0.0000000 0.0000000 0.0000000 0.0000000
 ik=         117
 2.0000000 2.0000000 2.0000000 2.0000000 0.0000002 0.0000000 0.0000000 0.0000000 0.0000000 0.0000000
 0.0000000 0.0000000 0.0000000 0.0000000 0.0000000 0.0000000 0.0000000 0.0000000 0.0000000 0.0000000
 ik=         118
 2.0000000 2.0000000 2.0000000 2.0000000 0.0000000 0.0000000 0.0000000 0.0000000 0.0000000 0.0000000
 0.0000000 0.0000000 0.0000000 0.0000000 0.0000000 0.0000000 0.0000000 0.0000000 0.0000000 0.0000000
 ik=         119
 2.0000000 2.0000000 2.0000000 2.0000000 0.0000000 0.0000000 0.0000000 0.0000000 0.0000000 0.0000000
 0.0000000 0.0000000 0.0000000 0.0000000 0.0000000 0.0000000 0.0000000 0.0000000 0.0000000 0.0000000
 ik=         120
 2.0000000 2.0000000 2.0000000 2.0000000 0.0000000 0.0000000 0.0000000 0.0000000 0.0000000 0.0000000
 0.0000000 0.0000000 0.0000000 0.0000000 0.0000000 0.0000000 0.0000000 0.0000000 0.0000000 0.0000000
 ik=         121
 2.0000000 2.0000000 2.0000000 2.0000000 0.0000000 0.0000000 0.0000000 0.0000000 0.0000000 0.0000000
 0.0000000 0.0000000 0.0000000 0.0000000 0.0000000 0.0000000 0.0000000 0.0000000 0.0000000 0.0000000
 ik=         122
 2.0000000 2.0000000 2.0000000 2.0000000 0.0000000 0.0000000 0.0000000 0.0000000 0.0000000 0.0000000
 0.0000000 0.0000000 0.0000000 0.0000000 0.0000000 0.0000000 0.0000000 0.0000000 0.0000000 0.0000000
 ik=         123
 2.0000000 2.0000000 2.0000000 2.0000000 0.0000000 0.0000000 0.0000000 0.0000000 0.0000000 0.0000000
 0.0000000 0.0000000 0.0000000 0.0000000 0.0000000 0.0000000 0.0000000 0.0000000 0.0000000 0.0000000
 ik=         124
 2.0000000 2.0000000 2.0000000 2.0000000 0.0000000 0.0000000 0.0000000 0.0000000 0.0000000 0.0000000
 0.0000000 0.0000000 0.0000000 0.0000000 0.0000000 0.0000000 0.0000000 0.0000000 0.0000000 0.0000000
 ik=         125
 2.0000000 2.0000000 2.0000000 2.0000000 0.0000000 0.0000000 0.0000000 0.0000000 0.0000000 0.0000000
 0.0000000 0.0000000 0.0000000 0.0000000 0.0000000 0.0000000 0.0000000 0.0000000 0.0000000 0.0000000
 ik=         126
 2.0000000 2.0000000 2.0000000 2.0000000 0.0000000 0.0000000 0.0000000 0.0000000 0.0000000 0.0000000
 0.0000000 0.0000000 0.0000000 0.0000000 0.0000000 0.0000000 0.0000000 0.0000000 0.0000000 0.0000000
 ik=         127
 2.0000000 2.0000000 2.0000000 2.0000000 0.0000000 0.0000000 0.0000000 0.0000000 0.0000000 0.0000000
 0.0000000 0.0000000 0.0000000 0.0000000 0.0000000 0.0000000 0.0000000 0.0000000 0.0000000 0.0000000
 ik=         128
 2.0000000 2.0000000 2.0000000 2.0000000 0.0000000 0.0000000 0.0000000 0.0000000 0.0000000 0.0000000
 0.0000000 0.0000000 0.0000000 0.0000000 0.0000000 0.0000000 0.0000000 0.0000000 0.0000000 0.0000000
 ik=         129
 2.0000000 2.0000000 2.0000000 2.0000000 0.0000000 0.0000000 0.0000000 0.0000000 0.0000000 0.0000000
 0.0000000 0.0000000 0.0000000 0.0000000 0.0000000 0.0000000 0.0000000 0.0000000 0.0000000 0.0000000
 ik=         130
 2.0000000 2.0000000 2.0000000 2.0000000 0.0000000 0.0000000 0.0000000 0.0000000 0.0000000 0.0000000
 0.0000000 0.0000000 0.0000000 0.0000000 0.0000000 0.0000000 0.0000000 0.0000000 0.0000000 0.0000000
 ik=         131
 2.0000000 2.0000000 2.0000000 2.0000000 0.0000000 0.0000000 0.0000000 0.0000000 0.0000000 0.0000000
 0.0000000 0.0000000 0.0000000 0.0000000 0.0000000 0.0000000 0.0000000 0.0000000 0.0000000 0.0000000
 ik=         132
 2.0000000 2.0000000 2.0000000 2.0000000 0.0000000 0.0000000 0.0000000 0.0000000 0.0000000 0.0000000
 0.0000000 0.0000000 0.0000000 0.0000000 0.0000000 0.0000000 0.0000000 0.0000000 0.0000000 0.0000000
 ik=         133
 2.0000000 2.0000000 2.0000000 2.0000000 0.0000000 0.0000000 0.0000000 0.0000000 0.0000000 0.0000000
 0.0000000 0.0000000 0.0000000 0.0000000 0.0000000 0.0000000 0.0000000 0.0000000 0.0000000 0.0000000
 ik=         134
 2.0000000 2.0000000 2.0000000 2.0000000 0.0000000 0.0000000 0.0000000 0.0000000 0.0000000 0.0000000
 0.0000000 0.0000000 0.0000000 0.0000000 0.0000000 0.0000000 0.0000000 0.0000000 0.0000000 0.0000000
 ik=         135
 2.0000000 2.0000000 2.0000000 2.0000000 0.0000000 0.0000000 0.0000000 0.0000000 0.0000000 0.0000000
 0.0000000 0.0000000 0.0000000 0.0000000 0.0000000 0.0000000 0.0000000 0.0000000 0.0000000 0.0000000
 ik=         136
 2.0000000 2.0000000 2.0000000 2.0000000 0.0000000 0.0000000 0.0000000 0.0000000 0.0000000 0.0000000
 0.0000000 0.0000000 0.0000000 0.0000000 0.0000000 0.0000000 0.0000000 0.0000000 0.0000000 0.0000000
 ik=         137
 2.0000000 2.0000000 2.0000000 2.0000000 0.0000002 0.0000000 0.0000000 0.0000000 0.0000000 0.0000000
 0.0000000 0.0000000 0.0000000 0.0000000 0.0000000 0.0000000 0.0000000 0.0000000 0.0000000 0.0000000
 ik=         138
 2.0000000 2.0000000 2.0000000 2.0000000 0.0000015 0.0000000 0.0000000 0.0000000 0.0000000 0.0000000
 0.0000000 0.0000000 0.0000000 0.0000000 0.0000000 0.0000000 0.0000000 0.0000000 0.0000000 0.0000000
 ik=         139
 2.0000000 2.0000000 2.0000000 2.0000000 0.0000000 0.0000000 0.0000000 0.0000000 0.0000000 0.0000000
 0.0000000 0.0000000 0.0000000 0.0000000 0.0000000 0.0000000 0.0000000 0.0000000 0.0000000 0.0000000
 ik=         140
 2.0000000 2.0000000 2.0000000 2.0000000 0.0000000 0.0000000 0.0000000 0.0000000 0.0000000 0.0000000
 0.0000000 0.0000000 0.0000000 0.0000000 0.0000000 0.0000000 0.0000000 0.0000000 0.0000000 0.0000000
 ik=         141
 2.0000000 2.0000000 2.0000000 2.0000000 0.0000000 0.0000000 0.0000000 0.0000000 0.0000000 0.0000000
 0.0000000 0.0000000 0.0000000 0.0000000 0.0000000 0.0000000 0.0000000 0.0000000 0.0000000 0.0000000
 ik=         142
 2.0000000 2.0000000 2.0000000 2.0000000 0.0000000 0.0000000 0.0000000 0.0000000 0.0000000 0.0000000
 0.0000000 0.0000000 0.0000000 0.0000000 0.0000000 0.0000000 0.0000000 0.0000000 0.0000000 0.0000000
 ik=         143
 2.0000000 2.0000000 2.0000000 2.0000000 0.0000000 0.0000000 0.0000000 0.0000000 0.0000000 0.0000000
 0.0000000 0.0000000 0.0000000 0.0000000 0.0000000 0.0000000 0.0000000 0.0000000 0.0000000 0.0000000
 ik=         144
 2.0000000 2.0000000 2.0000000 2.0000000 0.0000000 0.0000000 0.0000000 0.0000000 0.0000000 0.0000000
 0.0000000 0.0000000 0.0000000 0.0000000 0.0000000 0.0000000 0.0000000 0.0000000 0.0000000 0.0000000
 ik=         145
 2.0000000 2.0000000 2.0000000 2.0000000 0.0000000 0.0000000 0.0000000 0.0000000 0.0000000 0.0000000
 0.0000000 0.0000000 0.0000000 0.0000000 0.0000000 0.0000000 0.0000000 0.0000000 0.0000000 0.0000000
 ik=         146
 2.0000000 2.0000000 2.0000000 2.0000000 0.0000000 0.0000000 0.0000000 0.0000000 0.0000000 0.0000000
 0.0000000 0.0000000 0.0000000 0.0000000 0.0000000 0.0000000 0.0000000 0.0000000 0.0000000 0.0000000
 ik=         147
 2.0000000 2.0000000 2.0000000 2.0000000 0.0000000 0.0000000 0.0000000 0.0000000 0.0000000 0.0000000
 0.0000000 0.0000000 0.0000000 0.0000000 0.0000000 0.0000000 0.0000000 0.0000000 0.0000000 0.0000000
 ik=         148
 2.0000000 2.0000000 2.0000000 2.0000000 0.0000000 0.0000000 0.0000000 0.0000000 0.0000000 0.0000000
 0.0000000 0.0000000 0.0000000 0.0000000 0.0000000 0.0000000 0.0000000 0.0000000 0.0000000 0.0000000
 ik=         149
 2.0000000 2.0000000 2.0000000 2.0000000 0.0000000 0.0000000 0.0000000 0.0000000 0.0000000 0.0000000
 0.0000000 0.0000000 0.0000000 0.0000000 0.0000000 0.0000000 0.0000000 0.0000000 0.0000000 0.0000000
 ik=         150
 2.0000000 2.0000000 2.0000000 2.0000000 0.0000000 0.0000000 0.0000000 0.0000000 0.0000000 0.0000000
 0.0000000 0.0000000 0.0000000 0.0000000 0.0000000 0.0000000 0.0000000 0.0000000 0.0000000 0.0000000
 ik=         151
 2.0000000 2.0000000 2.0000000 2.0000000 0.0000000 0.0000000 0.0000000 0.0000000 0.0000000 0.0000000
 0.0000000 0.0000000 0.0000000 0.0000000 0.0000000 0.0000000 0.0000000 0.0000000 0.0000000 0.0000000
 ik=         152
 2.0000000 2.0000000 2.0000000 2.0000000 0.0000000 0.0000000 0.0000000 0.0000000 0.0000000 0.0000000
 0.0000000 0.0000000 0.0000000 0.0000000 0.0000000 0.0000000 0.0000000 0.0000000 0.0000000 0.0000000
 ik=         153
 2.0000000 2.0000000 2.0000000 2.0000000 0.0000000 0.0000000 0.0000000 0.0000000 0.0000000 0.0000000
 0.0000000 0.0000000 0.0000000 0.0000000 0.0000000 0.0000000 0.0000000 0.0000000 0.0000000 0.0000000
 ik=         154
 2.0000000 2.0000000 2.0000000 2.0000000 0.0000000 0.0000000 0.0000000 0.0000000 0.0000000 0.0000000
 0.0000000 0.0000000 0.0000000 0.0000000 0.0000000 0.0000000 0.0000000 0.0000000 0.0000000 0.0000000
 ik=         155
 2.0000000 2.0000000 2.0000000 2.0000000 0.0000001 0.0000000 0.0000000 0.0000000 0.0000000 0.0000000
 0.0000000 0.0000000 0.0000000 0.0000000 0.0000000 0.0000000 0.0000000 0.0000000 0.0000000 0.0000000
 ik=         156
 2.0000000 2.0000000 2.0000000 1.9999987 0.0000253 0.0000000 0.0000000 0.0000000 0.0000000 0.0000000
 0.0000000 0.0000000 0.0000000 0.0000000 0.0000000 0.0000000 0.0000000 0.0000000 0.0000000 0.0000000
 ik=         157
 2.0000000 2.0000000 2.0000000 1.9999998 0.0000038 0.0000000 0.0000000 0.0000000 0.0000000 0.0000000
 0.0000000 0.0000000 0.0000000 0.0000000 0.0000000 0.0000000 0.0000000 0.0000000 0.0000000 0.0000000
 ik=         158
 2.0000000 2.0000000 2.0000000 2.0000000 0.0000000 0.0000000 0.0000000 0.0000000 0.0000000 0.0000000
 0.0000000 0.0000000 0.0000000 0.0000000 0.0000000 0.0000000 0.0000000 0.0000000 0.0000000 0.0000000
 ik=         159
 2.0000000 2.0000000 2.0000000 2.0000000 0.0000000 0.0000000 0.0000000 0.0000000 0.0000000 0.0000000
 0.0000000 0.0000000 0.0000000 0.0000000 0.0000000 0.0000000 0.0000000 0.0000000 0.0000000 0.0000000
 ik=         160
 2.0000000 2.0000000 2.0000000 2.0000000 0.0000000 0.0000000 0.0000000 0.0000000 0.0000000 0.0000000
 0.0000000 0.0000000 0.0000000 0.0000000 0.0000000 0.0000000 0.0000000 0.0000000 0.0000000 0.0000000
 ik=         161
 2.0000000 2.0000000 2.0000000 2.0000000 0.0000000 0.0000000 0.0000000 0.0000000 0.0000000 0.0000000
 0.0000000 0.0000000 0.0000000 0.0000000 0.0000000 0.0000000 0.0000000 0.0000000 0.0000000 0.0000000
 ik=         162
 2.0000000 2.0000000 2.0000000 2.0000000 0.0000000 0.0000000 0.0000000 0.0000000 0.0000000 0.0000000
 0.0000000 0.0000000 0.0000000 0.0000000 0.0000000 0.0000000 0.0000000 0.0000000 0.0000000 0.0000000
 ik=         163
 2.0000000 2.0000000 2.0000000 2.0000000 0.0000000 0.0000000 0.0000000 0.0000000 0.0000000 0.0000000
 0.0000000 0.0000000 0.0000000 0.0000000 0.0000000 0.0000000 0.0000000 0.0000000 0.0000000 0.0000000
 ik=         164
 2.0000000 2.0000000 2.0000000 2.0000000 0.0000000 0.0000000 0.0000000 0.0000000 0.0000000 0.0000000
 0.0000000 0.0000000 0.0000000 0.0000000 0.0000000 0.0000000 0.0000000 0.0000000 0.0000000 0.0000000
 ik=         165
 2.0000000 2.0000000 2.0000000 2.0000000 0.0000000 0.0000000 0.0000000 0.0000000 0.0000000 0.0000000
 0.0000000 0.0000000 0.0000000 0.0000000 0.0000000 0.0000000 0.0000000 0.0000000 0.0000000 0.0000000
 ik=         166
 2.0000000 2.0000000 2.0000000 2.0000000 0.0000000 0.0000000 0.0000000 0.0000000 0.0000000 0.0000000
 0.0000000 0.0000000 0.0000000 0.0000000 0.0000000 0.0000000 0.0000000 0.0000000 0.0000000 0.0000000
 ik=         167
 2.0000000 2.0000000 2.0000000 2.0000000 0.0000000 0.0000000 0.0000000 0.0000000 0.0000000 0.0000000
 0.0000000 0.0000000 0.0000000 0.0000000 0.0000000 0.0000000 0.0000000 0.0000000 0.0000000 0.0000000
 ik=         168
 2.0000000 2.0000000 2.0000000 2.0000000 0.0000000 0.0000000 0.0000000 0.0000000 0.0000000 0.0000000
 0.0000000 0.0000000 0.0000000 0.0000000 0.0000000 0.0000000 0.0000000 0.0000000 0.0000000 0.0000000
 ik=         169
 2.0000000 2.0000000 2.0000000 2.0000000 0.0000000 0.0000000 0.0000000 0.0000000 0.0000000 0.0000000
 0.0000000 0.0000000 0.0000000 0.0000000 0.0000000 0.0000000 0.0000000 0.0000000 0.0000000 0.0000000
 ik=         170
 2.0000000 2.0000000 2.0000000 2.0000000 0.0000000 0.0000000 0.0000000 0.0000000 0.0000000 0.0000000
 0.0000000 0.0000000 0.0000000 0.0000000 0.0000000 0.0000000 0.0000000 0.0000000 0.0000000 0.0000000
 ik=         171
 2.0000000 2.0000000 2.0000000 2.0000000 0.0000000 0.0000000 0.0000000 0.0000000 0.0000000 0.0000000
 0.0000000 0.0000000 0.0000000 0.0000000 0.0000000 0.0000000 0.0000000 0.0000000 0.0000000 0.0000000
 ik=         172
 2.0000000 2.0000000 2.0000000 1.9999578 0.0001343 0.0000000 0.0000000 0.0000000 0.0000000 0.0000000
 0.0000000 0.0000000 0.0000000 0.0000000 0.0000000 0.0000000 0.0000000 0.0000000 0.0000000 0.0000000
 ik=         173
 2.0000000 2.0000000 2.0000000 1.9997562 0.0007246 0.0000000 0.0000000 0.0000000 0.0000000 0.0000000
 0.0000000 0.0000000 0.0000000 0.0000000 0.0000000 0.0000000 0.0000000 0.0000000 0.0000000 0.0000000
 ik=         174
 2.0000000 2.0000000 2.0000000 1.9999986 0.0000047 0.0000000 0.0000000 0.0000000 0.0000000 0.0000000
 0.0000000 0.0000000 0.0000000 0.0000000 0.0000000 0.0000000 0.0000000 0.0000000 0.0000000 0.0000000
 ik=         175
 2.0000000 2.0000000 2.0000000 2.0000000 0.0000000 0.0000000 0.0000000 0.0000000 0.0000000 0.0000000
 0.0000000 0.0000000 0.0000000 0.0000000 0.0000000 0.0000000 0.0000000 0.0000000 0.0000000 0.0000000
 ik=         176
 2.0000000 2.0000000 2.0000000 2.0000000 0.0000000 0.0000000 0.0000000 0.0000000 0.0000000 0.0000000
 0.0000000 0.0000000 0.0000000 0.0000000 0.0000000 0.0000000 0.0000000 0.0000000 0.0000000 0.0000000
 ik=         177
 2.0000000 2.0000000 2.0000000 2.0000000 0.0000000 0.0000000 0.0000000 0.0000000 0.0000000 0.0000000
 0.0000000 0.0000000 0.0000000 0.0000000 0.0000000 0.0000000 0.0000000 0.0000000 0.0000000 0.0000000
 ik=         178
 2.0000000 2.0000000 2.0000000 2.0000000 0.0000000 0.0000000 0.0000000 0.0000000 0.0000000 0.0000000
 0.0000000 0.0000000 0.0000000 0.0000000 0.0000000 0.0000000 0.0000000 0.0000000 0.0000000 0.0000000
 ik=         179
 2.0000000 2.0000000 2.0000000 2.0000000 0.0000000 0.0000000 0.0000000 0.0000000 0.0000000 0.0000000
 0.0000000 0.0000000 0.0000000 0.0000000 0.0000000 0.0000000 0.0000000 0.0000000 0.0000000 0.0000000
 ik=         180
 2.0000000 2.0000000 2.0000000 2.0000000 0.0000000 0.0000000 0.0000000 0.0000000 0.0000000 0.0000000
 0.0000000 0.0000000 0.0000000 0.0000000 0.0000000 0.0000000 0.0000000 0.0000000 0.0000000 0.0000000
 ik=         181
 2.0000000 2.0000000 2.0000000 2.0000000 0.0000000 0.0000000 0.0000000 0.0000000 0.0000000 0.0000000
 0.0000000 0.0000000 0.0000000 0.0000000 0.0000000 0.0000000 0.0000000 0.0000000 0.0000000 0.0000000
 ik=         182
 2.0000000 2.0000000 2.0000000 2.0000000 0.0000000 0.0000000 0.0000000 0.0000000 0.0000000 0.0000000
 0.0000000 0.0000000 0.0000000 0.0000000 0.0000000 0.0000000 0.0000000 0.0000000 0.0000000 0.0000000
 ik=         183
 2.0000000 2.0000000 2.0000000 2.0000000 0.0000000 0.0000000 0.0000000 0.0000000 0.0000000 0.0000000
 0.0000000 0.0000000 0.0000000 0.0000000 0.0000000 0.0000000 0.0000000 0.0000000 0.0000000 0.0000000
 ik=         184
 2.0000000 2.0000000 2.0000000 2.0000000 0.0000000 0.0000000 0.0000000 0.0000000 0.0000000 0.0000000
 0.0000000 0.0000000 0.0000000 0.0000000 0.0000000 0.0000000 0.0000000 0.0000000 0.0000000 0.0000000
 ik=         185
 2.0000000 2.0000000 2.0000000 2.0000000 0.0000000 0.0000000 0.0000000 0.0000000 0.0000000 0.0000000
 0.0000000 0.0000000 0.0000000 0.0000000 0.0000000 0.0000000 0.0000000 0.0000000 0.0000000 0.0000000
 ik=         186
 2.0000000 2.0000000 2.0000000 1.9997792 0.0002861 0.0000000 0.0000000 0.0000000 0.0000000 0.0000000
 0.0000000 0.0000000 0.0000000 0.0000000 0.0000000 0.0000000 0.0000000 0.0000000 0.0000000 0.0000000
 ik=         187
 2.0000000 2.0000000 2.0000000 1.9812062 0.0225343 0.0000000 0.0000000 0.0000000 0.0000000 0.0000000
 0.0000000 0.0000000 0.0000000 0.0000000 0.0000000 0.0000000 0.0000000 0.0000000 0.0000000 0.0000000
 ik=         188
 2.0000000 2.0000000 2.0000000 1.9959216 0.0050862 0.0000000 0.0000000 0.0000000 0.0000000 0.0000000
 0.0000000 0.0000000 0.0000000 0.0000000 0.0000000 0.0000000 0.0000000 0.0000000 0.0000000 0.0000000
 ik=         189
 2.0000000 2.0000000 2.0000000 1.9999965 0.0000045 0.0000000 0.0000000 0.0000000 0.0000000 0.0000000
 0.0000000 0.0000000 0.0000000 0.0000000 0.0000000 0.0000000 0.0000000 0.0000000 0.0000000 0.0000000
 ik=         190
 2.0000000 2.0000000 2.0000000 2.0000000 0.0000000 0.0000000 0.0000000 0.0000000 0.0000000 0.0000000
 0.0000000 0.0000000 0.0000000 0.0000000 0.0000000 0.0000000 0.0000000 0.0000000 0.0000000 0.0000000
 ik=         191
 2.0000000 2.0000000 2.0000000 2.0000000 0.0000000 0.0000000 0.0000000 0.0000000 0.0000000 0.0000000
 0.0000000 0.0000000 0.0000000 0.0000000 0.0000000 0.0000000 0.0000000 0.0000000 0.0000000 0.0000000
 ik=         192
 2.0000000 2.0000000 2.0000000 2.0000000 0.0000000 0.0000000 0.0000000 0.0000000 0.0000000 0.0000000
 0.0000000 0.0000000 0.0000000 0.0000000 0.0000000 0.0000000 0.0000000 0.0000000 0.0000000 0.0000000
 ik=         193
 2.0000000 2.0000000 2.0000000 2.0000000 0.0000000 0.0000000 0.0000000 0.0000000 0.0000000 0.0000000
 0.0000000 0.0000000 0.0000000 0.0000000 0.0000000 0.0000000 0.0000000 0.0000000 0.0000000 0.0000000
 ik=         194
 2.0000000 2.0000000 2.0000000 2.0000000 0.0000000 0.0000000 0.0000000 0.0000000 0.0000000 0.0000000
 0.0000000 0.0000000 0.0000000 0.0000000 0.0000000 0.0000000 0.0000000 0.0000000 0.0000000 0.0000000
 ik=         195
 2.0000000 2.0000000 2.0000000 2.0000000 0.0000000 0.0000000 0.0000000 0.0000000 0.0000000 0.0000000
 0.0000000 0.0000000 0.0000000 0.0000000 0.0000000 0.0000000 0.0000000 0.0000000 0.0000000 0.0000000
 ik=         196
 2.0000000 2.0000000 2.0000000 2.0000000 0.0000000 0.0000000 0.0000000 0.0000000 0.0000000 0.0000000
 0.0000000 0.0000000 0.0000000 0.0000000 0.0000000 0.0000000 0.0000000 0.0000000 0.0000000 0.0000000
 ik=         197
 2.0000000 2.0000000 2.0000000 2.0000000 0.0000000 0.0000000 0.0000000 0.0000000 0.0000000 0.0000000
 0.0000000 0.0000000 0.0000000 0.0000000 0.0000000 0.0000000 0.0000000 0.0000000 0.0000000 0.0000000
 ik=         198
 2.0000000 2.0000000 2.0000000 2.0000000 0.0000000 0.0000000 0.0000000 0.0000000 0.0000000 0.0000000
 0.0000000 0.0000000 0.0000000 0.0000000 0.0000000 0.0000000 0.0000000 0.0000000 0.0000000 0.0000000
 ik=         199
 2.0000000 2.0000000 2.0000000 1.9176115 0.0824855 0.0000000 0.0000000 0.0000000 0.0000000 0.0000000
 0.0000000 0.0000000 0.0000000 0.0000000 0.0000000 0.0000000 0.0000000 0.0000000 0.0000000 0.0000000
 ik=         200
 2.0000000 2.0000000 2.0000000 1.6523392 0.3398318 0.0000000 0.0000000 0.0000000 0.0000000 0.0000000
 0.0000000 0.0000000 0.0000000 0.0000000 0.0000000 0.0000000 0.0000000 0.0000000 0.0000000 0.0000000
 ik=         201
 2.0000000 2.0000000 2.0000000 1.9929461 0.0074720 0.0000000 0.0000000 0.0000000 0.0000000 0.0000000
 0.0000000 0.0000000 0.0000000 0.0000000 0.0000000 0.0000000 0.0000000 0.0000000 0.0000000 0.0000000
 ik=         202
 2.0000000 2.0000000 2.0000000 1.9999975 0.0000046 0.0000000 0.0000000 0.0000000 0.0000000 0.0000000
 0.0000000 0.0000000 0.0000000 0.0000000 0.0000000 0.0000000 0.0000000 0.0000000 0.0000000 0.0000000
 ik=         203
 2.0000000 2.0000000 2.0000000 2.0000000 0.0000000 0.0000000 0.0000000 0.0000000 0.0000000 0.0000000
 0.0000000 0.0000000 0.0000000 0.0000000 0.0000000 0.0000000 0.0000000 0.0000000 0.0000000 0.0000000
 ik=         204
 2.0000000 2.0000000 2.0000000 2.0000000 0.0000000 0.0000000 0.0000000 0.0000000 0.0000000 0.0000000
 0.0000000 0.0000000 0.0000000 0.0000000 0.0000000 0.0000000 0.0000000 0.0000000 0.0000000 0.0000000
 ik=         205
 2.0000000 2.0000000 2.0000000 2.0000000 0.0000000 0.0000000 0.0000000 0.0000000 0.0000000 0.0000000
 0.0000000 0.0000000 0.0000000 0.0000000 0.0000000 0.0000000 0.0000000 0.0000000 0.0000000 0.0000000
 ik=         206
 2.0000000 2.0000000 2.0000000 2.0000000 0.0000000 0.0000000 0.0000000 0.0000000 0.0000000 0.0000000
 0.0000000 0.0000000 0.0000000 0.0000000 0.0000000 0.0000000 0.0000000 0.0000000 0.0000000 0.0000000
 ik=         207
 2.0000000 2.0000000 2.0000000 2.0000000 0.0000000 0.0000000 0.0000000 0.0000000 0.0000000 0.0000000
 0.0000000 0.0000000 0.0000000 0.0000000 0.0000000 0.0000000 0.0000000 0.0000000 0.0000000 0.0000000
 ik=         208
 2.0000000 2.0000000 2.0000000 2.0000000 0.0000000 0.0000000 0.0000000 0.0000000 0.0000000 0.0000000
 0.0000000 0.0000000 0.0000000 0.0000000 0.0000000 0.0000000 0.0000000 0.0000000 0.0000000 0.0000000
 ik=         209
 2.0000000 2.0000000 2.0000000 2.0000000 0.0000000 0.0000000 0.0000000 0.0000000 0.0000000 0.0000000
 0.0000000 0.0000000 0.0000000 0.0000000 0.0000000 0.0000000 0.0000000 0.0000000 0.0000000 0.0000000
 ik=         210
 2.0000000 2.0000000 2.0000000 2.0000000 0.0000000 0.0000000 0.0000000 0.0000000 0.0000000 0.0000000
 0.0000000 0.0000000 0.0000000 0.0000000 0.0000000 0.0000000 0.0000000 0.0000000 0.0000000 0.0000000
 ik=         211
 2.0000000 2.0000000 2.0000000 1.8785650 0.1232595 0.0000000 0.0000000 0.0000000 0.0000000 0.0000000
 0.0000000 0.0000000 0.0000000 0.0000000 0.0000000 0.0000000 0.0000000 0.0000000 0.0000000 0.0000000
 ik=         212
 2.0000000 2.0000000 2.0000000 1.9986745 0.0022786 0.0000000 0.0000000 0.0000000 0.0000000 0.0000000
 0.0000000 0.0000000 0.0000000 0.0000000 0.0000000 0.0000000 0.0000000 0.0000000 0.0000000 0.0000000
 ik=         213
 2.0000000 2.0000000 2.0000000 1.9999994 0.0000043 0.0000000 0.0000000 0.0000000 0.0000000 0.0000000
 0.0000000 0.0000000 0.0000000 0.0000000 0.0000000 0.0000000 0.0000000 0.0000000 0.0000000 0.0000000
 ik=         214
 2.0000000 2.0000000 2.0000000 2.0000000 0.0000000 0.0000000 0.0000000 0.0000000 0.0000000 0.0000000
 0.0000000 0.0000000 0.0000000 0.0000000 0.0000000 0.0000000 0.0000000 0.0000000 0.0000000 0.0000000
 ik=         215
 2.0000000 2.0000000 2.0000000 2.0000000 0.0000000 0.0000000 0.0000000 0.0000000 0.0000000 0.0000000
 0.0000000 0.0000000 0.0000000 0.0000000 0.0000000 0.0000000 0.0000000 0.0000000 0.0000000 0.0000000
 ik=         216
 2.0000000 2.0000000 2.0000000 2.0000000 0.0000000 0.0000000 0.0000000 0.0000000 0.0000000 0.0000000
 0.0000000 0.0000000 0.0000000 0.0000000 0.0000000 0.0000000 0.0000000 0.0000000 0.0000000 0.0000000
 ik=         217
 2.0000000 2.0000000 2.0000000 2.0000000 0.0000000 0.0000000 0.0000000 0.0000000 0.0000000 0.0000000
 0.0000000 0.0000000 0.0000000 0.0000000 0.0000000 0.0000000 0.0000000 0.0000000 0.0000000 0.0000000
 ik=         218
 2.0000000 2.0000000 2.0000000 2.0000000 0.0000000 0.0000000 0.0000000 0.0000000 0.0000000 0.0000000
 0.0000000 0.0000000 0.0000000 0.0000000 0.0000000 0.0000000 0.0000000 0.0000000 0.0000000 0.0000000
 ik=         219
 2.0000000 2.0000000 2.0000000 2.0000000 0.0000000 0.0000000 0.0000000 0.0000000 0.0000000 0.0000000
 0.0000000 0.0000000 0.0000000 0.0000000 0.0000000 0.0000000 0.0000000 0.0000000 0.0000000 0.0000000
 ik=         220
 2.0000000 2.0000000 2.0000000 2.0000000 0.0000000 0.0000000 0.0000000 0.0000000 0.0000000 0.0000000
 0.0000000 0.0000000 0.0000000 0.0000000 0.0000000 0.0000000 0.0000000 0.0000000 0.0000000 0.0000000
 ik=         221
 2.0000000 2.0000000 2.0000000 1.9999752 0.0001602 0.0000000 0.0000000 0.0000000 0.0000000 0.0000000
 0.0000000 0.0000000 0.0000000 0.0000000 0.0000000 0.0000000 0.0000000 0.0000000 0.0000000 0.0000000
 ik=         222
 2.0000000 2.0000000 2.0000000 2.0000000 0.0000027 0.0000000 0.0000000 0.0000000 0.0000000 0.0000000
 0.0000000 0.0000000 0.0000000 0.0000000 0.0000000 0.0000000 0.0000000 0.0000000 0.0000000 0.0000000
 ik=         223
 2.0000000 2.0000000 2.0000000 2.0000000 0.0000000 0.0000000 0.0000000 0.0000000 0.0000000 0.0000000
 0.0000000 0.0000000 0.0000000 0.0000000 0.0000000 0.0000000 0.0000000 0.0000000 0.0000000 0.0000000
 ik=         224
 2.0000000 2.0000000 2.0000000 2.0000000 0.0000000 0.0000000 0.0000000 0.0000000 0.0000000 0.0000000
 0.0000000 0.0000000 0.0000000 0.0000000 0.0000000 0.0000000 0.0000000 0.0000000 0.0000000 0.0000000
 ik=         225
 2.0000000 2.0000000 2.0000000 2.0000000 0.0000000 0.0000000 0.0000000 0.0000000 0.0000000 0.0000000
 0.0000000 0.0000000 0.0000000 0.0000000 0.0000000 0.0000000 0.0000000 0.0000000 0.0000000 0.0000000
 ik=         226
 2.0000000 2.0000000 2.0000000 2.0000000 0.0000000 0.0000000 0.0000000 0.0000000 0.0000000 0.0000000
 0.0000000 0.0000000 0.0000000 0.0000000 0.0000000 0.0000000 0.0000000 0.0000000 0.0000000 0.0000000
 ik=         227
 2.0000000 2.0000000 2.0000000 2.0000000 0.0000000 0.0000000 0.0000000 0.0000000 0.0000000 0.0000000
 0.0000000 0.0000000 0.0000000 0.0000000 0.0000000 0.0000000 0.0000000 0.0000000 0.0000000 0.0000000
 ik=         228
 2.0000000 2.0000000 2.0000000 2.0000000 0.0000000 0.0000000 0.0000000 0.0000000 0.0000000 0.0000000
 0.0000000 0.0000000 0.0000000 0.0000000 0.0000000 0.0000000 0.0000000 0.0000000 0.0000000 0.0000000
 ik=         229
 2.0000000 2.0000000 2.0000000 2.0000000 0.0000006 0.0000000 0.0000000 0.0000000 0.0000000 0.0000000
 0.0000000 0.0000000 0.0000000 0.0000000 0.0000000 0.0000000 0.0000000 0.0000000 0.0000000 0.0000000
 ik=         230
 2.0000000 2.0000000 2.0000000 2.0000000 0.0000000 0.0000000 0.0000000 0.0000000 0.0000000 0.0000000
 0.0000000 0.0000000 0.0000000 0.0000000 0.0000000 0.0000000 0.0000000 0.0000000 0.0000000 0.0000000
 ik=         231
 2.0000000 2.0000000 2.0000000 2.0000000 0.0000000 0.0000000 0.0000000 0.0000000 0.0000000 0.0000000
 0.0000000 0.0000000 0.0000000 0.0000000 0.0000000 0.0000000 0.0000000 0.0000000 0.0000000 0.0000000
 ik=         232
 2.0000000 2.0000000 2.0000000 2.0000000 0.0000000 0.0000000 0.0000000 0.0000000 0.0000000 0.0000000
 0.0000000 0.0000000 0.0000000 0.0000000 0.0000000 0.0000000 0.0000000 0.0000000 0.0000000 0.0000000
 ik=         233
 2.0000000 2.0000000 2.0000000 2.0000000 0.0000000 0.0000000 0.0000000 0.0000000 0.0000000 0.0000000
 0.0000000 0.0000000 0.0000000 0.0000000 0.0000000 0.0000000 0.0000000 0.0000000 0.0000000 0.0000000
 ik=         234
 2.0000000 2.0000000 2.0000000 2.0000000 0.0000000 0.0000000 0.0000000 0.0000000 0.0000000 0.0000000
 0.0000000 0.0000000 0.0000000 0.0000000 0.0000000 0.0000000 0.0000000 0.0000000 0.0000000 0.0000000
 ik=         235
 2.0000000 2.0000000 2.0000000 2.0000000 0.0000000 0.0000000 0.0000000 0.0000000 0.0000000 0.0000000
 0.0000000 0.0000000 0.0000000 0.0000000 0.0000000 0.0000000 0.0000000 0.0000000 0.0000000 0.0000000
 ik=         236
 2.0000000 2.0000000 2.0000000 2.0000000 0.0000000 0.0000000 0.0000000 0.0000000 0.0000000 0.0000000
 0.0000000 0.0000000 0.0000000 0.0000000 0.0000000 0.0000000 0.0000000 0.0000000 0.0000000 0.0000000
 ik=         237
 2.0000000 2.0000000 2.0000000 2.0000000 0.0000000 0.0000000 0.0000000 0.0000000 0.0000000 0.0000000
 0.0000000 0.0000000 0.0000000 0.0000000 0.0000000 0.0000000 0.0000000 0.0000000 0.0000000 0.0000000
 ik=         238
 2.0000000 2.0000000 2.0000000 2.0000000 0.0000000 0.0000000 0.0000000 0.0000000 0.0000000 0.0000000
 0.0000000 0.0000000 0.0000000 0.0000000 0.0000000 0.0000000 0.0000000 0.0000000 0.0000000 0.0000000
 ik=         239
 2.0000000 2.0000000 2.0000000 2.0000000 0.0000000 0.0000000 0.0000000 0.0000000 0.0000000 0.0000000
 0.0000000 0.0000000 0.0000000 0.0000000 0.0000000 0.0000000 0.0000000 0.0000000 0.0000000 0.0000000
 ik=         240
 2.0000000 2.0000000 2.0000000 2.0000000 0.0000000 0.0000000 0.0000000 0.0000000 0.0000000 0.0000000
 0.0000000 0.0000000 0.0000000 0.0000000 0.0000000 0.0000000 0.0000000 0.0000000 0.0000000 0.0000000
 io sono omax =          599
 alpha =    5.0000000745058060E-002
 halfalpha =    2.5000000372529030E-002
 const =    1015.0317410865288     
 sono qui 6
   0.0000000000000000        0.0000000000000000     
 igwx, npw        5641        3362
 Costruisco le psi ed il matrixelements
 Controllo: I punti k ora devo essere in coordinate cartesiane!
   0.016667  0.028868 -0.055556
   0.016667  0.067358 -0.055556
   0.016667  0.105848 -0.055556
   0.016667  0.144338 -0.055556
   0.016667  0.182828 -0.055556
   0.016667  0.221318 -0.055556
   0.016667  0.259808 -0.055556
   0.016667  0.298298 -0.055556
   0.016667  0.336788 -0.055556
   0.016667  0.375278 -0.055556
   0.016667  0.413768 -0.055556
   0.016667  0.452258 -0.055556
   0.016667  0.490748 -0.055556
   0.016667  0.529238 -0.055556
   0.016667  0.567728 -0.055556
   0.016667 -0.548483 -0.055556
   0.016667 -0.509993 -0.055556
   0.016667 -0.471503 -0.055556
   0.016667 -0.433013 -0.055556
   0.016667 -0.394523 -0.055556
   0.016667 -0.356033 -0.055556
   0.016667 -0.317543 -0.055556
   0.016667 -0.279053 -0.055556
   0.016667 -0.240563 -0.055556
   0.016667 -0.202073 -0.055556
   0.016667 -0.163583 -0.055556
   0.016667 -0.125093 -0.055556
   0.016667 -0.086603 -0.055556
   0.016667 -0.048113 -0.055556
   0.016667 -0.009623 -0.055556
   0.050000  0.086603 -0.055556
   0.050000  0.125093 -0.055556
   0.050000  0.163583 -0.055556
   0.050000  0.202073 -0.055556
   0.050000  0.240563 -0.055556
   0.050000  0.279053 -0.055556
   0.050000  0.317543 -0.055556
   0.050000  0.356033 -0.055556
   0.050000  0.394523 -0.055556
   0.050000  0.433013 -0.055556
   0.050000  0.471503 -0.055556
   0.050000  0.509993 -0.055556
   0.050000  0.548483 -0.055556
   0.050000  0.586973 -0.055556
   0.050000 -0.529238 -0.055556
   0.050000 -0.490748 -0.055556
   0.050000 -0.452258 -0.055556
   0.050000 -0.413768 -0.055556
   0.050000 -0.375278 -0.055556
   0.050000 -0.336788 -0.055556
   0.050000 -0.298298 -0.055556
   0.050000 -0.259808 -0.055556
   0.050000 -0.221318 -0.055556
   0.050000 -0.182828 -0.055556
   0.050000 -0.144338 -0.055556
   0.050000 -0.105848 -0.055556
   0.050000 -0.067358 -0.055556
   0.050000 -0.028868 -0.055556
   0.083333  0.144338 -0.055556
   0.083333  0.182828 -0.055556
   0.083333  0.221318 -0.055556
   0.083333  0.259808 -0.055556
   0.083333  0.298298 -0.055556
   0.083333  0.336788 -0.055556
   0.083333  0.375278 -0.055556
   0.083333  0.413768 -0.055556
   0.083333  0.452258 -0.055556
   0.083333  0.490748 -0.055556
   0.083333  0.529238 -0.055556
   0.083333  0.567728 -0.055556
   0.083333  0.606218 -0.055556
   0.083333 -0.509993 -0.055556
   0.083333 -0.471503 -0.055556
   0.083333 -0.433013 -0.055556
   0.083333 -0.394523 -0.055556
   0.083333 -0.356033 -0.055556
   0.083333 -0.317543 -0.055556
   0.083333 -0.279053 -0.055556
   0.083333 -0.240563 -0.055556
   0.083333 -0.202073 -0.055556
   0.083333 -0.163583 -0.055556
   0.083333 -0.125093 -0.055556
   0.083333 -0.086603 -0.055556
   0.083333 -0.048113 -0.055556
   0.116667  0.202073 -0.055556
   0.116667  0.240563 -0.055556
   0.116667  0.279053 -0.055556
   0.116667  0.317543 -0.055556
   0.116667  0.356033 -0.055556
   0.116667  0.394523 -0.055556
   0.116667  0.433013 -0.055556
   0.116667  0.471503 -0.055556
   0.116667  0.509993 -0.055556
   0.116667  0.548483 -0.055556
   0.116667  0.586973 -0.055556
   0.116667  0.625463 -0.055556
   0.116667 -0.490748 -0.055556
   0.116667 -0.452258 -0.055556
   0.116667 -0.413768 -0.055556
   0.116667 -0.375278 -0.055556
   0.116667 -0.336788 -0.055556
   0.116667 -0.298298 -0.055556
   0.116667 -0.259808 -0.055556
   0.116667 -0.221318 -0.055556
   0.116667 -0.182828 -0.055556
   0.116667 -0.144338 -0.055556
   0.116667 -0.105848 -0.055556
   0.116667 -0.067358 -0.055556
   0.150000  0.259808 -0.055556
   0.150000  0.298298 -0.055556
   0.150000  0.336788 -0.055556
   0.150000  0.375278 -0.055556
   0.150000  0.413768 -0.055556
   0.150000  0.452258 -0.055556
   0.150000  0.490748 -0.055556
   0.150000  0.529238 -0.055556
   0.150000  0.567728 -0.055556
   0.150000  0.606218 -0.055556
   0.150000  0.644708 -0.055556
   0.150000 -0.471503 -0.055556
   0.150000 -0.433013 -0.055556
   0.150000 -0.394523 -0.055556
   0.150000 -0.356033 -0.055556
   0.150000 -0.317543 -0.055556
   0.150000 -0.279053 -0.055556
   0.150000 -0.240563 -0.055556
   0.150000 -0.202073 -0.055556
   0.150000 -0.163583 -0.055556
   0.150000 -0.125093 -0.055556
   0.150000 -0.086603 -0.055556
   0.183333  0.317543 -0.055556
   0.183333  0.356033 -0.055556
   0.183333  0.394523 -0.055556
   0.183333  0.433013 -0.055556
   0.183333  0.471503 -0.055556
   0.183333  0.509993 -0.055556
   0.183333  0.548483 -0.055556
   0.183333  0.586973 -0.055556
   0.183333  0.625463 -0.055556
   0.183333  0.663953 -0.055556
   0.183333 -0.452258 -0.055556
   0.183333 -0.413768 -0.055556
   0.183333 -0.375278 -0.055556
   0.183333 -0.336788 -0.055556
   0.183333 -0.298298 -0.055556
   0.183333 -0.259808 -0.055556
   0.183333 -0.221318 -0.055556
   0.183333 -0.182828 -0.055556
   0.183333 -0.144338 -0.055556
   0.183333 -0.105848 -0.055556
   0.216667  0.375278 -0.055556
   0.216667  0.413768 -0.055556
   0.216667  0.452258 -0.055556
   0.216667  0.490748 -0.055556
   0.216667  0.529238 -0.055556
   0.216667  0.567728 -0.055556
   0.216667  0.606218 -0.055556
   0.216667  0.644708 -0.055556
   0.216667  0.683198 -0.055556
   0.216667 -0.433013 -0.055556
   0.216667 -0.394523 -0.055556
   0.216667 -0.356033 -0.055556
   0.216667 -0.317543 -0.055556
   0.216667 -0.279053 -0.055556
   0.216667 -0.240563 -0.055556
   0.216667 -0.202073 -0.055556
   0.216667 -0.163583 -0.055556
   0.216667 -0.125093 -0.055556
   0.250000  0.433013 -0.055556
   0.250000  0.471503 -0.055556
   0.250000  0.509993 -0.055556
   0.250000  0.548483 -0.055556
   0.250000  0.586973 -0.055556
   0.250000  0.625463 -0.055556
   0.250000  0.663953 -0.055556
   0.250000  0.702443 -0.055556
   0.250000 -0.413768 -0.055556
   0.250000 -0.375278 -0.055556
   0.250000 -0.336788 -0.055556
   0.250000 -0.298298 -0.055556
   0.250000 -0.259808 -0.055556
   0.250000 -0.221318 -0.055556
   0.250000 -0.182828 -0.055556
   0.250000 -0.144338 -0.055556
   0.283333  0.490748 -0.055556
   0.283333  0.529238 -0.055556
   0.283333  0.567728 -0.055556
   0.283333  0.606218 -0.055556
   0.283333  0.644708 -0.055556
   0.283333  0.683198 -0.055556
   0.283333  0.721688 -0.055556
   0.283333 -0.394523 -0.055556
   0.283333 -0.356033 -0.055556
   0.283333 -0.317543 -0.055556
   0.283333 -0.279053 -0.055556
   0.283333 -0.240563 -0.055556
   0.283333 -0.202073 -0.055556
   0.283333 -0.163583 -0.055556
   0.316667  0.548483 -0.055556
   0.316667  0.586973 -0.055556
   0.316667  0.625463 -0.055556
   0.316667  0.663953 -0.055556
   0.316667  0.702443 -0.055556
   0.316667  0.740933 -0.055556
   0.316667 -0.375278 -0.055556
   0.316667 -0.336788 -0.055556
   0.316667 -0.298298 -0.055556
   0.316667 -0.259808 -0.055556
   0.316667 -0.221318 -0.055556
   0.316667 -0.182828 -0.055556
   0.350000  0.606218 -0.055556
   0.350000  0.644708 -0.055556
   0.350000  0.683198 -0.055556
   0.350000  0.721688 -0.055556
   0.350000  0.760178 -0.055556
   0.350000 -0.356033 -0.055556
   0.350000 -0.317543 -0.055556
   0.350000 -0.279053 -0.055556
   0.350000 -0.240563 -0.055556
   0.350000 -0.202073 -0.055556
   0.383333  0.663953 -0.055556
   0.383333  0.702443 -0.055556
   0.383333  0.740933 -0.055556
   0.383333  0.779423 -0.055556
   0.383333 -0.336788 -0.055556
   0.383333 -0.298298 -0.055556
   0.383333 -0.259808 -0.055556
   0.383333 -0.221318 -0.055556
   0.416667  0.721688 -0.055556
   0.416667  0.760178 -0.055556
   0.416667  0.798668 -0.055556
   0.416667 -0.317543 -0.055556
   0.416667 -0.279053 -0.055556
   0.416667 -0.240563 -0.055556
   0.450000  0.779423 -0.055556
   0.450000  0.817913 -0.055556
   0.450000 -0.298298 -0.055556
   0.450000 -0.259808 -0.055556
   0.483333  0.837158 -0.055556
   0.483333 -0.279053 -0.055556
  out from k-points loop
  Starting writing epsx,y,z,tot
   0.0000000000000000     
   0.0000000000000000     
   2.1372246254941111E-006   6.1581689875054845E-014
  Hey bello sto a fini

     PW2GW        :      1.11s CPU      3.89s WALL


   This run was terminated on:  18: 0:47   3May2021            

=------------------------------------------------------------------------------=
   JOB DONE.
=------------------------------------------------------------------------------=
