
     Program PW2GW v.6.4.1 starts on  3May2021 at 16:57:34 

     This program is part of the open-source Quantum ESPRESSO suite
     for quantum simulation of materials; please cite
         "P. Giannozzi et al., J. Phys.:Condens. Matter 21 395502 (2009);
         "P. Giannozzi et al., J. Phys.:Condens. Matter 29 465901 (2017);
          URL http://www.quantum-espresso.org", 
     in publications or presentations arising from this work. More details at
     http://www.quantum-espresso.org/quote

     Serial version

     Reading data from directory:
     ./tmp/Grafene.save/

     IMPORTANT: XC functional enforced from input :
     Exchange-correlation      = PZ ( 1  1  0  0 0 0)
     Any further DFT definition will be discarded
     Please, verify this is what you really want


     G-vector sticks info
     --------------------
     sticks:   dense  smooth     PW     G-vecs:    dense   smooth      PW
     Sum         241     241     85                26869    26869    5995


     negative rho (up, down):  1.167E-03 0.000E+00


 writing LDA info on unit io UNFORMATTED


 writing matrixelements on unit 98 FORMATTED
 qplda title
 pw2gw                                                                           
 test version                                                                    
    1    0    0    0    0    0    0    0    0    0    0    0    0    0    0    0
 Vettori di reticolo diretto
a1  0.465000009536743164E+01  0.000000000000000000E+00  0.000000000000000000E+00
a2 -0.232500004768371582E+01  0.402701807022094727E+01  0.000000000000000000E+00
a3  0.000000000000000000E+00  0.000000000000000000E+00  0.418499984741210938E+02
 nrot=          24
  0.100000000000000000E+01  0.000000000000000000E+00  0.000000000000000000E+00
  0.000000000000000000E+00  0.100000000000000000E+01  0.000000000000000000E+00
  0.000000000000000000E+00  0.000000000000000000E+00  0.100000000000000000E+01
 -0.100000000000000000E+01  0.000000000000000000E+00  0.000000000000000000E+00
  0.000000000000000000E+00 -0.100000000000000000E+01  0.000000000000000000E+00
  0.000000000000000000E+00  0.000000000000000000E+00  0.100000000000000000E+01
 -0.100000000000000000E+01  0.000000000000000000E+00  0.000000000000000000E+00
  0.100000000000000000E+01  0.100000000000000000E+01  0.000000000000000000E+00
  0.000000000000000000E+00  0.000000000000000000E+00 -0.100000000000000000E+01
  0.100000000000000000E+01  0.000000000000000000E+00  0.000000000000000000E+00
 -0.100000000000000000E+01 -0.100000000000000000E+01  0.000000000000000000E+00
  0.000000000000000000E+00  0.000000000000000000E+00 -0.100000000000000000E+01
  0.100000000000000000E+01  0.100000000000000000E+01  0.000000000000000000E+00
 -0.100000000000000000E+01  0.000000000000000000E+00  0.000000000000000000E+00
  0.000000000000000000E+00  0.000000000000000000E+00  0.100000000000000000E+01
  0.000000000000000000E+00 -0.100000000000000000E+01  0.000000000000000000E+00
  0.100000000000000000E+01  0.100000000000000000E+01  0.000000000000000000E+00
  0.000000000000000000E+00  0.000000000000000000E+00  0.100000000000000000E+01
  0.000000000000000000E+00  0.100000000000000000E+01  0.000000000000000000E+00
 -0.100000000000000000E+01 -0.100000000000000000E+01  0.000000000000000000E+00
  0.000000000000000000E+00  0.000000000000000000E+00  0.100000000000000000E+01
 -0.100000000000000000E+01 -0.100000000000000000E+01  0.000000000000000000E+00
  0.100000000000000000E+01  0.000000000000000000E+00  0.000000000000000000E+00
  0.000000000000000000E+00  0.000000000000000000E+00  0.100000000000000000E+01
  0.000000000000000000E+00 -0.100000000000000000E+01  0.000000000000000000E+00
 -0.100000000000000000E+01  0.000000000000000000E+00  0.000000000000000000E+00
  0.000000000000000000E+00  0.000000000000000000E+00 -0.100000000000000000E+01
  0.100000000000000000E+01  0.100000000000000000E+01  0.000000000000000000E+00
  0.000000000000000000E+00 -0.100000000000000000E+01  0.000000000000000000E+00
  0.000000000000000000E+00  0.000000000000000000E+00 -0.100000000000000000E+01
 -0.100000000000000000E+01 -0.100000000000000000E+01  0.000000000000000000E+00
  0.000000000000000000E+00  0.100000000000000000E+01  0.000000000000000000E+00
  0.000000000000000000E+00  0.000000000000000000E+00 -0.100000000000000000E+01
  0.000000000000000000E+00  0.100000000000000000E+01  0.000000000000000000E+00
  0.100000000000000000E+01  0.000000000000000000E+00  0.000000000000000000E+00
  0.000000000000000000E+00  0.000000000000000000E+00 -0.100000000000000000E+01
 -0.100000000000000000E+01  0.000000000000000000E+00  0.000000000000000000E+00
  0.000000000000000000E+00 -0.100000000000000000E+01  0.000000000000000000E+00
  0.000000000000000000E+00  0.000000000000000000E+00 -0.100000000000000000E+01
  0.100000000000000000E+01  0.000000000000000000E+00  0.000000000000000000E+00
  0.000000000000000000E+00  0.100000000000000000E+01  0.000000000000000000E+00
  0.000000000000000000E+00  0.000000000000000000E+00 -0.100000000000000000E+01
  0.100000000000000000E+01  0.000000000000000000E+00  0.000000000000000000E+00
 -0.100000000000000000E+01 -0.100000000000000000E+01  0.000000000000000000E+00
  0.000000000000000000E+00  0.000000000000000000E+00  0.100000000000000000E+01
 -0.100000000000000000E+01  0.000000000000000000E+00  0.000000000000000000E+00
  0.100000000000000000E+01  0.100000000000000000E+01  0.000000000000000000E+00
  0.000000000000000000E+00  0.000000000000000000E+00  0.100000000000000000E+01
 -0.100000000000000000E+01 -0.100000000000000000E+01  0.000000000000000000E+00
  0.100000000000000000E+01  0.000000000000000000E+00  0.000000000000000000E+00
  0.000000000000000000E+00  0.000000000000000000E+00 -0.100000000000000000E+01
  0.000000000000000000E+00  0.100000000000000000E+01  0.000000000000000000E+00
 -0.100000000000000000E+01 -0.100000000000000000E+01  0.000000000000000000E+00
  0.000000000000000000E+00  0.000000000000000000E+00 -0.100000000000000000E+01
  0.000000000000000000E+00 -0.100000000000000000E+01  0.000000000000000000E+00
  0.100000000000000000E+01  0.100000000000000000E+01  0.000000000000000000E+00
  0.000000000000000000E+00  0.000000000000000000E+00 -0.100000000000000000E+01
  0.100000000000000000E+01  0.100000000000000000E+01  0.000000000000000000E+00
 -0.100000000000000000E+01  0.000000000000000000E+00  0.000000000000000000E+00
  0.000000000000000000E+00  0.000000000000000000E+00 -0.100000000000000000E+01
  0.000000000000000000E+00  0.100000000000000000E+01  0.000000000000000000E+00
  0.100000000000000000E+01  0.000000000000000000E+00  0.000000000000000000E+00
  0.000000000000000000E+00  0.000000000000000000E+00  0.100000000000000000E+01
 -0.100000000000000000E+01 -0.100000000000000000E+01  0.000000000000000000E+00
  0.000000000000000000E+00  0.100000000000000000E+01  0.000000000000000000E+00
  0.000000000000000000E+00  0.000000000000000000E+00  0.100000000000000000E+01
  0.100000000000000000E+01  0.100000000000000000E+01  0.000000000000000000E+00
  0.000000000000000000E+00 -0.100000000000000000E+01  0.000000000000000000E+00
  0.000000000000000000E+00  0.000000000000000000E+00  0.100000000000000000E+01
  0.000000000000000000E+00 -0.100000000000000000E+01  0.000000000000000000E+00
 -0.100000000000000000E+01  0.000000000000000000E+00  0.000000000000000000E+00
  0.000000000000000000E+00  0.000000000000000000E+00  0.100000000000000000E+01
  nks           64
  k points in  cartesian coordinates
   0.033333  0.057735 -0.055556
   0.033333  0.134715 -0.055556
   0.033333  0.211695 -0.055556
   0.033333  0.288675 -0.055556
   0.033333  0.365655 -0.055556
   0.033333  0.442635 -0.055556
   0.033333  0.519615 -0.055556
   0.033333 -0.558105 -0.055556
   0.033333 -0.481125 -0.055556
   0.033333 -0.404145 -0.055556
   0.033333 -0.327165 -0.055556
   0.033333 -0.250185 -0.055556
   0.033333 -0.173205 -0.055556
   0.033333 -0.096225 -0.055556
   0.033333 -0.019245 -0.055556
   0.100000  0.173205 -0.055556
   0.100000  0.250185 -0.055556
   0.100000  0.327165 -0.055556
   0.100000  0.404145 -0.055556
   0.100000  0.481125 -0.055556
   0.100000  0.558105 -0.055556
   0.100000 -0.519615 -0.055556
   0.100000 -0.442635 -0.055556
   0.100000 -0.365655 -0.055556
   0.100000 -0.288675 -0.055556
   0.100000 -0.211695 -0.055556
   0.100000 -0.134715 -0.055556
   0.100000 -0.057735 -0.055556
   0.166667  0.288675 -0.055556
   0.166667  0.365655 -0.055556
   0.166667  0.442635 -0.055556
   0.166667  0.519615 -0.055556
   0.166667  0.596595 -0.055556
   0.166667 -0.481125 -0.055556
   0.166667 -0.404145 -0.055556
   0.166667 -0.327165 -0.055556
   0.166667 -0.250185 -0.055556
   0.166667 -0.173205 -0.055556
   0.166667 -0.096225 -0.055556
   0.233333  0.404145 -0.055556
   0.233333  0.481125 -0.055556
   0.233333  0.558105 -0.055556
   0.233333  0.635085 -0.055556
   0.233333 -0.442635 -0.055556
   0.233333 -0.365655 -0.055556
   0.233333 -0.288675 -0.055556
   0.233333 -0.211695 -0.055556
   0.233333 -0.134715 -0.055556
   0.300000  0.519615 -0.055556
   0.300000  0.596595 -0.055556
   0.300000  0.673575 -0.055556
   0.300000 -0.404145 -0.055556
   0.300000 -0.327165 -0.055556
   0.300000 -0.250185 -0.055556
   0.300000 -0.173205 -0.055556
   0.366667  0.635085 -0.055556
   0.366667  0.712065 -0.055556
   0.366667 -0.365655 -0.055556
   0.366667 -0.288675 -0.055556
   0.366667 -0.211695 -0.055556
   0.433333  0.750555 -0.055556
   0.433333 -0.327165 -0.055556
   0.433333 -0.250185 -0.055556
  -0.500000 -0.866025 -0.055556
 NDIMCP =         5683
 fine debug sui punti g
   0.033333  0.033333 -0.500000
   0.033333  0.100000 -0.500000
   0.033333  0.166667 -0.500000
   0.033333  0.233333 -0.500000
   0.033333  0.300000 -0.500000
   0.033333  0.366667 -0.500000
   0.033333  0.433333 -0.500000
   0.033333 -0.500000 -0.500000
   0.033333 -0.433333 -0.500000
   0.033333 -0.366667 -0.500000
   0.033333 -0.300000 -0.500000
   0.033333 -0.233333 -0.500000
   0.033333 -0.166667 -0.500000
   0.033333 -0.100000 -0.500000
   0.033333 -0.033333 -0.500000
   0.100000  0.100000 -0.500000
   0.100000  0.166667 -0.500000
   0.100000  0.233333 -0.500000
   0.100000  0.300000 -0.500000
   0.100000  0.366667 -0.500000
   0.100000  0.433333 -0.500000
   0.100000 -0.500000 -0.500000
   0.100000 -0.433333 -0.500000
   0.100000 -0.366667 -0.500000
   0.100000 -0.300000 -0.500000
   0.100000 -0.233333 -0.500000
   0.100000 -0.166667 -0.500000
   0.100000 -0.100000 -0.500000
   0.166667  0.166667 -0.500000
   0.166667  0.233333 -0.500000
   0.166667  0.300000 -0.500000
   0.166667  0.366667 -0.500000
   0.166667  0.433333 -0.500000
   0.166667 -0.500000 -0.500000
   0.166667 -0.433333 -0.500000
   0.166667 -0.366667 -0.500000
   0.166667 -0.300000 -0.500000
   0.166667 -0.233333 -0.500000
   0.166667 -0.166667 -0.500000
   0.233333  0.233333 -0.500000
   0.233333  0.300000 -0.500000
   0.233333  0.366667 -0.500000
   0.233333  0.433333 -0.500000
   0.233333 -0.500000 -0.500000
   0.233333 -0.433333 -0.500000
   0.233333 -0.366667 -0.500000
   0.233333 -0.300000 -0.500000
   0.233333 -0.233333 -0.500000
   0.300000  0.300000 -0.500000
   0.300000  0.366667 -0.500000
   0.300000  0.433333 -0.500000
   0.300000 -0.500000 -0.500000
   0.300000 -0.433333 -0.500000
   0.300000 -0.366667 -0.500000
   0.300000 -0.300000 -0.500000
   0.366667  0.366667 -0.500000
   0.366667  0.433333 -0.500000
   0.366667 -0.500000 -0.500000
   0.366667 -0.433333 -0.500000
   0.366667 -0.366667 -0.500000
   0.433333  0.433333 -0.500000
   0.433333 -0.500000 -0.500000
   0.433333 -0.433333 -0.500000
  -0.500000 -0.500000 -0.500000
 nbndsi=          20
          64
 weights:
 0.0177778 0.0355556 0.0355556 0.0355556 0.0355556 0.0355556 0.0355556 0.0355556 0.0355556 0.0355556
 0.0355556 0.0355556 0.0355556 0.0355556 0.0177778 0.0177778 0.0355556 0.0355556 0.0355556 0.0355556
 0.0355556 0.0355556 0.0355556 0.0355556 0.0355556 0.0355556 0.0355556 0.0177778 0.0177778 0.0355556
 0.0355556 0.0355556 0.0355556 0.0355556 0.0355556 0.0355556 0.0355556 0.0355556 0.0177778 0.0177778
 0.0355556 0.0355556 0.0355556 0.0355556 0.0355556 0.0355556 0.0355556 0.0177778 0.0177778 0.0355556
 0.0355556 0.0355556 0.0355556 0.0355556 0.0177778 0.0177778 0.0355556 0.0355556 0.0355556 0.0177778
 0.0177778 0.0355556 0.0177778 0.0088889
 ik=           1
 2.0000000 2.0000000 2.0000000 2.0000000 0.0000000 0.0000000 0.0000000 0.0000000 0.0000000 0.0000000
 0.0000000 0.0000000 0.0000000 0.0000000 0.0000000 0.0000000 0.0000000 0.0000000 0.0000000 0.0000000
 ik=           2
 2.0000000 2.0000000 2.0000000 2.0000000 0.0000000 0.0000000 0.0000000 0.0000000 0.0000000 0.0000000
 0.0000000 0.0000000 0.0000000 0.0000000 0.0000000 0.0000000 0.0000000 0.0000000 0.0000000 0.0000000
 ik=           3
 2.0000000 2.0000000 2.0000000 2.0000000 0.0000000 0.0000000 0.0000000 0.0000000 0.0000000 0.0000000
 0.0000000 0.0000000 0.0000000 0.0000000 0.0000000 0.0000000 0.0000000 0.0000000 0.0000000 0.0000000
 ik=           4
 2.0000000 2.0000000 2.0000000 2.0000000 0.0000000 0.0000000 0.0000000 0.0000000 0.0000000 0.0000000
 0.0000000 0.0000000 0.0000000 0.0000000 0.0000000 0.0000000 0.0000000 0.0000000 0.0000000 0.0000000
 ik=           5
 2.0000000 2.0000000 2.0000000 2.0000000 0.0000000 0.0000000 0.0000000 0.0000000 0.0000000 0.0000000
 0.0000000 0.0000000 0.0000000 0.0000000 0.0000000 0.0000000 0.0000000 0.0000000 0.0000000 0.0000000
 ik=           6
 2.0000000 2.0000000 2.0000000 2.0000000 0.0000000 0.0000000 0.0000000 0.0000000 0.0000000 0.0000000
 0.0000000 0.0000000 0.0000000 0.0000000 0.0000000 0.0000000 0.0000000 0.0000000 0.0000000 0.0000000
 ik=           7
 2.0000000 2.0000000 2.0000000 2.0000000 0.0000000 0.0000000 0.0000000 0.0000000 0.0000000 0.0000000
 0.0000000 0.0000000 0.0000000 0.0000000 0.0000000 0.0000000 0.0000000 0.0000000 0.0000000 0.0000000
 ik=           8
 2.0000000 2.0000000 2.0000000 2.0000000 0.0000000 0.0000000 0.0000000 0.0000000 0.0000000 0.0000000
 0.0000000 0.0000000 0.0000000 0.0000000 0.0000000 0.0000000 0.0000000 0.0000000 0.0000000 0.0000000
 ik=           9
 2.0000000 2.0000000 2.0000000 2.0000000 0.0000000 0.0000000 0.0000000 0.0000000 0.0000000 0.0000000
 0.0000000 0.0000000 0.0000000 0.0000000 0.0000000 0.0000000 0.0000000 0.0000000 0.0000000 0.0000000
 ik=          10
 2.0000000 2.0000000 2.0000000 2.0000000 0.0000000 0.0000000 0.0000000 0.0000000 0.0000000 0.0000000
 0.0000000 0.0000000 0.0000000 0.0000000 0.0000000 0.0000000 0.0000000 0.0000000 0.0000000 0.0000000
 ik=          11
 2.0000000 2.0000000 2.0000000 2.0000000 0.0000000 0.0000000 0.0000000 0.0000000 0.0000000 0.0000000
 0.0000000 0.0000000 0.0000000 0.0000000 0.0000000 0.0000000 0.0000000 0.0000000 0.0000000 0.0000000
 ik=          12
 2.0000000 2.0000000 2.0000000 2.0000000 0.0000000 0.0000000 0.0000000 0.0000000 0.0000000 0.0000000
 0.0000000 0.0000000 0.0000000 0.0000000 0.0000000 0.0000000 0.0000000 0.0000000 0.0000000 0.0000000
 ik=          13
 2.0000000 2.0000000 2.0000000 2.0000000 0.0000000 0.0000000 0.0000000 0.0000000 0.0000000 0.0000000
 0.0000000 0.0000000 0.0000000 0.0000000 0.0000000 0.0000000 0.0000000 0.0000000 0.0000000 0.0000000
 ik=          14
 2.0000000 2.0000000 2.0000000 2.0000000 0.0000000 0.0000000 0.0000000 0.0000000 0.0000000 0.0000000
 0.0000000 0.0000000 0.0000000 0.0000000 0.0000000 0.0000000 0.0000000 0.0000000 0.0000000 0.0000000
 ik=          15
 2.0000000 2.0000000 2.0000000 2.0000000 0.0000000 0.0000000 0.0000000 0.0000000 0.0000000 0.0000000
 0.0000000 0.0000000 0.0000000 0.0000000 0.0000000 0.0000000 0.0000000 0.0000000 0.0000000 0.0000000
 ik=          16
 2.0000000 2.0000000 2.0000000 2.0000000 0.0000000 0.0000000 0.0000000 0.0000000 0.0000000 0.0000000
 0.0000000 0.0000000 0.0000000 0.0000000 0.0000000 0.0000000 0.0000000 0.0000000 0.0000000 0.0000000
 ik=          17
 2.0000000 2.0000000 2.0000000 2.0000000 0.0000000 0.0000000 0.0000000 0.0000000 0.0000000 0.0000000
 0.0000000 0.0000000 0.0000000 0.0000000 0.0000000 0.0000000 0.0000000 0.0000000 0.0000000 0.0000000
 ik=          18
 2.0000000 2.0000000 2.0000000 2.0000000 0.0000000 0.0000000 0.0000000 0.0000000 0.0000000 0.0000000
 0.0000000 0.0000000 0.0000000 0.0000000 0.0000000 0.0000000 0.0000000 0.0000000 0.0000000 0.0000000
 ik=          19
 2.0000000 2.0000000 2.0000000 2.0000000 0.0000000 0.0000000 0.0000000 0.0000000 0.0000000 0.0000000
 0.0000000 0.0000000 0.0000000 0.0000000 0.0000000 0.0000000 0.0000000 0.0000000 0.0000000 0.0000000
 ik=          20
 2.0000000 2.0000000 2.0000000 2.0000000 0.0000000 0.0000000 0.0000000 0.0000000 0.0000000 0.0000000
 0.0000000 0.0000000 0.0000000 0.0000000 0.0000000 0.0000000 0.0000000 0.0000000 0.0000000 0.0000000
 ik=          21
 2.0000000 2.0000000 2.0000000 2.0000000 0.0000000 0.0000000 0.0000000 0.0000000 0.0000000 0.0000000
 0.0000000 0.0000000 0.0000000 0.0000000 0.0000000 0.0000000 0.0000000 0.0000000 0.0000000 0.0000000
 ik=          22
 2.0000000 2.0000000 2.0000000 2.0000000 0.0000000 0.0000000 0.0000000 0.0000000 0.0000000 0.0000000
 0.0000000 0.0000000 0.0000000 0.0000000 0.0000000 0.0000000 0.0000000 0.0000000 0.0000000 0.0000000
 ik=          23
 2.0000000 2.0000000 2.0000000 2.0000000 0.0000000 0.0000000 0.0000000 0.0000000 0.0000000 0.0000000
 0.0000000 0.0000000 0.0000000 0.0000000 0.0000000 0.0000000 0.0000000 0.0000000 0.0000000 0.0000000
 ik=          24
 2.0000000 2.0000000 2.0000000 2.0000000 0.0000000 0.0000000 0.0000000 0.0000000 0.0000000 0.0000000
 0.0000000 0.0000000 0.0000000 0.0000000 0.0000000 0.0000000 0.0000000 0.0000000 0.0000000 0.0000000
 ik=          25
 2.0000000 2.0000000 2.0000000 2.0000000 0.0000000 0.0000000 0.0000000 0.0000000 0.0000000 0.0000000
 0.0000000 0.0000000 0.0000000 0.0000000 0.0000000 0.0000000 0.0000000 0.0000000 0.0000000 0.0000000
 ik=          26
 2.0000000 2.0000000 2.0000000 2.0000000 0.0000000 0.0000000 0.0000000 0.0000000 0.0000000 0.0000000
 0.0000000 0.0000000 0.0000000 0.0000000 0.0000000 0.0000000 0.0000000 0.0000000 0.0000000 0.0000000
 ik=          27
 2.0000000 2.0000000 2.0000000 2.0000000 0.0000000 0.0000000 0.0000000 0.0000000 0.0000000 0.0000000
 0.0000000 0.0000000 0.0000000 0.0000000 0.0000000 0.0000000 0.0000000 0.0000000 0.0000000 0.0000000
 ik=          28
 2.0000000 2.0000000 2.0000000 2.0000000 0.0000000 0.0000000 0.0000000 0.0000000 0.0000000 0.0000000
 0.0000000 0.0000000 0.0000000 0.0000000 0.0000000 0.0000000 0.0000000 0.0000000 0.0000000 0.0000000
 ik=          29
 2.0000000 2.0000000 2.0000000 2.0000000 0.0000000 0.0000000 0.0000000 0.0000000 0.0000000 0.0000000
 0.0000000 0.0000000 0.0000000 0.0000000 0.0000000 0.0000000 0.0000000 0.0000000 0.0000000 0.0000000
 ik=          30
 2.0000000 2.0000000 2.0000000 2.0000000 0.0000000 0.0000000 0.0000000 0.0000000 0.0000000 0.0000000
 0.0000000 0.0000000 0.0000000 0.0000000 0.0000000 0.0000000 0.0000000 0.0000000 0.0000000 0.0000000
 ik=          31
 2.0000000 2.0000000 2.0000000 2.0000000 0.0000000 0.0000000 0.0000000 0.0000000 0.0000000 0.0000000
 0.0000000 0.0000000 0.0000000 0.0000000 0.0000000 0.0000000 0.0000000 0.0000000 0.0000000 0.0000000
 ik=          32
 2.0000000 2.0000000 2.0000000 2.0000000 0.0000000 0.0000000 0.0000000 0.0000000 0.0000000 0.0000000
 0.0000000 0.0000000 0.0000000 0.0000000 0.0000000 0.0000000 0.0000000 0.0000000 0.0000000 0.0000000
 ik=          33
 2.0000000 2.0000000 2.0000000 2.0000000 0.0000002 0.0000000 0.0000000 0.0000000 0.0000000 0.0000000
 0.0000000 0.0000000 0.0000000 0.0000000 0.0000000 0.0000000 0.0000000 0.0000000 0.0000000 0.0000000
 ik=          34
 2.0000000 2.0000000 2.0000000 2.0000000 0.0000000 0.0000000 0.0000000 0.0000000 0.0000000 0.0000000
 0.0000000 0.0000000 0.0000000 0.0000000 0.0000000 0.0000000 0.0000000 0.0000000 0.0000000 0.0000000
 ik=          35
 2.0000000 2.0000000 2.0000000 2.0000000 0.0000000 0.0000000 0.0000000 0.0000000 0.0000000 0.0000000
 0.0000000 0.0000000 0.0000000 0.0000000 0.0000000 0.0000000 0.0000000 0.0000000 0.0000000 0.0000000
 ik=          36
 2.0000000 2.0000000 2.0000000 2.0000000 0.0000000 0.0000000 0.0000000 0.0000000 0.0000000 0.0000000
 0.0000000 0.0000000 0.0000000 0.0000000 0.0000000 0.0000000 0.0000000 0.0000000 0.0000000 0.0000000
 ik=          37
 2.0000000 2.0000000 2.0000000 2.0000000 0.0000000 0.0000000 0.0000000 0.0000000 0.0000000 0.0000000
 0.0000000 0.0000000 0.0000000 0.0000000 0.0000000 0.0000000 0.0000000 0.0000000 0.0000000 0.0000000
 ik=          38
 2.0000000 2.0000000 2.0000000 2.0000000 0.0000000 0.0000000 0.0000000 0.0000000 0.0000000 0.0000000
 0.0000000 0.0000000 0.0000000 0.0000000 0.0000000 0.0000000 0.0000000 0.0000000 0.0000000 0.0000000
 ik=          39
 2.0000000 2.0000000 2.0000000 2.0000000 0.0000000 0.0000000 0.0000000 0.0000000 0.0000000 0.0000000
 0.0000000 0.0000000 0.0000000 0.0000000 0.0000000 0.0000000 0.0000000 0.0000000 0.0000000 0.0000000
 ik=          40
 2.0000000 2.0000000 2.0000000 2.0000000 0.0000000 0.0000000 0.0000000 0.0000000 0.0000000 0.0000000
 0.0000000 0.0000000 0.0000000 0.0000000 0.0000000 0.0000000 0.0000000 0.0000000 0.0000000 0.0000000
 ik=          41
 2.0000000 2.0000000 2.0000000 2.0000000 0.0000000 0.0000000 0.0000000 0.0000000 0.0000000 0.0000000
 0.0000000 0.0000000 0.0000000 0.0000000 0.0000000 0.0000000 0.0000000 0.0000000 0.0000000 0.0000000
 ik=          42
 2.0000000 2.0000000 2.0000000 1.9999899 0.0000619 0.0000000 0.0000000 0.0000000 0.0000000 0.0000000
 0.0000000 0.0000000 0.0000000 0.0000000 0.0000000 0.0000000 0.0000000 0.0000000 0.0000000 0.0000000
 ik=          43
 2.0000000 2.0000000 2.0000000 2.0000000 0.0000000 0.0000000 0.0000000 0.0000000 0.0000000 0.0000000
 0.0000000 0.0000000 0.0000000 0.0000000 0.0000000 0.0000000 0.0000000 0.0000000 0.0000000 0.0000000
 ik=          44
 2.0000000 2.0000000 2.0000000 2.0000000 0.0000000 0.0000000 0.0000000 0.0000000 0.0000000 0.0000000
 0.0000000 0.0000000 0.0000000 0.0000000 0.0000000 0.0000000 0.0000000 0.0000000 0.0000000 0.0000000
 ik=          45
 2.0000000 2.0000000 2.0000000 2.0000000 0.0000000 0.0000000 0.0000000 0.0000000 0.0000000 0.0000000
 0.0000000 0.0000000 0.0000000 0.0000000 0.0000000 0.0000000 0.0000000 0.0000000 0.0000000 0.0000000
 ik=          46
 2.0000000 2.0000000 2.0000000 2.0000000 0.0000000 0.0000000 0.0000000 0.0000000 0.0000000 0.0000000
 0.0000000 0.0000000 0.0000000 0.0000000 0.0000000 0.0000000 0.0000000 0.0000000 0.0000000 0.0000000
 ik=          47
 2.0000000 2.0000000 2.0000000 2.0000000 0.0000000 0.0000000 0.0000000 0.0000000 0.0000000 0.0000000
 0.0000000 0.0000000 0.0000000 0.0000000 0.0000000 0.0000000 0.0000000 0.0000000 0.0000000 0.0000000
 ik=          48
 2.0000000 2.0000000 2.0000000 2.0000000 0.0000000 0.0000000 0.0000000 0.0000000 0.0000000 0.0000000
 0.0000000 0.0000000 0.0000000 0.0000000 0.0000000 0.0000000 0.0000000 0.0000000 0.0000000 0.0000000
 ik=          49
 2.0000000 2.0000000 2.0000000 1.9997154 0.0002916 0.0000000 0.0000000 0.0000000 0.0000000 0.0000000
 0.0000000 0.0000000 0.0000000 0.0000000 0.0000000 0.0000000 0.0000000 0.0000000 0.0000000 0.0000000
 ik=          50
 2.0000000 2.0000000 2.0000000 1.9418644 0.0571665 0.0000000 0.0000000 0.0000000 0.0000000 0.0000000
 0.0000000 0.0000000 0.0000000 0.0000000 0.0000000 0.0000000 0.0000000 0.0000000 0.0000000 0.0000000
 ik=          51
 2.0000000 2.0000000 2.0000000 2.0000000 0.0000000 0.0000000 0.0000000 0.0000000 0.0000000 0.0000000
 0.0000000 0.0000000 0.0000000 0.0000000 0.0000000 0.0000000 0.0000000 0.0000000 0.0000000 0.0000000
 ik=          52
 2.0000000 2.0000000 2.0000000 2.0000000 0.0000000 0.0000000 0.0000000 0.0000000 0.0000000 0.0000000
 0.0000000 0.0000000 0.0000000 0.0000000 0.0000000 0.0000000 0.0000000 0.0000000 0.0000000 0.0000000
 ik=          53
 2.0000000 2.0000000 2.0000000 2.0000000 0.0000000 0.0000000 0.0000000 0.0000000 0.0000000 0.0000000
 0.0000000 0.0000000 0.0000000 0.0000000 0.0000000 0.0000000 0.0000000 0.0000000 0.0000000 0.0000000
 ik=          54
 2.0000000 2.0000000 2.0000000 2.0000000 0.0000000 0.0000000 0.0000000 0.0000000 0.0000000 0.0000000
 0.0000000 0.0000000 0.0000000 0.0000000 0.0000000 0.0000000 0.0000000 0.0000000 0.0000000 0.0000000
 ik=          55
 2.0000000 2.0000000 2.0000000 2.0000000 0.0000000 0.0000000 0.0000000 0.0000000 0.0000000 0.0000000
 0.0000000 0.0000000 0.0000000 0.0000000 0.0000000 0.0000000 0.0000000 0.0000000 0.0000000 0.0000000
 ik=          56
 2.0000000 2.0000000 2.0000000 1.9968479 0.0049789 0.0000000 0.0000000 0.0000000 0.0000000 0.0000000
 0.0000000 0.0000000 0.0000000 0.0000000 0.0000000 0.0000000 0.0000000 0.0000000 0.0000000 0.0000000
 ik=          57
 2.0000000 2.0000000 2.0000000 2.0000000 0.0000001 0.0000000 0.0000000 0.0000000 0.0000000 0.0000000
 0.0000000 0.0000000 0.0000000 0.0000000 0.0000000 0.0000000 0.0000000 0.0000000 0.0000000 0.0000000
 ik=          58
 2.0000000 2.0000000 2.0000000 2.0000000 0.0000000 0.0000000 0.0000000 0.0000000 0.0000000 0.0000000
 0.0000000 0.0000000 0.0000000 0.0000000 0.0000000 0.0000000 0.0000000 0.0000000 0.0000000 0.0000000
 ik=          59
 2.0000000 2.0000000 2.0000000 2.0000000 0.0000000 0.0000000 0.0000000 0.0000000 0.0000000 0.0000000
 0.0000000 0.0000000 0.0000000 0.0000000 0.0000000 0.0000000 0.0000000 0.0000000 0.0000000 0.0000000
 ik=          60
 2.0000000 2.0000000 2.0000000 2.0000000 0.0000000 0.0000000 0.0000000 0.0000000 0.0000000 0.0000000
 0.0000000 0.0000000 0.0000000 0.0000000 0.0000000 0.0000000 0.0000000 0.0000000 0.0000000 0.0000000
 ik=          61
 2.0000000 2.0000000 2.0000000 2.0000000 0.0000001 0.0000000 0.0000000 0.0000000 0.0000000 0.0000000
 0.0000000 0.0000000 0.0000000 0.0000000 0.0000000 0.0000000 0.0000000 0.0000000 0.0000000 0.0000000
 ik=          62
 2.0000000 2.0000000 2.0000000 2.0000000 0.0000000 0.0000000 0.0000000 0.0000000 0.0000000 0.0000000
 0.0000000 0.0000000 0.0000000 0.0000000 0.0000000 0.0000000 0.0000000 0.0000000 0.0000000 0.0000000
 ik=          63
 2.0000000 2.0000000 2.0000000 2.0000000 0.0000000 0.0000000 0.0000000 0.0000000 0.0000000 0.0000000
 0.0000000 0.0000000 0.0000000 0.0000000 0.0000000 0.0000000 0.0000000 0.0000000 0.0000000 0.0000000
 ik=          64
 2.0000000 2.0000000 2.0000000 2.0000000 0.0000000 0.0000000 0.0000000 0.0000000 0.0000000 0.0000000
 0.0000000 0.0000000 0.0000000 0.0000000 0.0000000 0.0000000 0.0000000 0.0000000 0.0000000 0.0000000
 io sono omax =          599
 alpha =    5.0000000745058060E-002
 halfalpha =    2.5000000372529030E-002
 const =    1015.0317410865288     
 sono qui 6
   0.0000000000000000        0.0000000000000000     
 igwx, npw        5683        3360
 Costruisco le psi ed il matrixelements
 Controllo: I punti k ora devo essere in coordinate cartesiane!
   0.033333  0.057735 -0.055556
   0.033333  0.134715 -0.055556
   0.033333  0.211695 -0.055556
   0.033333  0.288675 -0.055556
   0.033333  0.365655 -0.055556
   0.033333  0.442635 -0.055556
   0.033333  0.519615 -0.055556
   0.033333 -0.558105 -0.055556
   0.033333 -0.481125 -0.055556
   0.033333 -0.404145 -0.055556
   0.033333 -0.327165 -0.055556
   0.033333 -0.250185 -0.055556
   0.033333 -0.173205 -0.055556
   0.033333 -0.096225 -0.055556
   0.033333 -0.019245 -0.055556
   0.100000  0.173205 -0.055556
   0.100000  0.250185 -0.055556
   0.100000  0.327165 -0.055556
   0.100000  0.404145 -0.055556
   0.100000  0.481125 -0.055556
   0.100000  0.558105 -0.055556
   0.100000 -0.519615 -0.055556
   0.100000 -0.442635 -0.055556
   0.100000 -0.365655 -0.055556
   0.100000 -0.288675 -0.055556
   0.100000 -0.211695 -0.055556
   0.100000 -0.134715 -0.055556
   0.100000 -0.057735 -0.055556
   0.166667  0.288675 -0.055556
   0.166667  0.365655 -0.055556
   0.166667  0.442635 -0.055556
   0.166667  0.519615 -0.055556
   0.166667  0.596595 -0.055556
   0.166667 -0.481125 -0.055556
   0.166667 -0.404145 -0.055556
   0.166667 -0.327165 -0.055556
   0.166667 -0.250185 -0.055556
   0.166667 -0.173205 -0.055556
   0.166667 -0.096225 -0.055556
   0.233333  0.404145 -0.055556
   0.233333  0.481125 -0.055556
   0.233333  0.558105 -0.055556
   0.233333  0.635085 -0.055556
   0.233333 -0.442635 -0.055556
   0.233333 -0.365655 -0.055556
   0.233333 -0.288675 -0.055556
   0.233333 -0.211695 -0.055556
   0.233333 -0.134715 -0.055556
   0.300000  0.519615 -0.055556
   0.300000  0.596595 -0.055556
   0.300000  0.673575 -0.055556
   0.300000 -0.404145 -0.055556
   0.300000 -0.327165 -0.055556
   0.300000 -0.250185 -0.055556
   0.300000 -0.173205 -0.055556
   0.366667  0.635085 -0.055556
   0.366667  0.712065 -0.055556
   0.366667 -0.365655 -0.055556
   0.366667 -0.288675 -0.055556
   0.366667 -0.211695 -0.055556
   0.433333  0.750555 -0.055556
   0.433333 -0.327165 -0.055556
   0.433333 -0.250185 -0.055556
  -0.500000 -0.866025 -0.055556
  out from k-points loop
  Starting writing epsx,y,z,tot
   0.0000000000000000     
   0.0000000000000000     
   0.0000000000000000        0.0000000000000000     
  Hey bello sto a fini

     PW2GW        :      0.36s CPU      1.16s WALL


   This run was terminated on:  16:57:35   3May2021            

=------------------------------------------------------------------------------=
   JOB DONE.
=------------------------------------------------------------------------------=
