
     Program PW2GW v.6.4.1 starts on  3May2021 at 17:55:59 

     This program is part of the open-source Quantum ESPRESSO suite
     for quantum simulation of materials; please cite
         "P. Giannozzi et al., J. Phys.:Condens. Matter 21 395502 (2009);
         "P. Giannozzi et al., J. Phys.:Condens. Matter 29 465901 (2017);
          URL http://www.quantum-espresso.org", 
     in publications or presentations arising from this work. More details at
     http://www.quantum-espresso.org/quote

     Serial version

     Reading data from directory:
     ./tmp/Grafene.save/

     IMPORTANT: XC functional enforced from input :
     Exchange-correlation      = PZ ( 1  1  0  0 0 0)
     Any further DFT definition will be discarded
     Please, verify this is what you really want


     G-vector sticks info
     --------------------
     sticks:   dense  smooth     PW     G-vecs:    dense   smooth      PW
     Sum         241     241     85                26869    26869    5995


     negative rho (up, down):  1.167E-03 0.000E+00


 writing LDA info on unit io UNFORMATTED


 writing matrixelements on unit 98 FORMATTED
 qplda title
 pw2gw                                                                           
 test version                                                                    
    1    0    0    0    0    0    0    0    0    0    0    0    0    0    0    0
 Vettori di reticolo diretto
a1  0.465000009536743164E+01  0.000000000000000000E+00  0.000000000000000000E+00
a2 -0.232500004768371582E+01  0.402701807022094727E+01  0.000000000000000000E+00
a3  0.000000000000000000E+00  0.000000000000000000E+00  0.418499984741210938E+02
 nrot=          24
  0.100000000000000000E+01  0.000000000000000000E+00  0.000000000000000000E+00
  0.000000000000000000E+00  0.100000000000000000E+01  0.000000000000000000E+00
  0.000000000000000000E+00  0.000000000000000000E+00  0.100000000000000000E+01
 -0.100000000000000000E+01  0.000000000000000000E+00  0.000000000000000000E+00
  0.000000000000000000E+00 -0.100000000000000000E+01  0.000000000000000000E+00
  0.000000000000000000E+00  0.000000000000000000E+00  0.100000000000000000E+01
 -0.100000000000000000E+01  0.000000000000000000E+00  0.000000000000000000E+00
  0.100000000000000000E+01  0.100000000000000000E+01  0.000000000000000000E+00
  0.000000000000000000E+00  0.000000000000000000E+00 -0.100000000000000000E+01
  0.100000000000000000E+01  0.000000000000000000E+00  0.000000000000000000E+00
 -0.100000000000000000E+01 -0.100000000000000000E+01  0.000000000000000000E+00
  0.000000000000000000E+00  0.000000000000000000E+00 -0.100000000000000000E+01
  0.100000000000000000E+01  0.100000000000000000E+01  0.000000000000000000E+00
 -0.100000000000000000E+01  0.000000000000000000E+00  0.000000000000000000E+00
  0.000000000000000000E+00  0.000000000000000000E+00  0.100000000000000000E+01
  0.000000000000000000E+00 -0.100000000000000000E+01  0.000000000000000000E+00
  0.100000000000000000E+01  0.100000000000000000E+01  0.000000000000000000E+00
  0.000000000000000000E+00  0.000000000000000000E+00  0.100000000000000000E+01
  0.000000000000000000E+00  0.100000000000000000E+01  0.000000000000000000E+00
 -0.100000000000000000E+01 -0.100000000000000000E+01  0.000000000000000000E+00
  0.000000000000000000E+00  0.000000000000000000E+00  0.100000000000000000E+01
 -0.100000000000000000E+01 -0.100000000000000000E+01  0.000000000000000000E+00
  0.100000000000000000E+01  0.000000000000000000E+00  0.000000000000000000E+00
  0.000000000000000000E+00  0.000000000000000000E+00  0.100000000000000000E+01
  0.000000000000000000E+00 -0.100000000000000000E+01  0.000000000000000000E+00
 -0.100000000000000000E+01  0.000000000000000000E+00  0.000000000000000000E+00
  0.000000000000000000E+00  0.000000000000000000E+00 -0.100000000000000000E+01
  0.100000000000000000E+01  0.100000000000000000E+01  0.000000000000000000E+00
  0.000000000000000000E+00 -0.100000000000000000E+01  0.000000000000000000E+00
  0.000000000000000000E+00  0.000000000000000000E+00 -0.100000000000000000E+01
 -0.100000000000000000E+01 -0.100000000000000000E+01  0.000000000000000000E+00
  0.000000000000000000E+00  0.100000000000000000E+01  0.000000000000000000E+00
  0.000000000000000000E+00  0.000000000000000000E+00 -0.100000000000000000E+01
  0.000000000000000000E+00  0.100000000000000000E+01  0.000000000000000000E+00
  0.100000000000000000E+01  0.000000000000000000E+00  0.000000000000000000E+00
  0.000000000000000000E+00  0.000000000000000000E+00 -0.100000000000000000E+01
 -0.100000000000000000E+01  0.000000000000000000E+00  0.000000000000000000E+00
  0.000000000000000000E+00 -0.100000000000000000E+01  0.000000000000000000E+00
  0.000000000000000000E+00  0.000000000000000000E+00 -0.100000000000000000E+01
  0.100000000000000000E+01  0.000000000000000000E+00  0.000000000000000000E+00
  0.000000000000000000E+00  0.100000000000000000E+01  0.000000000000000000E+00
  0.000000000000000000E+00  0.000000000000000000E+00 -0.100000000000000000E+01
  0.100000000000000000E+01  0.000000000000000000E+00  0.000000000000000000E+00
 -0.100000000000000000E+01 -0.100000000000000000E+01  0.000000000000000000E+00
  0.000000000000000000E+00  0.000000000000000000E+00  0.100000000000000000E+01
 -0.100000000000000000E+01  0.000000000000000000E+00  0.000000000000000000E+00
  0.100000000000000000E+01  0.100000000000000000E+01  0.000000000000000000E+00
  0.000000000000000000E+00  0.000000000000000000E+00  0.100000000000000000E+01
 -0.100000000000000000E+01 -0.100000000000000000E+01  0.000000000000000000E+00
  0.100000000000000000E+01  0.000000000000000000E+00  0.000000000000000000E+00
  0.000000000000000000E+00  0.000000000000000000E+00 -0.100000000000000000E+01
  0.000000000000000000E+00  0.100000000000000000E+01  0.000000000000000000E+00
 -0.100000000000000000E+01 -0.100000000000000000E+01  0.000000000000000000E+00
  0.000000000000000000E+00  0.000000000000000000E+00 -0.100000000000000000E+01
  0.000000000000000000E+00 -0.100000000000000000E+01  0.000000000000000000E+00
  0.100000000000000000E+01  0.100000000000000000E+01  0.000000000000000000E+00
  0.000000000000000000E+00  0.000000000000000000E+00 -0.100000000000000000E+01
  0.100000000000000000E+01  0.100000000000000000E+01  0.000000000000000000E+00
 -0.100000000000000000E+01  0.000000000000000000E+00  0.000000000000000000E+00
  0.000000000000000000E+00  0.000000000000000000E+00 -0.100000000000000000E+01
  0.000000000000000000E+00  0.100000000000000000E+01  0.000000000000000000E+00
  0.100000000000000000E+01  0.000000000000000000E+00  0.000000000000000000E+00
  0.000000000000000000E+00  0.000000000000000000E+00  0.100000000000000000E+01
 -0.100000000000000000E+01 -0.100000000000000000E+01  0.000000000000000000E+00
  0.000000000000000000E+00  0.100000000000000000E+01  0.000000000000000000E+00
  0.000000000000000000E+00  0.000000000000000000E+00  0.100000000000000000E+01
  0.100000000000000000E+01  0.100000000000000000E+01  0.000000000000000000E+00
  0.000000000000000000E+00 -0.100000000000000000E+01  0.000000000000000000E+00
  0.000000000000000000E+00  0.000000000000000000E+00  0.100000000000000000E+01
  0.000000000000000000E+00 -0.100000000000000000E+01  0.000000000000000000E+00
 -0.100000000000000000E+01  0.000000000000000000E+00  0.000000000000000000E+00
  0.000000000000000000E+00  0.000000000000000000E+00  0.100000000000000000E+01
  nks          121
  k points in  cartesian coordinates
   0.023810  0.041239 -0.055556
   0.023810  0.096225 -0.055556
   0.023810  0.151211 -0.055556
   0.023810  0.206197 -0.055556
   0.023810  0.261182 -0.055556
   0.023810  0.316168 -0.055556
   0.023810  0.371154 -0.055556
   0.023810  0.426139 -0.055556
   0.023810  0.481125 -0.055556
   0.023810  0.536111 -0.055556
   0.023810 -0.563604 -0.055556
   0.023810 -0.508618 -0.055556
   0.023810 -0.453632 -0.055556
   0.023810 -0.398647 -0.055556
   0.023810 -0.343661 -0.055556
   0.023810 -0.288675 -0.055556
   0.023810 -0.233689 -0.055556
   0.023810 -0.178704 -0.055556
   0.023810 -0.123718 -0.055556
   0.023810 -0.068732 -0.055556
   0.023810 -0.013746 -0.055556
   0.071429  0.123718 -0.055556
   0.071429  0.178704 -0.055556
   0.071429  0.233689 -0.055556
   0.071429  0.288675 -0.055556
   0.071429  0.343661 -0.055556
   0.071429  0.398647 -0.055556
   0.071429  0.453632 -0.055556
   0.071429  0.508618 -0.055556
   0.071429  0.563604 -0.055556
   0.071429 -0.536111 -0.055556
   0.071429 -0.481125 -0.055556
   0.071429 -0.426139 -0.055556
   0.071429 -0.371154 -0.055556
   0.071429 -0.316168 -0.055556
   0.071429 -0.261182 -0.055556
   0.071429 -0.206197 -0.055556
   0.071429 -0.151211 -0.055556
   0.071429 -0.096225 -0.055556
   0.071429 -0.041239 -0.055556
   0.119048  0.206197 -0.055556
   0.119048  0.261182 -0.055556
   0.119048  0.316168 -0.055556
   0.119048  0.371154 -0.055556
   0.119048  0.426139 -0.055556
   0.119048  0.481125 -0.055556
   0.119048  0.536111 -0.055556
   0.119048  0.591097 -0.055556
   0.119048 -0.508618 -0.055556
   0.119048 -0.453632 -0.055556
   0.119048 -0.398647 -0.055556
   0.119048 -0.343661 -0.055556
   0.119048 -0.288675 -0.055556
   0.119048 -0.233689 -0.055556
   0.119048 -0.178704 -0.055556
   0.119048 -0.123718 -0.055556
   0.119048 -0.068732 -0.055556
   0.166667  0.288675 -0.055556
   0.166667  0.343661 -0.055556
   0.166667  0.398647 -0.055556
   0.166667  0.453632 -0.055556
   0.166667  0.508618 -0.055556
   0.166667  0.563604 -0.055556
   0.166667  0.618590 -0.055556
   0.166667 -0.481125 -0.055556
   0.166667 -0.426139 -0.055556
   0.166667 -0.371154 -0.055556
   0.166667 -0.316168 -0.055556
   0.166667 -0.261182 -0.055556
   0.166667 -0.206197 -0.055556
   0.166667 -0.151211 -0.055556
   0.166667 -0.096225 -0.055556
   0.214286  0.371154 -0.055556
   0.214286  0.426139 -0.055556
   0.214286  0.481125 -0.055556
   0.214286  0.536111 -0.055556
   0.214286  0.591097 -0.055556
   0.214286  0.646082 -0.055556
   0.214286 -0.453632 -0.055556
   0.214286 -0.398647 -0.055556
   0.214286 -0.343661 -0.055556
   0.214286 -0.288675 -0.055556
   0.214286 -0.233689 -0.055556
   0.214286 -0.178704 -0.055556
   0.214286 -0.123718 -0.055556
   0.261905  0.453632 -0.055556
   0.261905  0.508618 -0.055556
   0.261905  0.563604 -0.055556
   0.261905  0.618590 -0.055556
   0.261905  0.673575 -0.055556
   0.261905 -0.426139 -0.055556
   0.261905 -0.371154 -0.055556
   0.261905 -0.316168 -0.055556
   0.261905 -0.261182 -0.055556
   0.261905 -0.206197 -0.055556
   0.261905 -0.151211 -0.055556
   0.309524  0.536111 -0.055556
   0.309524  0.591097 -0.055556
   0.309524  0.646082 -0.055556
   0.309524  0.701068 -0.055556
   0.309524 -0.398647 -0.055556
   0.309524 -0.343661 -0.055556
   0.309524 -0.288675 -0.055556
   0.309524 -0.233689 -0.055556
   0.309524 -0.178704 -0.055556
   0.357143  0.618590 -0.055556
   0.357143  0.673575 -0.055556
   0.357143  0.728561 -0.055556
   0.357143 -0.371154 -0.055556
   0.357143 -0.316168 -0.055556
   0.357143 -0.261182 -0.055556
   0.357143 -0.206197 -0.055556
   0.404762  0.701068 -0.055556
   0.404762  0.756054 -0.055556
   0.404762 -0.343661 -0.055556
   0.404762 -0.288675 -0.055556
   0.404762 -0.233689 -0.055556
   0.452381  0.783547 -0.055556
   0.452381 -0.316168 -0.055556
   0.452381 -0.261182 -0.055556
  -0.500000 -0.866025 -0.055556
 NDIMCP =         5683
 fine debug sui punti g
   0.023810  0.023810 -0.500000
   0.023810  0.071429 -0.500000
   0.023810  0.119048 -0.500000
   0.023810  0.166667 -0.500000
   0.023810  0.214286 -0.500000
   0.023810  0.261905 -0.500000
   0.023810  0.309524 -0.500000
   0.023810  0.357143 -0.500000
   0.023810  0.404762 -0.500000
   0.023810  0.452381 -0.500000
   0.023810 -0.500000 -0.500000
   0.023810 -0.452381 -0.500000
   0.023810 -0.404762 -0.500000
   0.023810 -0.357143 -0.500000
   0.023810 -0.309524 -0.500000
   0.023810 -0.261905 -0.500000
   0.023810 -0.214286 -0.500000
   0.023810 -0.166667 -0.500000
   0.023810 -0.119048 -0.500000
   0.023810 -0.071429 -0.500000
   0.023810 -0.023810 -0.500000
   0.071429  0.071429 -0.500000
   0.071429  0.119048 -0.500000
   0.071429  0.166667 -0.500000
   0.071429  0.214286 -0.500000
   0.071429  0.261905 -0.500000
   0.071429  0.309524 -0.500000
   0.071429  0.357143 -0.500000
   0.071429  0.404762 -0.500000
   0.071429  0.452381 -0.500000
   0.071429 -0.500000 -0.500000
   0.071429 -0.452381 -0.500000
   0.071429 -0.404762 -0.500000
   0.071429 -0.357143 -0.500000
   0.071429 -0.309524 -0.500000
   0.071429 -0.261905 -0.500000
   0.071429 -0.214286 -0.500000
   0.071429 -0.166667 -0.500000
   0.071429 -0.119048 -0.500000
   0.071429 -0.071429 -0.500000
   0.119048  0.119048 -0.500000
   0.119048  0.166667 -0.500000
   0.119048  0.214286 -0.500000
   0.119048  0.261905 -0.500000
   0.119048  0.309524 -0.500000
   0.119048  0.357143 -0.500000
   0.119048  0.404762 -0.500000
   0.119048  0.452381 -0.500000
   0.119048 -0.500000 -0.500000
   0.119048 -0.452381 -0.500000
   0.119048 -0.404762 -0.500000
   0.119048 -0.357143 -0.500000
   0.119048 -0.309524 -0.500000
   0.119048 -0.261905 -0.500000
   0.119048 -0.214286 -0.500000
   0.119048 -0.166667 -0.500000
   0.119048 -0.119048 -0.500000
   0.166667  0.166667 -0.500000
   0.166667  0.214286 -0.500000
   0.166667  0.261905 -0.500000
   0.166667  0.309524 -0.500000
   0.166667  0.357143 -0.500000
   0.166667  0.404762 -0.500000
   0.166667  0.452381 -0.500000
   0.166667 -0.500000 -0.500000
   0.166667 -0.452381 -0.500000
   0.166667 -0.404762 -0.500000
   0.166667 -0.357143 -0.500000
   0.166667 -0.309524 -0.500000
   0.166667 -0.261905 -0.500000
   0.166667 -0.214286 -0.500000
   0.166667 -0.166667 -0.500000
   0.214286  0.214286 -0.500000
   0.214286  0.261905 -0.500000
   0.214286  0.309524 -0.500000
   0.214286  0.357143 -0.500000
   0.214286  0.404762 -0.500000
   0.214286  0.452381 -0.500000
   0.214286 -0.500000 -0.500000
   0.214286 -0.452381 -0.500000
   0.214286 -0.404762 -0.500000
   0.214286 -0.357143 -0.500000
   0.214286 -0.309524 -0.500000
   0.214286 -0.261905 -0.500000
   0.214286 -0.214286 -0.500000
   0.261905  0.261905 -0.500000
   0.261905  0.309524 -0.500000
   0.261905  0.357143 -0.500000
   0.261905  0.404762 -0.500000
   0.261905  0.452381 -0.500000
   0.261905 -0.500000 -0.500000
   0.261905 -0.452381 -0.500000
   0.261905 -0.404762 -0.500000
   0.261905 -0.357143 -0.500000
   0.261905 -0.309524 -0.500000
   0.261905 -0.261905 -0.500000
   0.309524  0.309524 -0.500000
   0.309524  0.357143 -0.500000
   0.309524  0.404762 -0.500000
   0.309524  0.452381 -0.500000
   0.309524 -0.500000 -0.500000
   0.309524 -0.452381 -0.500000
   0.309524 -0.404762 -0.500000
   0.309524 -0.357143 -0.500000
   0.309524 -0.309524 -0.500000
   0.357143  0.357143 -0.500000
   0.357143  0.404762 -0.500000
   0.357143  0.452381 -0.500000
   0.357143 -0.500000 -0.500000
   0.357143 -0.452381 -0.500000
   0.357143 -0.404762 -0.500000
   0.357143 -0.357143 -0.500000
   0.404762  0.404762 -0.500000
   0.404762  0.452381 -0.500000
   0.404762 -0.500000 -0.500000
   0.404762 -0.452381 -0.500000
   0.404762 -0.404762 -0.500000
   0.452381  0.452381 -0.500000
   0.452381 -0.500000 -0.500000
   0.452381 -0.452381 -0.500000
  -0.500000 -0.500000 -0.500000
 nbndsi=          20
         121
 weights:
 0.0090703 0.0181406 0.0181406 0.0181406 0.0181406 0.0181406 0.0181406 0.0181406 0.0181406 0.0181406
 0.0181406 0.0181406 0.0181406 0.0181406 0.0181406 0.0181406 0.0181406 0.0181406 0.0181406 0.0181406
 0.0090703 0.0090703 0.0181406 0.0181406 0.0181406 0.0181406 0.0181406 0.0181406 0.0181406 0.0181406
 0.0181406 0.0181406 0.0181406 0.0181406 0.0181406 0.0181406 0.0181406 0.0181406 0.0181406 0.0090703
 0.0090703 0.0181406 0.0181406 0.0181406 0.0181406 0.0181406 0.0181406 0.0181406 0.0181406 0.0181406
 0.0181406 0.0181406 0.0181406 0.0181406 0.0181406 0.0181406 0.0090703 0.0090703 0.0181406 0.0181406
 0.0181406 0.0181406 0.0181406 0.0181406 0.0181406 0.0181406 0.0181406 0.0181406 0.0181406 0.0181406
 0.0181406 0.0090703 0.0090703 0.0181406 0.0181406 0.0181406 0.0181406 0.0181406 0.0181406 0.0181406
 0.0181406 0.0181406 0.0181406 0.0181406 0.0090703 0.0090703 0.0181406 0.0181406 0.0181406 0.0181406
 0.0181406 0.0181406 0.0181406 0.0181406 0.0181406 0.0090703 0.0090703 0.0181406 0.0181406 0.0181406
 0.0181406 0.0181406 0.0181406 0.0181406 0.0090703 0.0090703 0.0181406 0.0181406 0.0181406 0.0181406
 0.0181406 0.0090703 0.0090703 0.0181406 0.0181406 0.0181406 0.0090703 0.0090703 0.0181406 0.0090703
 0.0045351
 ik=           1
 2.0000000 2.0000000 2.0000000 2.0000000 0.0000000 0.0000000 0.0000000 0.0000000 0.0000000 0.0000000
 0.0000000 0.0000000 0.0000000 0.0000000 0.0000000 0.0000000 0.0000000 0.0000000 0.0000000 0.0000000
 ik=           2
 2.0000000 2.0000000 2.0000000 2.0000000 0.0000000 0.0000000 0.0000000 0.0000000 0.0000000 0.0000000
 0.0000000 0.0000000 0.0000000 0.0000000 0.0000000 0.0000000 0.0000000 0.0000000 0.0000000 0.0000000
 ik=           3
 2.0000000 2.0000000 2.0000000 2.0000000 0.0000000 0.0000000 0.0000000 0.0000000 0.0000000 0.0000000
 0.0000000 0.0000000 0.0000000 0.0000000 0.0000000 0.0000000 0.0000000 0.0000000 0.0000000 0.0000000
 ik=           4
 2.0000000 2.0000000 2.0000000 2.0000000 0.0000000 0.0000000 0.0000000 0.0000000 0.0000000 0.0000000
 0.0000000 0.0000000 0.0000000 0.0000000 0.0000000 0.0000000 0.0000000 0.0000000 0.0000000 0.0000000
 ik=           5
 2.0000000 2.0000000 2.0000000 2.0000000 0.0000000 0.0000000 0.0000000 0.0000000 0.0000000 0.0000000
 0.0000000 0.0000000 0.0000000 0.0000000 0.0000000 0.0000000 0.0000000 0.0000000 0.0000000 0.0000000
 ik=           6
 2.0000000 2.0000000 2.0000000 2.0000000 0.0000000 0.0000000 0.0000000 0.0000000 0.0000000 0.0000000
 0.0000000 0.0000000 0.0000000 0.0000000 0.0000000 0.0000000 0.0000000 0.0000000 0.0000000 0.0000000
 ik=           7
 2.0000000 2.0000000 2.0000000 2.0000000 0.0000000 0.0000000 0.0000000 0.0000000 0.0000000 0.0000000
 0.0000000 0.0000000 0.0000000 0.0000000 0.0000000 0.0000000 0.0000000 0.0000000 0.0000000 0.0000000
 ik=           8
 2.0000000 2.0000000 2.0000000 2.0000000 0.0000000 0.0000000 0.0000000 0.0000000 0.0000000 0.0000000
 0.0000000 0.0000000 0.0000000 0.0000000 0.0000000 0.0000000 0.0000000 0.0000000 0.0000000 0.0000000
 ik=           9
 2.0000000 2.0000000 2.0000000 2.0000000 0.0000000 0.0000000 0.0000000 0.0000000 0.0000000 0.0000000
 0.0000000 0.0000000 0.0000000 0.0000000 0.0000000 0.0000000 0.0000000 0.0000000 0.0000000 0.0000000
 ik=          10
 2.0000000 2.0000000 2.0000000 2.0000000 0.0000000 0.0000000 0.0000000 0.0000000 0.0000000 0.0000000
 0.0000000 0.0000000 0.0000000 0.0000000 0.0000000 0.0000000 0.0000000 0.0000000 0.0000000 0.0000000
 ik=          11
 2.0000000 2.0000000 2.0000000 2.0000000 0.0000000 0.0000000 0.0000000 0.0000000 0.0000000 0.0000000
 0.0000000 0.0000000 0.0000000 0.0000000 0.0000000 0.0000000 0.0000000 0.0000000 0.0000000 0.0000000
 ik=          12
 2.0000000 2.0000000 2.0000000 2.0000000 0.0000000 0.0000000 0.0000000 0.0000000 0.0000000 0.0000000
 0.0000000 0.0000000 0.0000000 0.0000000 0.0000000 0.0000000 0.0000000 0.0000000 0.0000000 0.0000000
 ik=          13
 2.0000000 2.0000000 2.0000000 2.0000000 0.0000000 0.0000000 0.0000000 0.0000000 0.0000000 0.0000000
 0.0000000 0.0000000 0.0000000 0.0000000 0.0000000 0.0000000 0.0000000 0.0000000 0.0000000 0.0000000
 ik=          14
 2.0000000 2.0000000 2.0000000 2.0000000 0.0000000 0.0000000 0.0000000 0.0000000 0.0000000 0.0000000
 0.0000000 0.0000000 0.0000000 0.0000000 0.0000000 0.0000000 0.0000000 0.0000000 0.0000000 0.0000000
 ik=          15
 2.0000000 2.0000000 2.0000000 2.0000000 0.0000000 0.0000000 0.0000000 0.0000000 0.0000000 0.0000000
 0.0000000 0.0000000 0.0000000 0.0000000 0.0000000 0.0000000 0.0000000 0.0000000 0.0000000 0.0000000
 ik=          16
 2.0000000 2.0000000 2.0000000 2.0000000 0.0000000 0.0000000 0.0000000 0.0000000 0.0000000 0.0000000
 0.0000000 0.0000000 0.0000000 0.0000000 0.0000000 0.0000000 0.0000000 0.0000000 0.0000000 0.0000000
 ik=          17
 2.0000000 2.0000000 2.0000000 2.0000000 0.0000000 0.0000000 0.0000000 0.0000000 0.0000000 0.0000000
 0.0000000 0.0000000 0.0000000 0.0000000 0.0000000 0.0000000 0.0000000 0.0000000 0.0000000 0.0000000
 ik=          18
 2.0000000 2.0000000 2.0000000 2.0000000 0.0000000 0.0000000 0.0000000 0.0000000 0.0000000 0.0000000
 0.0000000 0.0000000 0.0000000 0.0000000 0.0000000 0.0000000 0.0000000 0.0000000 0.0000000 0.0000000
 ik=          19
 2.0000000 2.0000000 2.0000000 2.0000000 0.0000000 0.0000000 0.0000000 0.0000000 0.0000000 0.0000000
 0.0000000 0.0000000 0.0000000 0.0000000 0.0000000 0.0000000 0.0000000 0.0000000 0.0000000 0.0000000
 ik=          20
 2.0000000 2.0000000 2.0000000 2.0000000 0.0000000 0.0000000 0.0000000 0.0000000 0.0000000 0.0000000
 0.0000000 0.0000000 0.0000000 0.0000000 0.0000000 0.0000000 0.0000000 0.0000000 0.0000000 0.0000000
 ik=          21
 2.0000000 2.0000000 2.0000000 2.0000000 0.0000000 0.0000000 0.0000000 0.0000000 0.0000000 0.0000000
 0.0000000 0.0000000 0.0000000 0.0000000 0.0000000 0.0000000 0.0000000 0.0000000 0.0000000 0.0000000
 ik=          22
 2.0000000 2.0000000 2.0000000 2.0000000 0.0000000 0.0000000 0.0000000 0.0000000 0.0000000 0.0000000
 0.0000000 0.0000000 0.0000000 0.0000000 0.0000000 0.0000000 0.0000000 0.0000000 0.0000000 0.0000000
 ik=          23
 2.0000000 2.0000000 2.0000000 2.0000000 0.0000000 0.0000000 0.0000000 0.0000000 0.0000000 0.0000000
 0.0000000 0.0000000 0.0000000 0.0000000 0.0000000 0.0000000 0.0000000 0.0000000 0.0000000 0.0000000
 ik=          24
 2.0000000 2.0000000 2.0000000 2.0000000 0.0000000 0.0000000 0.0000000 0.0000000 0.0000000 0.0000000
 0.0000000 0.0000000 0.0000000 0.0000000 0.0000000 0.0000000 0.0000000 0.0000000 0.0000000 0.0000000
 ik=          25
 2.0000000 2.0000000 2.0000000 2.0000000 0.0000000 0.0000000 0.0000000 0.0000000 0.0000000 0.0000000
 0.0000000 0.0000000 0.0000000 0.0000000 0.0000000 0.0000000 0.0000000 0.0000000 0.0000000 0.0000000
 ik=          26
 2.0000000 2.0000000 2.0000000 2.0000000 0.0000000 0.0000000 0.0000000 0.0000000 0.0000000 0.0000000
 0.0000000 0.0000000 0.0000000 0.0000000 0.0000000 0.0000000 0.0000000 0.0000000 0.0000000 0.0000000
 ik=          27
 2.0000000 2.0000000 2.0000000 2.0000000 0.0000000 0.0000000 0.0000000 0.0000000 0.0000000 0.0000000
 0.0000000 0.0000000 0.0000000 0.0000000 0.0000000 0.0000000 0.0000000 0.0000000 0.0000000 0.0000000
 ik=          28
 2.0000000 2.0000000 2.0000000 2.0000000 0.0000000 0.0000000 0.0000000 0.0000000 0.0000000 0.0000000
 0.0000000 0.0000000 0.0000000 0.0000000 0.0000000 0.0000000 0.0000000 0.0000000 0.0000000 0.0000000
 ik=          29
 2.0000000 2.0000000 2.0000000 2.0000000 0.0000000 0.0000000 0.0000000 0.0000000 0.0000000 0.0000000
 0.0000000 0.0000000 0.0000000 0.0000000 0.0000000 0.0000000 0.0000000 0.0000000 0.0000000 0.0000000
 ik=          30
 2.0000000 2.0000000 2.0000000 2.0000000 0.0000000 0.0000000 0.0000000 0.0000000 0.0000000 0.0000000
 0.0000000 0.0000000 0.0000000 0.0000000 0.0000000 0.0000000 0.0000000 0.0000000 0.0000000 0.0000000
 ik=          31
 2.0000000 2.0000000 2.0000000 2.0000000 0.0000000 0.0000000 0.0000000 0.0000000 0.0000000 0.0000000
 0.0000000 0.0000000 0.0000000 0.0000000 0.0000000 0.0000000 0.0000000 0.0000000 0.0000000 0.0000000
 ik=          32
 2.0000000 2.0000000 2.0000000 2.0000000 0.0000000 0.0000000 0.0000000 0.0000000 0.0000000 0.0000000
 0.0000000 0.0000000 0.0000000 0.0000000 0.0000000 0.0000000 0.0000000 0.0000000 0.0000000 0.0000000
 ik=          33
 2.0000000 2.0000000 2.0000000 2.0000000 0.0000000 0.0000000 0.0000000 0.0000000 0.0000000 0.0000000
 0.0000000 0.0000000 0.0000000 0.0000000 0.0000000 0.0000000 0.0000000 0.0000000 0.0000000 0.0000000
 ik=          34
 2.0000000 2.0000000 2.0000000 2.0000000 0.0000000 0.0000000 0.0000000 0.0000000 0.0000000 0.0000000
 0.0000000 0.0000000 0.0000000 0.0000000 0.0000000 0.0000000 0.0000000 0.0000000 0.0000000 0.0000000
 ik=          35
 2.0000000 2.0000000 2.0000000 2.0000000 0.0000000 0.0000000 0.0000000 0.0000000 0.0000000 0.0000000
 0.0000000 0.0000000 0.0000000 0.0000000 0.0000000 0.0000000 0.0000000 0.0000000 0.0000000 0.0000000
 ik=          36
 2.0000000 2.0000000 2.0000000 2.0000000 0.0000000 0.0000000 0.0000000 0.0000000 0.0000000 0.0000000
 0.0000000 0.0000000 0.0000000 0.0000000 0.0000000 0.0000000 0.0000000 0.0000000 0.0000000 0.0000000
 ik=          37
 2.0000000 2.0000000 2.0000000 2.0000000 0.0000000 0.0000000 0.0000000 0.0000000 0.0000000 0.0000000
 0.0000000 0.0000000 0.0000000 0.0000000 0.0000000 0.0000000 0.0000000 0.0000000 0.0000000 0.0000000
 ik=          38
 2.0000000 2.0000000 2.0000000 2.0000000 0.0000000 0.0000000 0.0000000 0.0000000 0.0000000 0.0000000
 0.0000000 0.0000000 0.0000000 0.0000000 0.0000000 0.0000000 0.0000000 0.0000000 0.0000000 0.0000000
 ik=          39
 2.0000000 2.0000000 2.0000000 2.0000000 0.0000000 0.0000000 0.0000000 0.0000000 0.0000000 0.0000000
 0.0000000 0.0000000 0.0000000 0.0000000 0.0000000 0.0000000 0.0000000 0.0000000 0.0000000 0.0000000
 ik=          40
 2.0000000 2.0000000 2.0000000 2.0000000 0.0000000 0.0000000 0.0000000 0.0000000 0.0000000 0.0000000
 0.0000000 0.0000000 0.0000000 0.0000000 0.0000000 0.0000000 0.0000000 0.0000000 0.0000000 0.0000000
 ik=          41
 2.0000000 2.0000000 2.0000000 2.0000000 0.0000000 0.0000000 0.0000000 0.0000000 0.0000000 0.0000000
 0.0000000 0.0000000 0.0000000 0.0000000 0.0000000 0.0000000 0.0000000 0.0000000 0.0000000 0.0000000
 ik=          42
 2.0000000 2.0000000 2.0000000 2.0000000 0.0000000 0.0000000 0.0000000 0.0000000 0.0000000 0.0000000
 0.0000000 0.0000000 0.0000000 0.0000000 0.0000000 0.0000000 0.0000000 0.0000000 0.0000000 0.0000000
 ik=          43
 2.0000000 2.0000000 2.0000000 2.0000000 0.0000000 0.0000000 0.0000000 0.0000000 0.0000000 0.0000000
 0.0000000 0.0000000 0.0000000 0.0000000 0.0000000 0.0000000 0.0000000 0.0000000 0.0000000 0.0000000
 ik=          44
 2.0000000 2.0000000 2.0000000 2.0000000 0.0000000 0.0000000 0.0000000 0.0000000 0.0000000 0.0000000
 0.0000000 0.0000000 0.0000000 0.0000000 0.0000000 0.0000000 0.0000000 0.0000000 0.0000000 0.0000000
 ik=          45
 2.0000000 2.0000000 2.0000000 2.0000000 0.0000000 0.0000000 0.0000000 0.0000000 0.0000000 0.0000000
 0.0000000 0.0000000 0.0000000 0.0000000 0.0000000 0.0000000 0.0000000 0.0000000 0.0000000 0.0000000
 ik=          46
 2.0000000 2.0000000 2.0000000 2.0000000 0.0000000 0.0000000 0.0000000 0.0000000 0.0000000 0.0000000
 0.0000000 0.0000000 0.0000000 0.0000000 0.0000000 0.0000000 0.0000000 0.0000000 0.0000000 0.0000000
 ik=          47
 2.0000000 2.0000000 2.0000000 2.0000000 0.0000000 0.0000000 0.0000000 0.0000000 0.0000000 0.0000000
 0.0000000 0.0000000 0.0000000 0.0000000 0.0000000 0.0000000 0.0000000 0.0000000 0.0000000 0.0000000
 ik=          48
 2.0000000 2.0000000 2.0000000 2.0000000 0.0000000 0.0000000 0.0000000 0.0000000 0.0000000 0.0000000
 0.0000000 0.0000000 0.0000000 0.0000000 0.0000000 0.0000000 0.0000000 0.0000000 0.0000000 0.0000000
 ik=          49
 2.0000000 2.0000000 2.0000000 2.0000000 0.0000000 0.0000000 0.0000000 0.0000000 0.0000000 0.0000000
 0.0000000 0.0000000 0.0000000 0.0000000 0.0000000 0.0000000 0.0000000 0.0000000 0.0000000 0.0000000
 ik=          50
 2.0000000 2.0000000 2.0000000 2.0000000 0.0000000 0.0000000 0.0000000 0.0000000 0.0000000 0.0000000
 0.0000000 0.0000000 0.0000000 0.0000000 0.0000000 0.0000000 0.0000000 0.0000000 0.0000000 0.0000000
 ik=          51
 2.0000000 2.0000000 2.0000000 2.0000000 0.0000000 0.0000000 0.0000000 0.0000000 0.0000000 0.0000000
 0.0000000 0.0000000 0.0000000 0.0000000 0.0000000 0.0000000 0.0000000 0.0000000 0.0000000 0.0000000
 ik=          52
 2.0000000 2.0000000 2.0000000 2.0000000 0.0000000 0.0000000 0.0000000 0.0000000 0.0000000 0.0000000
 0.0000000 0.0000000 0.0000000 0.0000000 0.0000000 0.0000000 0.0000000 0.0000000 0.0000000 0.0000000
 ik=          53
 2.0000000 2.0000000 2.0000000 2.0000000 0.0000000 0.0000000 0.0000000 0.0000000 0.0000000 0.0000000
 0.0000000 0.0000000 0.0000000 0.0000000 0.0000000 0.0000000 0.0000000 0.0000000 0.0000000 0.0000000
 ik=          54
 2.0000000 2.0000000 2.0000000 2.0000000 0.0000000 0.0000000 0.0000000 0.0000000 0.0000000 0.0000000
 0.0000000 0.0000000 0.0000000 0.0000000 0.0000000 0.0000000 0.0000000 0.0000000 0.0000000 0.0000000
 ik=          55
 2.0000000 2.0000000 2.0000000 2.0000000 0.0000000 0.0000000 0.0000000 0.0000000 0.0000000 0.0000000
 0.0000000 0.0000000 0.0000000 0.0000000 0.0000000 0.0000000 0.0000000 0.0000000 0.0000000 0.0000000
 ik=          56
 2.0000000 2.0000000 2.0000000 2.0000000 0.0000000 0.0000000 0.0000000 0.0000000 0.0000000 0.0000000
 0.0000000 0.0000000 0.0000000 0.0000000 0.0000000 0.0000000 0.0000000 0.0000000 0.0000000 0.0000000
 ik=          57
 2.0000000 2.0000000 2.0000000 2.0000000 0.0000000 0.0000000 0.0000000 0.0000000 0.0000000 0.0000000
 0.0000000 0.0000000 0.0000000 0.0000000 0.0000000 0.0000000 0.0000000 0.0000000 0.0000000 0.0000000
 ik=          58
 2.0000000 2.0000000 2.0000000 2.0000000 0.0000000 0.0000000 0.0000000 0.0000000 0.0000000 0.0000000
 0.0000000 0.0000000 0.0000000 0.0000000 0.0000000 0.0000000 0.0000000 0.0000000 0.0000000 0.0000000
 ik=          59
 2.0000000 2.0000000 2.0000000 2.0000000 0.0000000 0.0000000 0.0000000 0.0000000 0.0000000 0.0000000
 0.0000000 0.0000000 0.0000000 0.0000000 0.0000000 0.0000000 0.0000000 0.0000000 0.0000000 0.0000000
 ik=          60
 2.0000000 2.0000000 2.0000000 2.0000000 0.0000000 0.0000000 0.0000000 0.0000000 0.0000000 0.0000000
 0.0000000 0.0000000 0.0000000 0.0000000 0.0000000 0.0000000 0.0000000 0.0000000 0.0000000 0.0000000
 ik=          61
 2.0000000 2.0000000 2.0000000 2.0000000 0.0000000 0.0000000 0.0000000 0.0000000 0.0000000 0.0000000
 0.0000000 0.0000000 0.0000000 0.0000000 0.0000000 0.0000000 0.0000000 0.0000000 0.0000000 0.0000000
 ik=          62
 2.0000000 2.0000000 2.0000000 2.0000000 0.0000000 0.0000000 0.0000000 0.0000000 0.0000000 0.0000000
 0.0000000 0.0000000 0.0000000 0.0000000 0.0000000 0.0000000 0.0000000 0.0000000 0.0000000 0.0000000
 ik=          63
 2.0000000 2.0000000 2.0000000 2.0000000 0.0000004 0.0000000 0.0000000 0.0000000 0.0000000 0.0000000
 0.0000000 0.0000000 0.0000000 0.0000000 0.0000000 0.0000000 0.0000000 0.0000000 0.0000000 0.0000000
 ik=          64
 2.0000000 2.0000000 2.0000000 2.0000000 0.0000000 0.0000000 0.0000000 0.0000000 0.0000000 0.0000000
 0.0000000 0.0000000 0.0000000 0.0000000 0.0000000 0.0000000 0.0000000 0.0000000 0.0000000 0.0000000
 ik=          65
 2.0000000 2.0000000 2.0000000 2.0000000 0.0000000 0.0000000 0.0000000 0.0000000 0.0000000 0.0000000
 0.0000000 0.0000000 0.0000000 0.0000000 0.0000000 0.0000000 0.0000000 0.0000000 0.0000000 0.0000000
 ik=          66
 2.0000000 2.0000000 2.0000000 2.0000000 0.0000000 0.0000000 0.0000000 0.0000000 0.0000000 0.0000000
 0.0000000 0.0000000 0.0000000 0.0000000 0.0000000 0.0000000 0.0000000 0.0000000 0.0000000 0.0000000
 ik=          67
 2.0000000 2.0000000 2.0000000 2.0000000 0.0000000 0.0000000 0.0000000 0.0000000 0.0000000 0.0000000
 0.0000000 0.0000000 0.0000000 0.0000000 0.0000000 0.0000000 0.0000000 0.0000000 0.0000000 0.0000000
 ik=          68
 2.0000000 2.0000000 2.0000000 2.0000000 0.0000000 0.0000000 0.0000000 0.0000000 0.0000000 0.0000000
 0.0000000 0.0000000 0.0000000 0.0000000 0.0000000 0.0000000 0.0000000 0.0000000 0.0000000 0.0000000
 ik=          69
 2.0000000 2.0000000 2.0000000 2.0000000 0.0000000 0.0000000 0.0000000 0.0000000 0.0000000 0.0000000
 0.0000000 0.0000000 0.0000000 0.0000000 0.0000000 0.0000000 0.0000000 0.0000000 0.0000000 0.0000000
 ik=          70
 2.0000000 2.0000000 2.0000000 2.0000000 0.0000000 0.0000000 0.0000000 0.0000000 0.0000000 0.0000000
 0.0000000 0.0000000 0.0000000 0.0000000 0.0000000 0.0000000 0.0000000 0.0000000 0.0000000 0.0000000
 ik=          71
 2.0000000 2.0000000 2.0000000 2.0000000 0.0000000 0.0000000 0.0000000 0.0000000 0.0000000 0.0000000
 0.0000000 0.0000000 0.0000000 0.0000000 0.0000000 0.0000000 0.0000000 0.0000000 0.0000000 0.0000000
 ik=          72
 2.0000000 2.0000000 2.0000000 2.0000000 0.0000000 0.0000000 0.0000000 0.0000000 0.0000000 0.0000000
 0.0000000 0.0000000 0.0000000 0.0000000 0.0000000 0.0000000 0.0000000 0.0000000 0.0000000 0.0000000
 ik=          73
 2.0000000 2.0000000 2.0000000 2.0000000 0.0000000 0.0000000 0.0000000 0.0000000 0.0000000 0.0000000
 0.0000000 0.0000000 0.0000000 0.0000000 0.0000000 0.0000000 0.0000000 0.0000000 0.0000000 0.0000000
 ik=          74
 2.0000000 2.0000000 2.0000000 2.0000000 0.0000000 0.0000000 0.0000000 0.0000000 0.0000000 0.0000000
 0.0000000 0.0000000 0.0000000 0.0000000 0.0000000 0.0000000 0.0000000 0.0000000 0.0000000 0.0000000
 ik=          75
 2.0000000 2.0000000 2.0000000 2.0000000 0.0000000 0.0000000 0.0000000 0.0000000 0.0000000 0.0000000
 0.0000000 0.0000000 0.0000000 0.0000000 0.0000000 0.0000000 0.0000000 0.0000000 0.0000000 0.0000000
 ik=          76
 2.0000000 2.0000000 2.0000000 2.0000000 0.0000003 0.0000000 0.0000000 0.0000000 0.0000000 0.0000000
 0.0000000 0.0000000 0.0000000 0.0000000 0.0000000 0.0000000 0.0000000 0.0000000 0.0000000 0.0000000
 ik=          77
 2.0000000 2.0000000 2.0000000 1.9999993 0.0000158 0.0000000 0.0000000 0.0000000 0.0000000 0.0000000
 0.0000000 0.0000000 0.0000000 0.0000000 0.0000000 0.0000000 0.0000000 0.0000000 0.0000000 0.0000000
 ik=          78
 2.0000000 2.0000000 2.0000000 2.0000000 0.0000000 0.0000000 0.0000000 0.0000000 0.0000000 0.0000000
 0.0000000 0.0000000 0.0000000 0.0000000 0.0000000 0.0000000 0.0000000 0.0000000 0.0000000 0.0000000
 ik=          79
 2.0000000 2.0000000 2.0000000 2.0000000 0.0000000 0.0000000 0.0000000 0.0000000 0.0000000 0.0000000
 0.0000000 0.0000000 0.0000000 0.0000000 0.0000000 0.0000000 0.0000000 0.0000000 0.0000000 0.0000000
 ik=          80
 2.0000000 2.0000000 2.0000000 2.0000000 0.0000000 0.0000000 0.0000000 0.0000000 0.0000000 0.0000000
 0.0000000 0.0000000 0.0000000 0.0000000 0.0000000 0.0000000 0.0000000 0.0000000 0.0000000 0.0000000
 ik=          81
 2.0000000 2.0000000 2.0000000 2.0000000 0.0000000 0.0000000 0.0000000 0.0000000 0.0000000 0.0000000
 0.0000000 0.0000000 0.0000000 0.0000000 0.0000000 0.0000000 0.0000000 0.0000000 0.0000000 0.0000000
 ik=          82
 2.0000000 2.0000000 2.0000000 2.0000000 0.0000000 0.0000000 0.0000000 0.0000000 0.0000000 0.0000000
 0.0000000 0.0000000 0.0000000 0.0000000 0.0000000 0.0000000 0.0000000 0.0000000 0.0000000 0.0000000
 ik=          83
 2.0000000 2.0000000 2.0000000 2.0000000 0.0000000 0.0000000 0.0000000 0.0000000 0.0000000 0.0000000
 0.0000000 0.0000000 0.0000000 0.0000000 0.0000000 0.0000000 0.0000000 0.0000000 0.0000000 0.0000000
 ik=          84
 2.0000000 2.0000000 2.0000000 2.0000000 0.0000000 0.0000000 0.0000000 0.0000000 0.0000000 0.0000000
 0.0000000 0.0000000 0.0000000 0.0000000 0.0000000 0.0000000 0.0000000 0.0000000 0.0000000 0.0000000
 ik=          85
 2.0000000 2.0000000 2.0000000 2.0000000 0.0000000 0.0000000 0.0000000 0.0000000 0.0000000 0.0000000
 0.0000000 0.0000000 0.0000000 0.0000000 0.0000000 0.0000000 0.0000000 0.0000000 0.0000000 0.0000000
 ik=          86
 2.0000000 2.0000000 2.0000000 2.0000000 0.0000000 0.0000000 0.0000000 0.0000000 0.0000000 0.0000000
 0.0000000 0.0000000 0.0000000 0.0000000 0.0000000 0.0000000 0.0000000 0.0000000 0.0000000 0.0000000
 ik=          87
 2.0000000 2.0000000 2.0000000 1.9999999 0.0000001 0.0000000 0.0000000 0.0000000 0.0000000 0.0000000
 0.0000000 0.0000000 0.0000000 0.0000000 0.0000000 0.0000000 0.0000000 0.0000000 0.0000000 0.0000000
 ik=          88
 2.0000000 2.0000000 2.0000000 1.9989526 0.0020366 0.0000000 0.0000000 0.0000000 0.0000000 0.0000000
 0.0000000 0.0000000 0.0000000 0.0000000 0.0000000 0.0000000 0.0000000 0.0000000 0.0000000 0.0000000
 ik=          89
 2.0000000 2.0000000 2.0000000 1.9999626 0.0000777 0.0000000 0.0000000 0.0000000 0.0000000 0.0000000
 0.0000000 0.0000000 0.0000000 0.0000000 0.0000000 0.0000000 0.0000000 0.0000000 0.0000000 0.0000000
 ik=          90
 2.0000000 2.0000000 2.0000000 2.0000000 0.0000000 0.0000000 0.0000000 0.0000000 0.0000000 0.0000000
 0.0000000 0.0000000 0.0000000 0.0000000 0.0000000 0.0000000 0.0000000 0.0000000 0.0000000 0.0000000
 ik=          91
 2.0000000 2.0000000 2.0000000 2.0000000 0.0000000 0.0000000 0.0000000 0.0000000 0.0000000 0.0000000
 0.0000000 0.0000000 0.0000000 0.0000000 0.0000000 0.0000000 0.0000000 0.0000000 0.0000000 0.0000000
 ik=          92
 2.0000000 2.0000000 2.0000000 2.0000000 0.0000000 0.0000000 0.0000000 0.0000000 0.0000000 0.0000000
 0.0000000 0.0000000 0.0000000 0.0000000 0.0000000 0.0000000 0.0000000 0.0000000 0.0000000 0.0000000
 ik=          93
 2.0000000 2.0000000 2.0000000 2.0000000 0.0000000 0.0000000 0.0000000 0.0000000 0.0000000 0.0000000
 0.0000000 0.0000000 0.0000000 0.0000000 0.0000000 0.0000000 0.0000000 0.0000000 0.0000000 0.0000000
 ik=          94
 2.0000000 2.0000000 2.0000000 2.0000000 0.0000000 0.0000000 0.0000000 0.0000000 0.0000000 0.0000000
 0.0000000 0.0000000 0.0000000 0.0000000 0.0000000 0.0000000 0.0000000 0.0000000 0.0000000 0.0000000
 ik=          95
 2.0000000 2.0000000 2.0000000 2.0000000 0.0000000 0.0000000 0.0000000 0.0000000 0.0000000 0.0000000
 0.0000000 0.0000000 0.0000000 0.0000000 0.0000000 0.0000000 0.0000000 0.0000000 0.0000000 0.0000000
 ik=          96
 2.0000000 2.0000000 2.0000000 2.0000000 0.0000000 0.0000000 0.0000000 0.0000000 0.0000000 0.0000000
 0.0000000 0.0000000 0.0000000 0.0000000 0.0000000 0.0000000 0.0000000 0.0000000 0.0000000 0.0000000
 ik=          97
 2.0000000 2.0000000 2.0000000 1.9886208 0.0114209 0.0000000 0.0000000 0.0000000 0.0000000 0.0000000
 0.0000000 0.0000000 0.0000000 0.0000000 0.0000000 0.0000000 0.0000000 0.0000000 0.0000000 0.0000000
 ik=          98
 2.0000000 2.0000000 2.0000000 1.8233235 0.1731346 0.0000000 0.0000000 0.0000000 0.0000000 0.0000000
 0.0000000 0.0000000 0.0000000 0.0000000 0.0000000 0.0000000 0.0000000 0.0000000 0.0000000 0.0000000
 ik=          99
 2.0000000 2.0000000 2.0000000 1.9999204 0.0000988 0.0000000 0.0000000 0.0000000 0.0000000 0.0000000
 0.0000000 0.0000000 0.0000000 0.0000000 0.0000000 0.0000000 0.0000000 0.0000000 0.0000000 0.0000000
 ik=         100
 2.0000000 2.0000000 2.0000000 2.0000000 0.0000000 0.0000000 0.0000000 0.0000000 0.0000000 0.0000000
 0.0000000 0.0000000 0.0000000 0.0000000 0.0000000 0.0000000 0.0000000 0.0000000 0.0000000 0.0000000
 ik=         101
 2.0000000 2.0000000 2.0000000 2.0000000 0.0000000 0.0000000 0.0000000 0.0000000 0.0000000 0.0000000
 0.0000000 0.0000000 0.0000000 0.0000000 0.0000000 0.0000000 0.0000000 0.0000000 0.0000000 0.0000000
 ik=         102
 2.0000000 2.0000000 2.0000000 2.0000000 0.0000000 0.0000000 0.0000000 0.0000000 0.0000000 0.0000000
 0.0000000 0.0000000 0.0000000 0.0000000 0.0000000 0.0000000 0.0000000 0.0000000 0.0000000 0.0000000
 ik=         103
 2.0000000 2.0000000 2.0000000 2.0000000 0.0000000 0.0000000 0.0000000 0.0000000 0.0000000 0.0000000
 0.0000000 0.0000000 0.0000000 0.0000000 0.0000000 0.0000000 0.0000000 0.0000000 0.0000000 0.0000000
 ik=         104
 2.0000000 2.0000000 2.0000000 2.0000000 0.0000000 0.0000000 0.0000000 0.0000000 0.0000000 0.0000000
 0.0000000 0.0000000 0.0000000 0.0000000 0.0000000 0.0000000 0.0000000 0.0000000 0.0000000 0.0000000
 ik=         105
 2.0000000 2.0000000 2.0000000 2.0000000 0.0000000 0.0000000 0.0000000 0.0000000 0.0000000 0.0000000
 0.0000000 0.0000000 0.0000000 0.0000000 0.0000000 0.0000000 0.0000000 0.0000000 0.0000000 0.0000000
 ik=         106
 2.0000000 2.0000000 2.0000000 1.9703339 0.0345077 0.0000000 0.0000000 0.0000000 0.0000000 0.0000000
 0.0000000 0.0000000 0.0000000 0.0000000 0.0000000 0.0000000 0.0000000 0.0000000 0.0000000 0.0000000
 ik=         107
 2.0000000 2.0000000 2.0000000 1.9999920 0.0000421 0.0000000 0.0000000 0.0000000 0.0000000 0.0000000
 0.0000000 0.0000000 0.0000000 0.0000000 0.0000000 0.0000000 0.0000000 0.0000000 0.0000000 0.0000000
 ik=         108
 2.0000000 2.0000000 2.0000000 2.0000000 0.0000000 0.0000000 0.0000000 0.0000000 0.0000000 0.0000000
 0.0000000 0.0000000 0.0000000 0.0000000 0.0000000 0.0000000 0.0000000 0.0000000 0.0000000 0.0000000
 ik=         109
 2.0000000 2.0000000 2.0000000 2.0000000 0.0000000 0.0000000 0.0000000 0.0000000 0.0000000 0.0000000
 0.0000000 0.0000000 0.0000000 0.0000000 0.0000000 0.0000000 0.0000000 0.0000000 0.0000000 0.0000000
 ik=         110
 2.0000000 2.0000000 2.0000000 2.0000000 0.0000000 0.0000000 0.0000000 0.0000000 0.0000000 0.0000000
 0.0000000 0.0000000 0.0000000 0.0000000 0.0000000 0.0000000 0.0000000 0.0000000 0.0000000 0.0000000
 ik=         111
 2.0000000 2.0000000 2.0000000 2.0000000 0.0000000 0.0000000 0.0000000 0.0000000 0.0000000 0.0000000
 0.0000000 0.0000000 0.0000000 0.0000000 0.0000000 0.0000000 0.0000000 0.0000000 0.0000000 0.0000000
 ik=         112
 2.0000000 2.0000000 2.0000000 2.0000000 0.0000000 0.0000000 0.0000000 0.0000000 0.0000000 0.0000000
 0.0000000 0.0000000 0.0000000 0.0000000 0.0000000 0.0000000 0.0000000 0.0000000 0.0000000 0.0000000
 ik=         113
 2.0000000 2.0000000 2.0000000 2.0000000 0.0000033 0.0000000 0.0000000 0.0000000 0.0000000 0.0000000
 0.0000000 0.0000000 0.0000000 0.0000000 0.0000000 0.0000000 0.0000000 0.0000000 0.0000000 0.0000000
 ik=         114
 2.0000000 2.0000000 2.0000000 2.0000000 0.0000000 0.0000000 0.0000000 0.0000000 0.0000000 0.0000000
 0.0000000 0.0000000 0.0000000 0.0000000 0.0000000 0.0000000 0.0000000 0.0000000 0.0000000 0.0000000
 ik=         115
 2.0000000 2.0000000 2.0000000 2.0000000 0.0000000 0.0000000 0.0000000 0.0000000 0.0000000 0.0000000
 0.0000000 0.0000000 0.0000000 0.0000000 0.0000000 0.0000000 0.0000000 0.0000000 0.0000000 0.0000000
 ik=         116
 2.0000000 2.0000000 2.0000000 2.0000000 0.0000000 0.0000000 0.0000000 0.0000000 0.0000000 0.0000000
 0.0000000 0.0000000 0.0000000 0.0000000 0.0000000 0.0000000 0.0000000 0.0000000 0.0000000 0.0000000
 ik=         117
 2.0000000 2.0000000 2.0000000 2.0000000 0.0000000 0.0000000 0.0000000 0.0000000 0.0000000 0.0000000
 0.0000000 0.0000000 0.0000000 0.0000000 0.0000000 0.0000000 0.0000000 0.0000000 0.0000000 0.0000000
 ik=         118
 2.0000000 2.0000000 2.0000000 2.0000000 0.0000000 0.0000000 0.0000000 0.0000000 0.0000000 0.0000000
 0.0000000 0.0000000 0.0000000 0.0000000 0.0000000 0.0000000 0.0000000 0.0000000 0.0000000 0.0000000
 ik=         119
 2.0000000 2.0000000 2.0000000 2.0000000 0.0000000 0.0000000 0.0000000 0.0000000 0.0000000 0.0000000
 0.0000000 0.0000000 0.0000000 0.0000000 0.0000000 0.0000000 0.0000000 0.0000000 0.0000000 0.0000000
 ik=         120
 2.0000000 2.0000000 2.0000000 2.0000000 0.0000000 0.0000000 0.0000000 0.0000000 0.0000000 0.0000000
 0.0000000 0.0000000 0.0000000 0.0000000 0.0000000 0.0000000 0.0000000 0.0000000 0.0000000 0.0000000
 ik=         121
 2.0000000 2.0000000 2.0000000 2.0000000 0.0000000 0.0000000 0.0000000 0.0000000 0.0000000 0.0000000
 0.0000000 0.0000000 0.0000000 0.0000000 0.0000000 0.0000000 0.0000000 0.0000000 0.0000000 0.0000000
 io sono omax =          599
 alpha =    5.0000000745058060E-002
 halfalpha =    2.5000000372529030E-002
 const =    1015.0317410865288     
 sono qui 6
   0.0000000000000000        0.0000000000000000     
 igwx, npw        5683        3360
 Costruisco le psi ed il matrixelements
 Controllo: I punti k ora devo essere in coordinate cartesiane!
   0.023810  0.041239 -0.055556
   0.023810  0.096225 -0.055556
   0.023810  0.151211 -0.055556
   0.023810  0.206197 -0.055556
   0.023810  0.261182 -0.055556
   0.023810  0.316168 -0.055556
   0.023810  0.371154 -0.055556
   0.023810  0.426139 -0.055556
   0.023810  0.481125 -0.055556
   0.023810  0.536111 -0.055556
   0.023810 -0.563604 -0.055556
   0.023810 -0.508618 -0.055556
   0.023810 -0.453632 -0.055556
   0.023810 -0.398647 -0.055556
   0.023810 -0.343661 -0.055556
   0.023810 -0.288675 -0.055556
   0.023810 -0.233689 -0.055556
   0.023810 -0.178704 -0.055556
   0.023810 -0.123718 -0.055556
   0.023810 -0.068732 -0.055556
   0.023810 -0.013746 -0.055556
   0.071429  0.123718 -0.055556
   0.071429  0.178704 -0.055556
   0.071429  0.233689 -0.055556
   0.071429  0.288675 -0.055556
   0.071429  0.343661 -0.055556
   0.071429  0.398647 -0.055556
   0.071429  0.453632 -0.055556
   0.071429  0.508618 -0.055556
   0.071429  0.563604 -0.055556
   0.071429 -0.536111 -0.055556
   0.071429 -0.481125 -0.055556
   0.071429 -0.426139 -0.055556
   0.071429 -0.371154 -0.055556
   0.071429 -0.316168 -0.055556
   0.071429 -0.261182 -0.055556
   0.071429 -0.206197 -0.055556
   0.071429 -0.151211 -0.055556
   0.071429 -0.096225 -0.055556
   0.071429 -0.041239 -0.055556
   0.119048  0.206197 -0.055556
   0.119048  0.261182 -0.055556
   0.119048  0.316168 -0.055556
   0.119048  0.371154 -0.055556
   0.119048  0.426139 -0.055556
   0.119048  0.481125 -0.055556
   0.119048  0.536111 -0.055556
   0.119048  0.591097 -0.055556
   0.119048 -0.508618 -0.055556
   0.119048 -0.453632 -0.055556
   0.119048 -0.398647 -0.055556
   0.119048 -0.343661 -0.055556
   0.119048 -0.288675 -0.055556
   0.119048 -0.233689 -0.055556
   0.119048 -0.178704 -0.055556
   0.119048 -0.123718 -0.055556
   0.119048 -0.068732 -0.055556
   0.166667  0.288675 -0.055556
   0.166667  0.343661 -0.055556
   0.166667  0.398647 -0.055556
   0.166667  0.453632 -0.055556
   0.166667  0.508618 -0.055556
   0.166667  0.563604 -0.055556
   0.166667  0.618590 -0.055556
   0.166667 -0.481125 -0.055556
   0.166667 -0.426139 -0.055556
   0.166667 -0.371154 -0.055556
   0.166667 -0.316168 -0.055556
   0.166667 -0.261182 -0.055556
   0.166667 -0.206197 -0.055556
   0.166667 -0.151211 -0.055556
   0.166667 -0.096225 -0.055556
   0.214286  0.371154 -0.055556
   0.214286  0.426139 -0.055556
   0.214286  0.481125 -0.055556
   0.214286  0.536111 -0.055556
   0.214286  0.591097 -0.055556
   0.214286  0.646082 -0.055556
   0.214286 -0.453632 -0.055556
   0.214286 -0.398647 -0.055556
   0.214286 -0.343661 -0.055556
   0.214286 -0.288675 -0.055556
   0.214286 -0.233689 -0.055556
   0.214286 -0.178704 -0.055556
   0.214286 -0.123718 -0.055556
   0.261905  0.453632 -0.055556
   0.261905  0.508618 -0.055556
   0.261905  0.563604 -0.055556
   0.261905  0.618590 -0.055556
   0.261905  0.673575 -0.055556
   0.261905 -0.426139 -0.055556
   0.261905 -0.371154 -0.055556
   0.261905 -0.316168 -0.055556
   0.261905 -0.261182 -0.055556
   0.261905 -0.206197 -0.055556
   0.261905 -0.151211 -0.055556
   0.309524  0.536111 -0.055556
   0.309524  0.591097 -0.055556
   0.309524  0.646082 -0.055556
   0.309524  0.701068 -0.055556
   0.309524 -0.398647 -0.055556
   0.309524 -0.343661 -0.055556
   0.309524 -0.288675 -0.055556
   0.309524 -0.233689 -0.055556
   0.309524 -0.178704 -0.055556
   0.357143  0.618590 -0.055556
   0.357143  0.673575 -0.055556
   0.357143  0.728561 -0.055556
   0.357143 -0.371154 -0.055556
   0.357143 -0.316168 -0.055556
   0.357143 -0.261182 -0.055556
   0.357143 -0.206197 -0.055556
   0.404762  0.701068 -0.055556
   0.404762  0.756054 -0.055556
   0.404762 -0.343661 -0.055556
   0.404762 -0.288675 -0.055556
   0.404762 -0.233689 -0.055556
   0.452381  0.783547 -0.055556
   0.452381 -0.316168 -0.055556
   0.452381 -0.261182 -0.055556
  -0.500000 -0.866025 -0.055556
  out from k-points loop
  Starting writing epsx,y,z,tot
   0.0000000000000000     
   0.0000000000000000     
   2.4162854016236905E-014   0.0000000000000000     
  Hey bello sto a fini

     PW2GW        :      0.53s CPU      1.56s WALL


   This run was terminated on:  17:56: 0   3May2021            

=------------------------------------------------------------------------------=
   JOB DONE.
=------------------------------------------------------------------------------=
